Using pre-set license
Built from '2022.3/staging' branch; Version is '2022.3.10f1 (ff3792e53c62) revision 16725906'; Using compiler version '192829333'; Build Type 'Release'
OS: 'Windows 11  (10.0.22631) 64bit Professional' Language: 'ru' Physical Memory: 15773 MB
BatchMode: 1, IsHumanControllingUs: 0, StartBugReporterOnCrash: 0, Is64bit: 1, IsPro: 1

COMMAND LINE ARGUMENTS:
C:\Program Files\Unity\Hub\Editor\2022.3.10f1\Editor\Unity.exe
-adb2
-batchMode
-noUpm
-name
AssetImportWorker2
-projectPath
C:/Users/yuuuk/Downloads/Middle-Earth-Fantasy-- (1)/Middle-Earth-Fantasy--
-logFile
Logs/AssetImportWorker2.log
-srvPort
58791
Successfully changed project path to: C:/Users/yuuuk/Downloads/Middle-Earth-Fantasy-- (1)/Middle-Earth-Fantasy--
C:/Users/yuuuk/Downloads/Middle-Earth-Fantasy-- (1)/Middle-Earth-Fantasy--
[UnityMemory] Configuration Parameters - Can be set up in boot.config
    "memorysetup-bucket-allocator-granularity=16"
    "memorysetup-bucket-allocator-bucket-count=8"
    "memorysetup-bucket-allocator-block-size=33554432"
    "memorysetup-bucket-allocator-block-count=8"
    "memorysetup-main-allocator-block-size=16777216"
    "memorysetup-thread-allocator-block-size=16777216"
    "memorysetup-gfx-main-allocator-block-size=16777216"
    "memorysetup-gfx-thread-allocator-block-size=16777216"
    "memorysetup-cache-allocator-block-size=4194304"
    "memorysetup-typetree-allocator-block-size=2097152"
    "memorysetup-profiler-bucket-allocator-granularity=16"
    "memorysetup-profiler-bucket-allocator-bucket-count=8"
    "memorysetup-profiler-bucket-allocator-block-size=33554432"
    "memorysetup-profiler-bucket-allocator-block-count=8"
    "memorysetup-profiler-allocator-block-size=16777216"
    "memorysetup-profiler-editor-allocator-block-size=1048576"
    "memorysetup-temp-allocator-size-main=16777216"
    "memorysetup-job-temp-allocator-block-size=2097152"
    "memorysetup-job-temp-allocator-block-size-background=1048576"
    "memorysetup-job-temp-allocator-reduction-small-platforms=262144"
    "memorysetup-allocator-temp-initial-block-size-main=262144"
    "memorysetup-allocator-temp-initial-block-size-worker=262144"
    "memorysetup-temp-allocator-size-background-worker=32768"
    "memorysetup-temp-allocator-size-job-worker=262144"
    "memorysetup-temp-allocator-size-preload-manager=33554432"
    "memorysetup-temp-allocator-size-nav-mesh-worker=65536"
    "memorysetup-temp-allocator-size-audio-worker=65536"
    "memorysetup-temp-allocator-size-cloud-worker=32768"
    "memorysetup-temp-allocator-size-gi-baking-worker=262144"
    "memorysetup-temp-allocator-size-gfx=262144"
Player connection [25460] Host "[IP] 192.168.0.103 [Port] 0 [Flags] 2 [Guid] 2253582368 [EditorId] 2253582368 [Version] 1048832 [Id] WindowsEditor(7,Zasosos) [Debug] 1 [PackageName] WindowsEditor [ProjectName] Editor" joined multi-casting on [225.0.0.222:54997]...

Player connection [25460] Host "[IP] 192.168.0.103 [Port] 0 [Flags] 2 [Guid] 2253582368 [EditorId] 2253582368 [Version] 1048832 [Id] WindowsEditor(7,Zasosos) [Debug] 1 [PackageName] WindowsEditor [ProjectName] Editor" joined alternative multi-casting on [225.0.0.222:34997]...

[Physics::Module] Initialized MultithreadedJobDispatcher with 15 workers.
Refreshing native plugins compatible for Editor in 636.88 ms, found 4 plugins.
Preloading 0 native plugins for Editor in 0.00 ms.
Initialize engine version: 2022.3.10f1 (ff3792e53c62)
[Subsystems] Discovering subsystems at path C:/Program Files/Unity/Hub/Editor/2022.3.10f1/Editor/Data/Resources/UnitySubsystems
[Subsystems] Discovering subsystems at path C:/Users/yuuuk/Downloads/Middle-Earth-Fantasy-- (1)/Middle-Earth-Fantasy--/Assets
GfxDevice: creating device client; threaded=0; jobified=0
Direct3D:
    Version:  Direct3D 11.0 [level 11.1]
    Renderer: NVIDIA GeForce RTX 3060 Laptop GPU (ID=0x2520)
    Vendor:   NVIDIA
    VRAM:     6009 MB
    Driver:   31.0.15.3168
Initialize mono
Mono path[0] = 'C:/Program Files/Unity/Hub/Editor/2022.3.10f1/Editor/Data/Managed'
Mono path[1] = 'C:/Program Files/Unity/Hub/Editor/2022.3.10f1/Editor/Data/MonoBleedingEdge/lib/mono/unityjit-win32'
Mono config path = 'C:/Program Files/Unity/Hub/Editor/2022.3.10f1/Editor/Data/MonoBleedingEdge/etc'
Using monoOptions --debugger-agent=transport=dt_socket,embedding=1,server=y,suspend=n,address=127.0.0.1:56152
Begin MonoManager ReloadAssembly
Registering precompiled unity dll's ...
Register platform support module: C:/Program Files/Unity/Hub/Editor/2022.3.10f1/Editor/Data/PlaybackEngines/WebGLSupport/UnityEditor.WebGL.Extensions.dll
Register platform support module: C:/Program Files/Unity/Hub/Editor/2022.3.10f1/Editor/Data/PlaybackEngines/WindowsStandaloneSupport/UnityEditor.WindowsStandalone.Extensions.dll
Registered in 0.012654 seconds.
- Loaded All Assemblies, in  0.844 seconds
Native extension for WindowsStandalone target not found
Native extension for WebGL target not found
Mono: successfully reloaded assembly
- Finished resetting the current domain, in  0.284 seconds
Domain Reload Profiling: 1127ms
	BeginReloadAssembly (498ms)
		ExecutionOrderSort (0ms)
		DisableScriptedObjects (0ms)
		BackupInstance (0ms)
		ReleaseScriptingObjects (0ms)
		CreateAndSetChildDomain (1ms)
	RebuildCommonClasses (59ms)
	RebuildNativeTypeToScriptingClass (9ms)
	initialDomainReloadingComplete (72ms)
	LoadAllAssembliesAndSetupDomain (204ms)
		LoadAssemblies (493ms)
		RebuildTransferFunctionScriptingTraits (0ms)
		AnalyzeDomain (201ms)
			TypeCache.Refresh (199ms)
				TypeCache.ScanAssembly (180ms)
			ScanForSourceGeneratedMonoScriptInfo (1ms)
			ResolveRequiredComponents (1ms)
	FinalizeReload (285ms)
		ReleaseScriptCaches (0ms)
		RebuildScriptCaches (0ms)
		SetupLoadedEditorAssemblies (224ms)
			LogAssemblyErrors (0ms)
			InitializePlatformSupportModulesInManaged (9ms)
			SetLoadedEditorAssemblies (5ms)
			RefreshPlugins (0ms)
			BeforeProcessingInitializeOnLoad (3ms)
			ProcessInitializeOnLoadAttributes (152ms)
			ProcessInitializeOnLoadMethodAttributes (55ms)
			AfterProcessingInitializeOnLoad (0ms)
			EditorAssembliesLoaded (0ms)
		ExecutionOrderSort2 (0ms)
		AwakeInstancesAfterBackupRestoration (0ms)
========================================================================
Worker process is ready to serve import requests
Begin MonoManager ReloadAssembly
- Loaded All Assemblies, in  2.136 seconds
Refreshing native plugins compatible for Editor in 3.95 ms, found 4 plugins.
Native extension for WindowsStandalone target not found
Native extension for WebGL target not found
Package Manager log level set to [2]
[Package Manager] Server::EnsureServerProcessIsRunning -- launch failed, reason: Unity was launched with the -noUpm command-line argument
[Package Manager] UpmClient::Send -- Unable to send message (not connected to UPM process).
[Package Manager] Cannot connect to Unity Package Manager local server
Mono: successfully reloaded assembly
- Finished resetting the current domain, in  0.758 seconds
Domain Reload Profiling: 2888ms
	BeginReloadAssembly (195ms)
		ExecutionOrderSort (0ms)
		DisableScriptedObjects (6ms)
		BackupInstance (0ms)
		ReleaseScriptingObjects (0ms)
		CreateAndSetChildDomain (30ms)
	RebuildCommonClasses (41ms)
	RebuildNativeTypeToScriptingClass (10ms)
	initialDomainReloadingComplete (57ms)
	LoadAllAssembliesAndSetupDomain (1828ms)
		LoadAssemblies (1767ms)
		RebuildTransferFunctionScriptingTraits (0ms)
		AnalyzeDomain (183ms)
			TypeCache.Refresh (152ms)
				TypeCache.ScanAssembly (127ms)
			ScanForSourceGeneratedMonoScriptInfo (24ms)
			ResolveRequiredComponents (6ms)
	FinalizeReload (758ms)
		ReleaseScriptCaches (0ms)
		RebuildScriptCaches (0ms)
		SetupLoadedEditorAssemblies (583ms)
			LogAssemblyErrors (0ms)
			InitializePlatformSupportModulesInManaged (7ms)
			SetLoadedEditorAssemblies (6ms)
			RefreshPlugins (0ms)
			BeforeProcessingInitializeOnLoad (77ms)
			ProcessInitializeOnLoadAttributes (452ms)
			ProcessInitializeOnLoadMethodAttributes (36ms)
			AfterProcessingInitializeOnLoad (5ms)
			EditorAssembliesLoaded (0ms)
		ExecutionOrderSort2 (0ms)
		AwakeInstancesAfterBackupRestoration (6ms)
database is locked
Failed to delete database file Library/ShaderCache.db
Launched and connected shader compiler UnityShaderCompiler.exe after 0.05 seconds
Refreshing native plugins compatible for Editor in 5.21 ms, found 4 plugins.
Preloading 0 native plugins for Editor in 0.00 ms.
Unloading 4628 Unused Serialized files (Serialized files now loaded: 0)
Unloading 70 unused Assets / (35.2 KB). Loaded Objects now: 5096.
Memory consumption went from 156.0 MB to 156.0 MB.
Total: 5.579400 ms (FindLiveObjects: 0.530900 ms CreateObjectMapping: 0.547500 ms MarkObjects: 4.335100 ms  DeleteObjects: 0.164300 ms)

AssetImportParameters requested are different than current active one (requested -> active):
  custom:container-demuxer-ogg: 62fdf1f143b41e24485cea50d1cbac27 -> 
  custom:video-decoder-ogg-theora: a1e56fd34408186e4bbccfd4996cb3dc -> 
  custom:framework-win-MediaFoundation: 216162199b28c13a410421893ffa2e32 -> 
  custom:CustomObjectIndexerAttribute: 756ad292c208cfabdd7b50bc23989ffe -> 
  custom:container-demuxer-webm: 4f35f7cbe854078d1ac9338744f61a02 -> 
  custom:container-muxer-webm: aa71ff27fc2769a1b78a27578f13a17b -> 
  custom:video-decoder-webm-vp8: 9c59270c3fd7afecdb556c50c9e8de78 -> 
  custom:SearchIndexIgnoredProperties: e643bd26f0fe6173181afceb89e7c659 -> 
  custom:AudioImporter_EditorPlatform: d09bf68614088b80899f8185d706f6e7 -> 
  custom:video-encoder-webm-vp8: eb34c28f22e8b96e1ab97ce403110664 -> 
  custom:audio-decoder-ogg-vorbis: bf7c407c2cedff20999df2af8eb42d56 -> 
  custom:audio-encoder-webm-vorbis: bf7c407c2cedff20999df2af8eb42d56 -> 
========================================================================
Received Import Request.
  Time since last request: 54094.680323 seconds.
  path: Assets/РџРµСЂСЃРѕРЅР°Р¶/IsometricElfFreeVer/images/elf_bow.png
  artifactKey: Guid(6139bd6e556fb31428087f607da41c24) Importer(815301076,1909f56bfc062723c751e8b465ee728b)
Start importing Assets/РџРµСЂСЃРѕРЅР°Р¶/IsometricElfFreeVer/images/elf_bow.png using Guid(6139bd6e556fb31428087f607da41c24) Importer(815301076,1909f56bfc062723c751e8b465ee728b)  -> (artifact id: 'fe6f4c8228a77d603b1848e311cabf5b') in 0.135125 seconds
Number of updated asset objects reloaded before import = 0
Number of asset objects unloaded after import = 18
========================================================================
Received Import Request.
  Time since last request: 0.000031 seconds.
  path: Assets/РџРµСЂСЃРѕРЅР°Р¶/IsometricElfFreeVer/images/64_Fild.asset
  artifactKey: Guid(03574376d73718748b3bc0ba80c47e8e) Importer(815301076,1909f56bfc062723c751e8b465ee728b)
Start importing Assets/РџРµСЂСЃРѕРЅР°Р¶/IsometricElfFreeVer/images/64_Fild.asset using Guid(03574376d73718748b3bc0ba80c47e8e) Importer(815301076,1909f56bfc062723c751e8b465ee728b)  -> (artifact id: '7dbb1e039365592f26fae8d67ccb89d6') in 0.014440 seconds
Number of updated asset objects reloaded before import = 0
Number of asset objects unloaded after import = 3
========================================================================
Received Import Request.
  Time since last request: 0.000031 seconds.
  path: Assets/РџРµСЂСЃРѕРЅР°Р¶/IsometricElfFreeVer/images/elf_slash.png
  artifactKey: Guid(31a16fa082abff24dafaf10e384a1573) Importer(815301076,1909f56bfc062723c751e8b465ee728b)
Start importing Assets/РџРµСЂСЃРѕРЅР°Р¶/IsometricElfFreeVer/images/elf_slash.png using Guid(31a16fa082abff24dafaf10e384a1573) Importer(815301076,1909f56bfc062723c751e8b465ee728b)  -> (artifact id: 'e1dbae697079741f64b9e8ea828ca5a0') in 0.060182 seconds
Number of updated asset objects reloaded before import = 0
Number of asset objects unloaded after import = 22
========================================================================
Received Import Request.
  Time since last request: 5.583924 seconds.
  path: Assets/UI
  artifactKey: Guid(e278e9ebfb5bf2540a4b6446937f8f7c) Importer(815301076,1909f56bfc062723c751e8b465ee728b)
Start importing Assets/UI using Guid(e278e9ebfb5bf2540a4b6446937f8f7c) Importer(815301076,1909f56bfc062723c751e8b465ee728b)  -> (artifact id: 'bf19be61c08c8dad8c2a814a14d6ea1d') in 0.002686 seconds
Number of updated asset objects reloaded before import = 0
Number of asset objects unloaded after import = 0
========================================================================
Received Import Request.
  Time since last request: 77.125688 seconds.
  path: Assets/UI/UI.png
  artifactKey: Guid(48714eb7aaa6dc34cae383dde16fc890) Importer(815301076,1909f56bfc062723c751e8b465ee728b)
Start importing Assets/UI/UI.png using Guid(48714eb7aaa6dc34cae383dde16fc890) Importer(815301076,1909f56bfc062723c751e8b465ee728b)  -> (artifact id: '3232857942840fde4699914b5181dd9f') in 0.038780 seconds
Number of updated asset objects reloaded before import = 0
Number of asset objects unloaded after import = 3
========================================================================
Received Import Request.
  Time since last request: 4.622948 seconds.
  path: Assets/UI/Target
  artifactKey: Guid(2d21d433dd2e2cb4c9d2504ae1641704) Importer(815301076,1909f56bfc062723c751e8b465ee728b)
Start importing Assets/UI/Target using Guid(2d21d433dd2e2cb4c9d2504ae1641704) Importer(815301076,1909f56bfc062723c751e8b465ee728b)  -> (artifact id: '8133787bd6e54245b7236e7fb14f61a2') in 0.000489 seconds
Number of updated asset objects reloaded before import = 0
Number of asset objects unloaded after import = 0
========================================================================
Received Import Request.
  Time since last request: 0.097078 seconds.
  path: Assets/UI/Target/Target (1).png
  artifactKey: Guid(31eb1e96ad40cca499cc0be10dd23947) Importer(815301076,1909f56bfc062723c751e8b465ee728b)
Start importing Assets/UI/Target/Target (1).png using Guid(31eb1e96ad40cca499cc0be10dd23947) Importer(815301076,1909f56bfc062723c751e8b465ee728b)  -> (artifact id: '8cba222164da83ed37172ee31b9d3287') in 0.014172 seconds
Number of updated asset objects reloaded before import = 0
Number of asset objects unloaded after import = 3
========================================================================
Received Import Request.
  Time since last request: 0.005782 seconds.
  path: Assets/UI/Target/Target (5).png
  artifactKey: Guid(2b21777d3004a644e860693943b729e2) Importer(815301076,1909f56bfc062723c751e8b465ee728b)
Start importing Assets/UI/Target/Target (5).png using Guid(2b21777d3004a644e860693943b729e2) Importer(815301076,1909f56bfc062723c751e8b465ee728b)  -> (artifact id: 'fe041a5a1b27c21dd09352fac28c11f8') in 0.019478 seconds
Number of updated asset objects reloaded before import = 0
Number of asset objects unloaded after import = 3
========================================================================
Received Import Request.
  Time since last request: 0.000018 seconds.
  path: Assets/UI/Target/Target (11).png
  artifactKey: Guid(2602acb680a3db546bd1b8b11c3736e2) Importer(815301076,1909f56bfc062723c751e8b465ee728b)
Start importing Assets/UI/Target/Target (11).png using Guid(2602acb680a3db546bd1b8b11c3736e2) Importer(815301076,1909f56bfc062723c751e8b465ee728b)  -> (artifact id: 'c6904474fd774922f6e895ec41d9196d') in 0.015509 seconds
Number of updated asset objects reloaded before import = 0
Number of asset objects unloaded after import = 3
========================================================================
Received Import Request.
  Time since last request: 0.000019 seconds.
  path: Assets/UI/Target/Target (9).png
  artifactKey: Guid(38396135458ca574bbcbc13dbe240621) Importer(815301076,1909f56bfc062723c751e8b465ee728b)
Start importing Assets/UI/Target/Target (9).png using Guid(38396135458ca574bbcbc13dbe240621) Importer(815301076,1909f56bfc062723c751e8b465ee728b)  -> (artifact id: '446804d5d67819249680f1fa19f0c0f3') in 0.019974 seconds
Number of updated asset objects reloaded before import = 0
Number of asset objects unloaded after import = 3
========================================================================
Received Import Request.
  Time since last request: 0.000030 seconds.
  path: Assets/UI/Target/Target (6).png
  artifactKey: Guid(03dd4c689d3de754b8628678af66d129) Importer(815301076,1909f56bfc062723c751e8b465ee728b)
Start importing Assets/UI/Target/Target (6).png using Guid(03dd4c689d3de754b8628678af66d129) Importer(815301076,1909f56bfc062723c751e8b465ee728b)  -> (artifact id: '740552ec4ce556a612198b35be7f9617') in 0.014601 seconds
Number of updated asset objects reloaded before import = 0
Number of asset objects unloaded after import = 3
========================================================================
Received Import Request.
  Time since last request: 0.000019 seconds.
  path: Assets/UI/Target/Target (7).png
  artifactKey: Guid(ef416dd1973f9074c986446952117bfe) Importer(815301076,1909f56bfc062723c751e8b465ee728b)
Start importing Assets/UI/Target/Target (7).png using Guid(ef416dd1973f9074c986446952117bfe) Importer(815301076,1909f56bfc062723c751e8b465ee728b)  -> (artifact id: 'bfbb710ed4170d3ead8626f5871fec33') in 0.018931 seconds
Number of updated asset objects reloaded before import = 0
Number of asset objects unloaded after import = 3
Editor requested this worker to shutdown with reason: Scaling down because of idle timeout
TcpMessagingSession - receive error: operation aborted. errorcode: 995, details: Операция ввода/вывода была прервана из-за завершения потока команд или по запросу приложения.
AssetImportWorker is now disconnected from the server
Process exiting
Exiting without the bug reporter. Application will terminate with return code 0