Using pre-set license
Built from '2022.3/staging' branch; Version is '2022.3.10f1 (ff3792e53c62) revision 16725906'; Using compiler version '192829333'; Build Type 'Release'
OS: 'Windows 11  (10.0.22631) 64bit Professional' Language: 'ru' Physical Memory: 15773 MB
BatchMode: 1, IsHumanControllingUs: 0, StartBugReporterOnCrash: 0, Is64bit: 1, IsPro: 1

COMMAND LINE ARGUMENTS:
C:\Program Files\Unity\Hub\Editor\2022.3.10f1\Editor\Unity.exe
-adb2
-batchMode
-noUpm
-name
AssetImportWorker7
-projectPath
C:/Users/yuuuk/Downloads/Middle-Earth-Fantasy-- (1)/Middle-Earth-Fantasy--
-logFile
Logs/AssetImportWorker7.log
-srvPort
58791
Successfully changed project path to: C:/Users/yuuuk/Downloads/Middle-Earth-Fantasy-- (1)/Middle-Earth-Fantasy--
C:/Users/yuuuk/Downloads/Middle-Earth-Fantasy-- (1)/Middle-Earth-Fantasy--
[UnityMemory] Configuration Parameters - Can be set up in boot.config
    "memorysetup-bucket-allocator-granularity=16"
    "memorysetup-bucket-allocator-bucket-count=8"
    "memorysetup-bucket-allocator-block-size=33554432"
    "memorysetup-bucket-allocator-block-count=8"
    "memorysetup-main-allocator-block-size=16777216"
    "memorysetup-thread-allocator-block-size=16777216"
    "memorysetup-gfx-main-allocator-block-size=16777216"
    "memorysetup-gfx-thread-allocator-block-size=16777216"
    "memorysetup-cache-allocator-block-size=4194304"
    "memorysetup-typetree-allocator-block-size=2097152"
    "memorysetup-profiler-bucket-allocator-granularity=16"
    "memorysetup-profiler-bucket-allocator-bucket-count=8"
    "memorysetup-profiler-bucket-allocator-block-size=33554432"
    "memorysetup-profiler-bucket-allocator-block-count=8"
    "memorysetup-profiler-allocator-block-size=16777216"
    "memorysetup-profiler-editor-allocator-block-size=1048576"
    "memorysetup-temp-allocator-size-main=16777216"
    "memorysetup-job-temp-allocator-block-size=2097152"
    "memorysetup-job-temp-allocator-block-size-background=1048576"
    "memorysetup-job-temp-allocator-reduction-small-platforms=262144"
    "memorysetup-allocator-temp-initial-block-size-main=262144"
    "memorysetup-allocator-temp-initial-block-size-worker=262144"
    "memorysetup-temp-allocator-size-background-worker=32768"
    "memorysetup-temp-allocator-size-job-worker=262144"
    "memorysetup-temp-allocator-size-preload-manager=33554432"
    "memorysetup-temp-allocator-size-nav-mesh-worker=65536"
    "memorysetup-temp-allocator-size-audio-worker=65536"
    "memorysetup-temp-allocator-size-cloud-worker=32768"
    "memorysetup-temp-allocator-size-gi-baking-worker=262144"
    "memorysetup-temp-allocator-size-gfx=262144"
Player connection [16584] Host "[IP] 192.168.0.103 [Port] 0 [Flags] 2 [Guid] 3152746846 [EditorId] 3152746846 [Version] 1048832 [Id] WindowsEditor(7,Zasosos) [Debug] 1 [PackageName] WindowsEditor [ProjectName] Editor" joined multi-casting on [225.0.0.222:54997]...

Player connection [16584] Host "[IP] 192.168.0.103 [Port] 0 [Flags] 2 [Guid] 3152746846 [EditorId] 3152746846 [Version] 1048832 [Id] WindowsEditor(7,Zasosos) [Debug] 1 [PackageName] WindowsEditor [ProjectName] Editor" joined alternative multi-casting on [225.0.0.222:34997]...

[Physics::Module] Initialized MultithreadedJobDispatcher with 15 workers.
Refreshing native plugins compatible for Editor in 642.45 ms, found 4 plugins.
Preloading 0 native plugins for Editor in 0.00 ms.
Initialize engine version: 2022.3.10f1 (ff3792e53c62)
[Subsystems] Discovering subsystems at path C:/Program Files/Unity/Hub/Editor/2022.3.10f1/Editor/Data/Resources/UnitySubsystems
[Subsystems] Discovering subsystems at path C:/Users/yuuuk/Downloads/Middle-Earth-Fantasy-- (1)/Middle-Earth-Fantasy--/Assets
GfxDevice: creating device client; threaded=0; jobified=0
Direct3D:
    Version:  Direct3D 11.0 [level 11.1]
    Renderer: NVIDIA GeForce RTX 3060 Laptop GPU (ID=0x2520)
    Vendor:   NVIDIA
    VRAM:     6009 MB
    Driver:   31.0.15.3168
Initialize mono
Mono path[0] = 'C:/Program Files/Unity/Hub/Editor/2022.3.10f1/Editor/Data/Managed'
Mono path[1] = 'C:/Program Files/Unity/Hub/Editor/2022.3.10f1/Editor/Data/MonoBleedingEdge/lib/mono/unityjit-win32'
Mono config path = 'C:/Program Files/Unity/Hub/Editor/2022.3.10f1/Editor/Data/MonoBleedingEdge/etc'
Using monoOptions --debugger-agent=transport=dt_socket,embedding=1,server=y,suspend=n,address=127.0.0.1:56832
Begin MonoManager ReloadAssembly
Registering precompiled unity dll's ...
Register platform support module: C:/Program Files/Unity/Hub/Editor/2022.3.10f1/Editor/Data/PlaybackEngines/WebGLSupport/UnityEditor.WebGL.Extensions.dll
Register platform support module: C:/Program Files/Unity/Hub/Editor/2022.3.10f1/Editor/Data/PlaybackEngines/WindowsStandaloneSupport/UnityEditor.WindowsStandalone.Extensions.dll
Registered in 0.008803 seconds.
- Loaded All Assemblies, in  0.369 seconds
Native extension for WindowsStandalone target not found
Native extension for WebGL target not found
Mono: successfully reloaded assembly
- Finished resetting the current domain, in  0.227 seconds
Domain Reload Profiling: 594ms
	BeginReloadAssembly (148ms)
		ExecutionOrderSort (0ms)
		DisableScriptedObjects (0ms)
		BackupInstance (0ms)
		ReleaseScriptingObjects (0ms)
		CreateAndSetChildDomain (1ms)
	RebuildCommonClasses (33ms)
	RebuildNativeTypeToScriptingClass (9ms)
	initialDomainReloadingComplete (56ms)
	LoadAllAssembliesAndSetupDomain (121ms)
		LoadAssemblies (147ms)
		RebuildTransferFunctionScriptingTraits (0ms)
		AnalyzeDomain (120ms)
			TypeCache.Refresh (118ms)
				TypeCache.ScanAssembly (108ms)
			ScanForSourceGeneratedMonoScriptInfo (0ms)
			ResolveRequiredComponents (0ms)
	FinalizeReload (227ms)
		ReleaseScriptCaches (0ms)
		RebuildScriptCaches (0ms)
		SetupLoadedEditorAssemblies (175ms)
			LogAssemblyErrors (0ms)
			InitializePlatformSupportModulesInManaged (9ms)
			SetLoadedEditorAssemblies (5ms)
			RefreshPlugins (0ms)
			BeforeProcessingInitializeOnLoad (2ms)
			ProcessInitializeOnLoadAttributes (114ms)
			ProcessInitializeOnLoadMethodAttributes (45ms)
			AfterProcessingInitializeOnLoad (0ms)
			EditorAssembliesLoaded (0ms)
		ExecutionOrderSort2 (0ms)
		AwakeInstancesAfterBackupRestoration (0ms)
========================================================================
Worker process is ready to serve import requests
Begin MonoManager ReloadAssembly
- Loaded All Assemblies, in  1.727 seconds
Refreshing native plugins compatible for Editor in 4.09 ms, found 4 plugins.
Native extension for WindowsStandalone target not found
Native extension for WebGL target not found
Package Manager log level set to [2]
[Package Manager] Server::EnsureServerProcessIsRunning -- launch failed, reason: Unity was launched with the -noUpm command-line argument
[Package Manager] UpmClient::Send -- Unable to send message (not connected to UPM process).
[Package Manager] Cannot connect to Unity Package Manager local server
Mono: successfully reloaded assembly
- Finished resetting the current domain, in  0.607 seconds
Domain Reload Profiling: 2331ms
	BeginReloadAssembly (133ms)
		ExecutionOrderSort (0ms)
		DisableScriptedObjects (5ms)
		BackupInstance (0ms)
		ReleaseScriptingObjects (0ms)
		CreateAndSetChildDomain (20ms)
	RebuildCommonClasses (27ms)
	RebuildNativeTypeToScriptingClass (8ms)
	initialDomainReloadingComplete (39ms)
	LoadAllAssembliesAndSetupDomain (1516ms)
		LoadAssemblies (1423ms)
		RebuildTransferFunctionScriptingTraits (0ms)
		AnalyzeDomain (171ms)
			TypeCache.Refresh (144ms)
				TypeCache.ScanAssembly (128ms)
			ScanForSourceGeneratedMonoScriptInfo (21ms)
			ResolveRequiredComponents (5ms)
	FinalizeReload (607ms)
		ReleaseScriptCaches (0ms)
		RebuildScriptCaches (0ms)
		SetupLoadedEditorAssemblies (457ms)
			LogAssemblyErrors (0ms)
			InitializePlatformSupportModulesInManaged (6ms)
			SetLoadedEditorAssemblies (4ms)
			RefreshPlugins (0ms)
			BeforeProcessingInitializeOnLoad (73ms)
			ProcessInitializeOnLoadAttributes (332ms)
			ProcessInitializeOnLoadMethodAttributes (35ms)
			AfterProcessingInitializeOnLoad (6ms)
			EditorAssembliesLoaded (0ms)
		ExecutionOrderSort2 (0ms)
		AwakeInstancesAfterBackupRestoration (7ms)
Launched and connected shader compiler UnityShaderCompiler.exe after 0.06 seconds
Refreshing native plugins compatible for Editor in 4.76 ms, found 4 plugins.
Preloading 0 native plugins for Editor in 0.00 ms.
Unloading 4628 Unused Serialized files (Serialized files now loaded: 0)
Unloading 70 unused Assets / (35.2 KB). Loaded Objects now: 5096.
Memory consumption went from 155.8 MB to 155.8 MB.
Total: 4.375200 ms (FindLiveObjects: 0.394500 ms CreateObjectMapping: 0.120800 ms MarkObjects: 3.757600 ms  DeleteObjects: 0.101200 ms)

AssetImportParameters requested are different than current active one (requested -> active):
  custom:container-demuxer-ogg: 62fdf1f143b41e24485cea50d1cbac27 -> 
  custom:video-decoder-ogg-theora: a1e56fd34408186e4bbccfd4996cb3dc -> 
  custom:framework-win-MediaFoundation: 216162199b28c13a410421893ffa2e32 -> 
  custom:CustomObjectIndexerAttribute: 756ad292c208cfabdd7b50bc23989ffe -> 
  custom:container-demuxer-webm: 4f35f7cbe854078d1ac9338744f61a02 -> 
  custom:container-muxer-webm: aa71ff27fc2769a1b78a27578f13a17b -> 
  custom:video-decoder-webm-vp8: 9c59270c3fd7afecdb556c50c9e8de78 -> 
  custom:SearchIndexIgnoredProperties: e643bd26f0fe6173181afceb89e7c659 -> 
  custom:AudioImporter_EditorPlatform: d09bf68614088b80899f8185d706f6e7 -> 
  custom:video-encoder-webm-vp8: eb34c28f22e8b96e1ab97ce403110664 -> 
  custom:audio-decoder-ogg-vorbis: bf7c407c2cedff20999df2af8eb42d56 -> 
  custom:audio-encoder-webm-vorbis: bf7c407c2cedff20999df2af8eb42d56 -> 
========================================================================
Received Import Request.
  Time since last request: 54464.074824 seconds.
  path: Assets/UI/Stone_cemetery/Crosses_&_gravestones/Gravestones/Gravestone_03.png
  artifactKey: Guid(713051577b968f24780c8118eac4a8b1) Importer(815301076,1909f56bfc062723c751e8b465ee728b)
Start importing Assets/UI/Stone_cemetery/Crosses_&_gravestones/Gravestones/Gravestone_03.png using Guid(713051577b968f24780c8118eac4a8b1) Importer(815301076,1909f56bfc062723c751e8b465ee728b)  -> (artifact id: '8fdbd1c4bf39915021aa126d8781f816') in 0.097287 seconds
Number of updated asset objects reloaded before import = 0
Number of asset objects unloaded after import = 3
========================================================================
Received Import Request.
  Time since last request: 1.596733 seconds.
  path: Assets/UI/Stone_cemetery/Crosses_&_gravestones/Platforms/Platform_04.png
  artifactKey: Guid(4b9ad3fc1b5dca449b71356406b8772c) Importer(815301076,1909f56bfc062723c751e8b465ee728b)
Start importing Assets/UI/Stone_cemetery/Crosses_&_gravestones/Platforms/Platform_04.png using Guid(4b9ad3fc1b5dca449b71356406b8772c) Importer(815301076,1909f56bfc062723c751e8b465ee728b)  -> (artifact id: 'd35a642e3e64d6c69d005f5bc984ca35') in 0.016064 seconds
Number of updated asset objects reloaded before import = 0
Number of asset objects unloaded after import = 3
========================================================================
Received Import Request.
  Time since last request: 8.795966 seconds.
  path: Assets/UI/Asset 1/Cursors/Cursor (4).png
  artifactKey: Guid(7423042aed5416c48b3b017bc323312f) Importer(815301076,1909f56bfc062723c751e8b465ee728b)
Start importing Assets/UI/Asset 1/Cursors/Cursor (4).png using Guid(7423042aed5416c48b3b017bc323312f) Importer(815301076,1909f56bfc062723c751e8b465ee728b)  -> (artifact id: 'ba0ec7fe6ca4784b58eb501cce18bc04') in 0.016651 seconds
Number of updated asset objects reloaded before import = 0
Number of asset objects unloaded after import = 3
========================================================================
Received Import Request.
  Time since last request: 0.000022 seconds.
  path: Assets/UI/Asset 1/Cursors/Cursor (16).png
  artifactKey: Guid(45ac9ad1ddd3eb14399515a5cd351097) Importer(815301076,1909f56bfc062723c751e8b465ee728b)
Start importing Assets/UI/Asset 1/Cursors/Cursor (16).png using Guid(45ac9ad1ddd3eb14399515a5cd351097) Importer(815301076,1909f56bfc062723c751e8b465ee728b)  -> (artifact id: 'b772bc2b1118b602323cb92157e669b1') in 0.019068 seconds
Number of updated asset objects reloaded before import = 0
Number of asset objects unloaded after import = 3
========================================================================
Received Import Request.
  Time since last request: 0.000025 seconds.
  path: Assets/UI/Asset 1/Cursors/Cursor (12).png
  artifactKey: Guid(c281de5b23a00c94ab42a1a87b125280) Importer(815301076,1909f56bfc062723c751e8b465ee728b)
Start importing Assets/UI/Asset 1/Cursors/Cursor (12).png using Guid(c281de5b23a00c94ab42a1a87b125280) Importer(815301076,1909f56bfc062723c751e8b465ee728b)  -> (artifact id: '73fe65be7b6ac10ad248637a4b124997') in 0.019077 seconds
Number of updated asset objects reloaded before import = 0
Number of asset objects unloaded after import = 3
========================================================================
Received Import Request.
  Time since last request: 0.000015 seconds.
  path: Assets/UI/Asset 1/Cursors/Cursor (11).png
  artifactKey: Guid(5a9675b0559d1124e977b0244d63216c) Importer(815301076,1909f56bfc062723c751e8b465ee728b)
Start importing Assets/UI/Asset 1/Cursors/Cursor (11).png using Guid(5a9675b0559d1124e977b0244d63216c) Importer(815301076,1909f56bfc062723c751e8b465ee728b)  -> (artifact id: 'ba6008eb821f837fdb1bb031cd6dc075') in 0.020382 seconds
Number of updated asset objects reloaded before import = 0
Number of asset objects unloaded after import = 3
========================================================================
Received Import Request.
  Time since last request: 4.225809 seconds.
  path: Assets/UI/Asset 1/Dialogue_plates/Plate (4).png
  artifactKey: Guid(3316154b35e7a1d45a5280f8834cf3ec) Importer(815301076,1909f56bfc062723c751e8b465ee728b)
Start importing Assets/UI/Asset 1/Dialogue_plates/Plate (4).png using Guid(3316154b35e7a1d45a5280f8834cf3ec) Importer(815301076,1909f56bfc062723c751e8b465ee728b)  -> (artifact id: '0c59983734adc7b2b79b2f4a27e09f9a') in 0.018346 seconds
Number of updated asset objects reloaded before import = 0
Number of asset objects unloaded after import = 3
========================================================================
Received Import Request.
  Time since last request: 0.000020 seconds.
  path: Assets/UI/Asset 1/Dialogue_plates/Plate (34).png
  artifactKey: Guid(69688a60c99b9a744aa245b8cfea81d3) Importer(815301076,1909f56bfc062723c751e8b465ee728b)
Start importing Assets/UI/Asset 1/Dialogue_plates/Plate (34).png using Guid(69688a60c99b9a744aa245b8cfea81d3) Importer(815301076,1909f56bfc062723c751e8b465ee728b)  -> (artifact id: '3bffb12af0159bca3535b1b1d7e89cc4') in 0.021636 seconds
Number of updated asset objects reloaded before import = 0
Number of asset objects unloaded after import = 3
========================================================================
Received Import Request.
  Time since last request: 0.000020 seconds.
  path: Assets/UI/Asset 1/Dialogue_plates/Plate (42).png
  artifactKey: Guid(f10d371ebd6b6f6449abd3f2bdf8e3c8) Importer(815301076,1909f56bfc062723c751e8b465ee728b)
Start importing Assets/UI/Asset 1/Dialogue_plates/Plate (42).png using Guid(f10d371ebd6b6f6449abd3f2bdf8e3c8) Importer(815301076,1909f56bfc062723c751e8b465ee728b)  -> (artifact id: 'fc3e350455cdcd3a1fad4ca7609069f3') in 0.019801 seconds
Number of updated asset objects reloaded before import = 0
Number of asset objects unloaded after import = 3
========================================================================
Received Import Request.
  Time since last request: 0.000085 seconds.
  path: Assets/UI/Asset 1/Dialogue_plates/Plate (29).png
  artifactKey: Guid(040c3b4afb9a85c41abe8ac80399f8e4) Importer(815301076,1909f56bfc062723c751e8b465ee728b)
Start importing Assets/UI/Asset 1/Dialogue_plates/Plate (29).png using Guid(040c3b4afb9a85c41abe8ac80399f8e4) Importer(815301076,1909f56bfc062723c751e8b465ee728b)  -> (artifact id: 'a00e46704cbb6b2dcbef8446e184ebb3') in 0.020316 seconds
Number of updated asset objects reloaded before import = 0
Number of asset objects unloaded after import = 3
========================================================================
Received Import Request.
  Time since last request: 0.000017 seconds.
  path: Assets/UI/Asset 1/Dialogue_plates/Plate (12).png
  artifactKey: Guid(f6cfe2b84e1f10547a5795f0c4e2ef37) Importer(815301076,1909f56bfc062723c751e8b465ee728b)
Start importing Assets/UI/Asset 1/Dialogue_plates/Plate (12).png using Guid(f6cfe2b84e1f10547a5795f0c4e2ef37) Importer(815301076,1909f56bfc062723c751e8b465ee728b)  -> (artifact id: 'a43d2f50ed3d6d8559a4f5309884f4e6') in 0.022582 seconds
Number of updated asset objects reloaded before import = 0
Number of asset objects unloaded after import = 3
========================================================================
Received Import Request.
  Time since last request: 0.000016 seconds.
  path: Assets/UI/Asset 1/Dialogue_plates/Plate (48).png
  artifactKey: Guid(7665adc93ec725345b7fe7b11938fc2b) Importer(815301076,1909f56bfc062723c751e8b465ee728b)
Start importing Assets/UI/Asset 1/Dialogue_plates/Plate (48).png using Guid(7665adc93ec725345b7fe7b11938fc2b) Importer(815301076,1909f56bfc062723c751e8b465ee728b)  -> (artifact id: '8411bb8928e157dbbd02083f750fb4fb') in 0.024872 seconds
Number of updated asset objects reloaded before import = 0
Number of asset objects unloaded after import = 3
========================================================================
Received Import Request.
  Time since last request: 0.000021 seconds.
  path: Assets/UI/Asset 1/Dialogue_plates/Plate (47).png
  artifactKey: Guid(53e0fc93e616c634a99a1c2501819687) Importer(815301076,1909f56bfc062723c751e8b465ee728b)
Start importing Assets/UI/Asset 1/Dialogue_plates/Plate (47).png using Guid(53e0fc93e616c634a99a1c2501819687) Importer(815301076,1909f56bfc062723c751e8b465ee728b)  -> (artifact id: '96dd3c40203e10a332500d368e800aac') in 0.017929 seconds
Number of updated asset objects reloaded before import = 0
Number of asset objects unloaded after import = 3
========================================================================
Received Import Request.
  Time since last request: 0.000028 seconds.
  path: Assets/UI/Asset 1/Dialogue_plates/Plate (5).png
  artifactKey: Guid(6f60d3dee6254874592ab771e00c0ddb) Importer(815301076,1909f56bfc062723c751e8b465ee728b)
Start importing Assets/UI/Asset 1/Dialogue_plates/Plate (5).png using Guid(6f60d3dee6254874592ab771e00c0ddb) Importer(815301076,1909f56bfc062723c751e8b465ee728b)  -> (artifact id: '50ed99540c6a0869699d6e2ae76b7842') in 0.020300 seconds
Number of updated asset objects reloaded before import = 0
Number of asset objects unloaded after import = 3
========================================================================
Received Import Request.
  Time since last request: 0.000016 seconds.
  path: Assets/UI/Asset 1/Dialogue_plates/Plate (24).png
  artifactKey: Guid(5ae5b0dc5cbfe8342b0eaf42b2a65faa) Importer(815301076,1909f56bfc062723c751e8b465ee728b)
Start importing Assets/UI/Asset 1/Dialogue_plates/Plate (24).png using Guid(5ae5b0dc5cbfe8342b0eaf42b2a65faa) Importer(815301076,1909f56bfc062723c751e8b465ee728b)  -> (artifact id: 'fae875af905fce3677a0588fbf6f6403') in 0.020242 seconds
Number of updated asset objects reloaded before import = 0
Number of asset objects unloaded after import = 3
========================================================================
Received Import Request.
  Time since last request: 0.000017 seconds.
  path: Assets/UI/Asset 1/Dialogue_plates/Plate (8).png
  artifactKey: Guid(968dba4f871c61c46b4f1df0d9f19fee) Importer(815301076,1909f56bfc062723c751e8b465ee728b)
Start importing Assets/UI/Asset 1/Dialogue_plates/Plate (8).png using Guid(968dba4f871c61c46b4f1df0d9f19fee) Importer(815301076,1909f56bfc062723c751e8b465ee728b)  -> (artifact id: '6cfe0f2481519638563ffb59723526ca') in 0.020020 seconds
Number of updated asset objects reloaded before import = 0
Number of asset objects unloaded after import = 3
========================================================================
Received Import Request.
  Time since last request: 0.000019 seconds.
  path: Assets/UI/Asset 1/Dialogue_plates/Plate (51).png
  artifactKey: Guid(1216478ffb372e34196f47ab964b2040) Importer(815301076,1909f56bfc062723c751e8b465ee728b)
Start importing Assets/UI/Asset 1/Dialogue_plates/Plate (51).png using Guid(1216478ffb372e34196f47ab964b2040) Importer(815301076,1909f56bfc062723c751e8b465ee728b)  -> (artifact id: 'e16ed60937921c0cc8cde5240b5cb74a') in 0.018132 seconds
Number of updated asset objects reloaded before import = 0
Number of asset objects unloaded after import = 3
========================================================================
Received Import Request.
  Time since last request: 0.000019 seconds.
  path: Assets/UI/Asset 1/Dialogue_plates/Plate (41).png
  artifactKey: Guid(17e80daa3320abc4aa951c6f2a2570d9) Importer(815301076,1909f56bfc062723c751e8b465ee728b)
Start importing Assets/UI/Asset 1/Dialogue_plates/Plate (41).png using Guid(17e80daa3320abc4aa951c6f2a2570d9) Importer(815301076,1909f56bfc062723c751e8b465ee728b)  -> (artifact id: 'f38970fb78c02482aaa57e4615a01b78') in 0.025806 seconds
Number of updated asset objects reloaded before import = 0
Number of asset objects unloaded after import = 3
========================================================================
Received Import Request.
  Time since last request: 0.693018 seconds.
  path: Assets/UI/Asset 1/Dialogue_plates/Plate (55).png
  artifactKey: Guid(1b3eac23bc47f3b45b4304c5e31b517d) Importer(815301076,1909f56bfc062723c751e8b465ee728b)
Start importing Assets/UI/Asset 1/Dialogue_plates/Plate (55).png using Guid(1b3eac23bc47f3b45b4304c5e31b517d) Importer(815301076,1909f56bfc062723c751e8b465ee728b)  -> (artifact id: 'ac25900a38b930d0cb05a53742af43f9') in 0.020093 seconds
Number of updated asset objects reloaded before import = 0
Number of asset objects unloaded after import = 3
========================================================================
Received Import Request.
  Time since last request: 0.000016 seconds.
  path: Assets/UI/Asset 1/Dialogue_plates/Plate (59).png
  artifactKey: Guid(0909bdad56c22eb4e961c1ad3f16cf6c) Importer(815301076,1909f56bfc062723c751e8b465ee728b)
Start importing Assets/UI/Asset 1/Dialogue_plates/Plate (59).png using Guid(0909bdad56c22eb4e961c1ad3f16cf6c) Importer(815301076,1909f56bfc062723c751e8b465ee728b)  -> (artifact id: 'ec1f6e9c854cc793ddd65719113bd598') in 0.017446 seconds
Number of updated asset objects reloaded before import = 0
Number of asset objects unloaded after import = 3
Editor requested this worker to shutdown with reason: Scaling down because of idle timeout
TcpMessagingSession - receive error: operation aborted. errorcode: 995, details: ќпераци€ ввода/вывода была прервана из-за завершени€ потока команд или по запросу приложени€.
AssetImportWorker is now disconnected from the server
Process exiting
Exiting without the bug reporter. Application will terminate with return code 0