Using pre-set license
Built from '2022.3/staging' branch; Version is '2022.3.10f1 (ff3792e53c62) revision 16725906'; Using compiler version '192829333'; Build Type 'Release'
OS: 'Windows 11  (10.0.22631) 64bit Professional' Language: 'ru' Physical Memory: 15773 MB
BatchMode: 1, IsHumanControllingUs: 0, StartBugReporterOnCrash: 0, Is64bit: 1, IsPro: 1

COMMAND LINE ARGUMENTS:
C:\Program Files\Unity\Hub\Editor\2022.3.10f1\Editor\Unity.exe
-adb2
-batchMode
-noUpm
-name
AssetImportWorker4
-projectPath
C:/Users/yuuuk/Downloads/Middle-Earth-Fantasy-- (1)/Middle-Earth-Fantasy--
-logFile
Logs/AssetImportWorker4.log
-srvPort
58791
Successfully changed project path to: C:/Users/yuuuk/Downloads/Middle-Earth-Fantasy-- (1)/Middle-Earth-Fantasy--
C:/Users/yuuuk/Downloads/Middle-Earth-Fantasy-- (1)/Middle-Earth-Fantasy--
[UnityMemory] Configuration Parameters - Can be set up in boot.config
    "memorysetup-bucket-allocator-granularity=16"
    "memorysetup-bucket-allocator-bucket-count=8"
    "memorysetup-bucket-allocator-block-size=33554432"
    "memorysetup-bucket-allocator-block-count=8"
    "memorysetup-main-allocator-block-size=16777216"
    "memorysetup-thread-allocator-block-size=16777216"
    "memorysetup-gfx-main-allocator-block-size=16777216"
    "memorysetup-gfx-thread-allocator-block-size=16777216"
    "memorysetup-cache-allocator-block-size=4194304"
    "memorysetup-typetree-allocator-block-size=2097152"
    "memorysetup-profiler-bucket-allocator-granularity=16"
    "memorysetup-profiler-bucket-allocator-bucket-count=8"
    "memorysetup-profiler-bucket-allocator-block-size=33554432"
    "memorysetup-profiler-bucket-allocator-block-count=8"
    "memorysetup-profiler-allocator-block-size=16777216"
    "memorysetup-profiler-editor-allocator-block-size=1048576"
    "memorysetup-temp-allocator-size-main=16777216"
    "memorysetup-job-temp-allocator-block-size=2097152"
    "memorysetup-job-temp-allocator-block-size-background=1048576"
    "memorysetup-job-temp-allocator-reduction-small-platforms=262144"
    "memorysetup-allocator-temp-initial-block-size-main=262144"
    "memorysetup-allocator-temp-initial-block-size-worker=262144"
    "memorysetup-temp-allocator-size-background-worker=32768"
    "memorysetup-temp-allocator-size-job-worker=262144"
    "memorysetup-temp-allocator-size-preload-manager=33554432"
    "memorysetup-temp-allocator-size-nav-mesh-worker=65536"
    "memorysetup-temp-allocator-size-audio-worker=65536"
    "memorysetup-temp-allocator-size-cloud-worker=32768"
    "memorysetup-temp-allocator-size-gi-baking-worker=262144"
    "memorysetup-temp-allocator-size-gfx=262144"
Player connection [14316] Host "[IP] 192.168.0.103 [Port] 0 [Flags] 2 [Guid] 3416008520 [EditorId] 3416008520 [Version] 1048832 [Id] WindowsEditor(7,Zasosos) [Debug] 1 [PackageName] WindowsEditor [ProjectName] Editor" joined multi-casting on [225.0.0.222:54997]...

Player connection [14316] Host "[IP] 192.168.0.103 [Port] 0 [Flags] 2 [Guid] 3416008520 [EditorId] 3416008520 [Version] 1048832 [Id] WindowsEditor(7,Zasosos) [Debug] 1 [PackageName] WindowsEditor [ProjectName] Editor" joined alternative multi-casting on [225.0.0.222:34997]...

[Physics::Module] Initialized MultithreadedJobDispatcher with 15 workers.
Refreshing native plugins compatible for Editor in 8.92 ms, found 4 plugins.
Preloading 0 native plugins for Editor in 0.00 ms.
Initialize engine version: 2022.3.10f1 (ff3792e53c62)
[Subsystems] Discovering subsystems at path C:/Program Files/Unity/Hub/Editor/2022.3.10f1/Editor/Data/Resources/UnitySubsystems
[Subsystems] Discovering subsystems at path C:/Users/yuuuk/Downloads/Middle-Earth-Fantasy-- (1)/Middle-Earth-Fantasy--/Assets
GfxDevice: creating device client; threaded=0; jobified=0
Direct3D:
    Version:  Direct3D 11.0 [level 11.1]
    Renderer: NVIDIA GeForce RTX 3060 Laptop GPU (ID=0x2520)
    Vendor:   NVIDIA
    VRAM:     6009 MB
    Driver:   31.0.15.3168
Initialize mono
Mono path[0] = 'C:/Program Files/Unity/Hub/Editor/2022.3.10f1/Editor/Data/Managed'
Mono path[1] = 'C:/Program Files/Unity/Hub/Editor/2022.3.10f1/Editor/Data/MonoBleedingEdge/lib/mono/unityjit-win32'
Mono config path = 'C:/Program Files/Unity/Hub/Editor/2022.3.10f1/Editor/Data/MonoBleedingEdge/etc'
Using monoOptions --debugger-agent=transport=dt_socket,embedding=1,server=y,suspend=n,address=127.0.0.1:56120
Begin MonoManager ReloadAssembly
Registering precompiled unity dll's ...
Register platform support module: C:/Program Files/Unity/Hub/Editor/2022.3.10f1/Editor/Data/PlaybackEngines/WebGLSupport/UnityEditor.WebGL.Extensions.dll
Register platform support module: C:/Program Files/Unity/Hub/Editor/2022.3.10f1/Editor/Data/PlaybackEngines/WindowsStandaloneSupport/UnityEditor.WindowsStandalone.Extensions.dll
Registered in 0.005976 seconds.
- Loaded All Assemblies, in  0.300 seconds
Native extension for WindowsStandalone target not found
Native extension for WebGL target not found
Mono: successfully reloaded assembly
- Finished resetting the current domain, in  0.237 seconds
Domain Reload Profiling: 536ms
	BeginReloadAssembly (99ms)
		ExecutionOrderSort (0ms)
		DisableScriptedObjects (0ms)
		BackupInstance (0ms)
		ReleaseScriptingObjects (0ms)
		CreateAndSetChildDomain (1ms)
	RebuildCommonClasses (28ms)
	RebuildNativeTypeToScriptingClass (8ms)
	initialDomainReloadingComplete (50ms)
	LoadAllAssembliesAndSetupDomain (114ms)
		LoadAssemblies (97ms)
		RebuildTransferFunctionScriptingTraits (0ms)
		AnalyzeDomain (113ms)
			TypeCache.Refresh (112ms)
				TypeCache.ScanAssembly (101ms)
			ScanForSourceGeneratedMonoScriptInfo (0ms)
			ResolveRequiredComponents (0ms)
	FinalizeReload (237ms)
		ReleaseScriptCaches (0ms)
		RebuildScriptCaches (0ms)
		SetupLoadedEditorAssemblies (185ms)
			LogAssemblyErrors (0ms)
			InitializePlatformSupportModulesInManaged (9ms)
			SetLoadedEditorAssemblies (5ms)
			RefreshPlugins (0ms)
			BeforeProcessingInitializeOnLoad (2ms)
			ProcessInitializeOnLoadAttributes (123ms)
			ProcessInitializeOnLoadMethodAttributes (45ms)
			AfterProcessingInitializeOnLoad (0ms)
			EditorAssembliesLoaded (0ms)
		ExecutionOrderSort2 (0ms)
		AwakeInstancesAfterBackupRestoration (0ms)
========================================================================
Worker process is ready to serve import requests
Begin MonoManager ReloadAssembly
- Loaded All Assemblies, in  0.611 seconds
Refreshing native plugins compatible for Editor in 3.96 ms, found 4 plugins.
Native extension for WindowsStandalone target not found
Native extension for WebGL target not found
Package Manager log level set to [2]
[Package Manager] Server::EnsureServerProcessIsRunning -- launch failed, reason: Unity was launched with the -noUpm command-line argument
[Package Manager] UpmClient::Send -- Unable to send message (not connected to UPM process).
[Package Manager] Cannot connect to Unity Package Manager local server
Mono: successfully reloaded assembly
- Finished resetting the current domain, in  0.604 seconds
Domain Reload Profiling: 1214ms
	BeginReloadAssembly (130ms)
		ExecutionOrderSort (0ms)
		DisableScriptedObjects (5ms)
		BackupInstance (0ms)
		ReleaseScriptingObjects (0ms)
		CreateAndSetChildDomain (20ms)
	RebuildCommonClasses (27ms)
	RebuildNativeTypeToScriptingClass (8ms)
	initialDomainReloadingComplete (37ms)
	LoadAllAssembliesAndSetupDomain (406ms)
		LoadAssemblies (323ms)
		RebuildTransferFunctionScriptingTraits (0ms)
		AnalyzeDomain (158ms)
			TypeCache.Refresh (130ms)
				TypeCache.ScanAssembly (117ms)
			ScanForSourceGeneratedMonoScriptInfo (22ms)
			ResolveRequiredComponents (4ms)
	FinalizeReload (605ms)
		ReleaseScriptCaches (0ms)
		RebuildScriptCaches (0ms)
		SetupLoadedEditorAssemblies (460ms)
			LogAssemblyErrors (0ms)
			InitializePlatformSupportModulesInManaged (6ms)
			SetLoadedEditorAssemblies (5ms)
			RefreshPlugins (0ms)
			BeforeProcessingInitializeOnLoad (73ms)
			ProcessInitializeOnLoadAttributes (334ms)
			ProcessInitializeOnLoadMethodAttributes (35ms)
			AfterProcessingInitializeOnLoad (6ms)
			EditorAssembliesLoaded (0ms)
		ExecutionOrderSort2 (0ms)
		AwakeInstancesAfterBackupRestoration (7ms)
Launched and connected shader compiler UnityShaderCompiler.exe after 0.06 seconds
Refreshing native plugins compatible for Editor in 3.79 ms, found 4 plugins.
Preloading 0 native plugins for Editor in 0.00 ms.
Unloading 4628 Unused Serialized files (Serialized files now loaded: 0)
Unloading 70 unused Assets / (35.2 KB). Loaded Objects now: 5096.
Memory consumption went from 155.8 MB to 155.8 MB.
Total: 3.416800 ms (FindLiveObjects: 0.320200 ms CreateObjectMapping: 0.137600 ms MarkObjects: 2.869600 ms  DeleteObjects: 0.088000 ms)

AssetImportParameters requested are different than current active one (requested -> active):
  custom:container-demuxer-ogg: 62fdf1f143b41e24485cea50d1cbac27 -> 
  custom:video-decoder-ogg-theora: a1e56fd34408186e4bbccfd4996cb3dc -> 
  custom:framework-win-MediaFoundation: 216162199b28c13a410421893ffa2e32 -> 
  custom:CustomObjectIndexerAttribute: 756ad292c208cfabdd7b50bc23989ffe -> 
  custom:container-demuxer-webm: 4f35f7cbe854078d1ac9338744f61a02 -> 
  custom:container-muxer-webm: aa71ff27fc2769a1b78a27578f13a17b -> 
  custom:video-decoder-webm-vp8: 9c59270c3fd7afecdb556c50c9e8de78 -> 
  custom:SearchIndexIgnoredProperties: e643bd26f0fe6173181afceb89e7c659 -> 
  custom:AudioImporter_EditorPlatform: d09bf68614088b80899f8185d706f6e7 -> 
  custom:video-encoder-webm-vp8: eb34c28f22e8b96e1ab97ce403110664 -> 
  custom:audio-decoder-ogg-vorbis: bf7c407c2cedff20999df2af8eb42d56 -> 
  custom:audio-encoder-webm-vorbis: bf7c407c2cedff20999df2af8eb42d56 -> 
========================================================================
Received Import Request.
  Time since last request: 54195.865275 seconds.
  path: Assets/UI/Asset 1
  artifactKey: Guid(7e9ca08e01156ee42886ce8130e1c234) Importer(815301076,1909f56bfc062723c751e8b465ee728b)
Start importing Assets/UI/Asset 1 using Guid(7e9ca08e01156ee42886ce8130e1c234) Importer(815301076,1909f56bfc062723c751e8b465ee728b)  -> (artifact id: '8ddb56775fa97b7b1dce110982dedb04') in 0.004581 seconds
Number of updated asset objects reloaded before import = 0
Number of asset objects unloaded after import = 0
========================================================================
Received Import Request.
  Time since last request: 1.071543 seconds.
  path: Assets/UI/Arrows
  artifactKey: Guid(016a0f47364b4054295a587a282a47bc) Importer(815301076,1909f56bfc062723c751e8b465ee728b)
Start importing Assets/UI/Arrows using Guid(016a0f47364b4054295a587a282a47bc) Importer(815301076,1909f56bfc062723c751e8b465ee728b)  -> (artifact id: '1fc60d17f01abe52a2ca43abb466a2b0') in 0.000472 seconds
Number of updated asset objects reloaded before import = 0
Number of asset objects unloaded after import = 0
========================================================================
Received Import Request.
  Time since last request: 2.635978 seconds.
  path: Assets/UI/Ability_icons
  artifactKey: Guid(abbe9e8497b3d7d4195ef977177deab1) Importer(815301076,1909f56bfc062723c751e8b465ee728b)
Start importing Assets/UI/Ability_icons using Guid(abbe9e8497b3d7d4195ef977177deab1) Importer(815301076,1909f56bfc062723c751e8b465ee728b)  -> (artifact id: '05e8a8f752e67613570439da54d9ae83') in 0.000535 seconds
Number of updated asset objects reloaded before import = 0
Number of asset objects unloaded after import = 0
========================================================================
Received Import Request.
  Time since last request: 237.291917 seconds.
  path: Assets/UI/Stone_cemetery
  artifactKey: Guid(0e415ff47bd8c1f429bc294107ebb900) Importer(815301076,1909f56bfc062723c751e8b465ee728b)
Start importing Assets/UI/Stone_cemetery using Guid(0e415ff47bd8c1f429bc294107ebb900) Importer(815301076,1909f56bfc062723c751e8b465ee728b)  -> (artifact id: '4673113f1acda55c9641062582247b0f') in 0.001020 seconds
Number of updated asset objects reloaded before import = 0
Number of asset objects unloaded after import = 0
========================================================================
Received Import Request.
  Time since last request: 1.782741 seconds.
  path: Assets/UI/Stone_cemetery/Angel_portraits
  artifactKey: Guid(8b4f7c4133c35dc4fa753cb4e4771e44) Importer(815301076,1909f56bfc062723c751e8b465ee728b)
Start importing Assets/UI/Stone_cemetery/Angel_portraits using Guid(8b4f7c4133c35dc4fa753cb4e4771e44) Importer(815301076,1909f56bfc062723c751e8b465ee728b)  -> (artifact id: 'd46b3d3c1781161c35790b44aa2a6f5a') in 0.000649 seconds
Number of updated asset objects reloaded before import = 0
Number of asset objects unloaded after import = 0
========================================================================
Received Import Request.
  Time since last request: 2.434373 seconds.
  path: Assets/UI/Stone_cemetery/Angel_portraits/No_outline
  artifactKey: Guid(5fd1752638789704bb046f8d348aeff2) Importer(815301076,1909f56bfc062723c751e8b465ee728b)
Start importing Assets/UI/Stone_cemetery/Angel_portraits/No_outline using Guid(5fd1752638789704bb046f8d348aeff2) Importer(815301076,1909f56bfc062723c751e8b465ee728b)  -> (artifact id: '104e979be7b10729dcf87be01f09328d') in 0.000826 seconds
Number of updated asset objects reloaded before import = 0
Number of asset objects unloaded after import = 0
========================================================================
Received Import Request.
  Time since last request: 0.081369 seconds.
  path: Assets/UI/Stone_cemetery/Angel_portraits/No_outline/Angel_01.png
  artifactKey: Guid(6d179ed4e755350449acc36bd77e044d) Importer(815301076,1909f56bfc062723c751e8b465ee728b)
Start importing Assets/UI/Stone_cemetery/Angel_portraits/No_outline/Angel_01.png using Guid(6d179ed4e755350449acc36bd77e044d) Importer(815301076,1909f56bfc062723c751e8b465ee728b)  -> (artifact id: '7be2f06681e520a10d86258fbcc245b1') in 0.118173 seconds
Number of updated asset objects reloaded before import = 0
Number of asset objects unloaded after import = 3
========================================================================
Received Import Request.
  Time since last request: 0.000032 seconds.
  path: Assets/UI/Stone_cemetery/Angel_portraits/No_outline/Angel_03.png
  artifactKey: Guid(7dc01bdef4ce05147a5ea033815146e3) Importer(815301076,1909f56bfc062723c751e8b465ee728b)
Start importing Assets/UI/Stone_cemetery/Angel_portraits/No_outline/Angel_03.png using Guid(7dc01bdef4ce05147a5ea033815146e3) Importer(815301076,1909f56bfc062723c751e8b465ee728b)  -> (artifact id: '53ea861769794ee11b914fe976cecb71') in 0.018910 seconds
Number of updated asset objects reloaded before import = 0
Number of asset objects unloaded after import = 3
========================================================================
Received Import Request.
  Time since last request: 0.000021 seconds.
  path: Assets/UI/Stone_cemetery/Angel_portraits/No_outline/Angel_05.png
  artifactKey: Guid(bdca2c3a68ba4054d8d64826d8abf944) Importer(815301076,1909f56bfc062723c751e8b465ee728b)
Start importing Assets/UI/Stone_cemetery/Angel_portraits/No_outline/Angel_05.png using Guid(bdca2c3a68ba4054d8d64826d8abf944) Importer(815301076,1909f56bfc062723c751e8b465ee728b)  -> (artifact id: '00c6ef6a3833dbba386c3f072401232b') in 0.025251 seconds
Number of updated asset objects reloaded before import = 0
Number of asset objects unloaded after import = 3
========================================================================
Received Import Request.
  Time since last request: 0.000032 seconds.
  path: Assets/UI/Stone_cemetery/Angel_portraits/No_outline/Angel_04.png
  artifactKey: Guid(b71f75af23bcfa941a7bb7d8f1207573) Importer(815301076,1909f56bfc062723c751e8b465ee728b)
Start importing Assets/UI/Stone_cemetery/Angel_portraits/No_outline/Angel_04.png using Guid(b71f75af23bcfa941a7bb7d8f1207573) Importer(815301076,1909f56bfc062723c751e8b465ee728b)  -> (artifact id: 'ef6e50679cbe55e9717ed8f04f85a796') in 0.022014 seconds
Number of updated asset objects reloaded before import = 0
Number of asset objects unloaded after import = 3
========================================================================
Received Import Request.
  Time since last request: 0.000017 seconds.
  path: Assets/UI/Stone_cemetery/Angel_portraits/No_outline/Angel_09.png
  artifactKey: Guid(32311a1542b054d4fbe3e306fa771589) Importer(815301076,1909f56bfc062723c751e8b465ee728b)
Start importing Assets/UI/Stone_cemetery/Angel_portraits/No_outline/Angel_09.png using Guid(32311a1542b054d4fbe3e306fa771589) Importer(815301076,1909f56bfc062723c751e8b465ee728b)  -> (artifact id: 'c753ab133a692a15bece335f21f0275a') in 0.015577 seconds
Number of updated asset objects reloaded before import = 0
Number of asset objects unloaded after import = 3
========================================================================
Received Import Request.
  Time since last request: 2.625833 seconds.
  path: Assets/UI/Stone_cemetery/Angel_portraits/Outlined
  artifactKey: Guid(5d885ef61e5033245822ceb44c57dfec) Importer(815301076,1909f56bfc062723c751e8b465ee728b)
Start importing Assets/UI/Stone_cemetery/Angel_portraits/Outlined using Guid(5d885ef61e5033245822ceb44c57dfec) Importer(815301076,1909f56bfc062723c751e8b465ee728b)  -> (artifact id: 'acbb34910fb20ff2f42838ed57573287') in 0.000566 seconds
Number of updated asset objects reloaded before import = 0
Number of asset objects unloaded after import = 0
========================================================================
Received Import Request.
  Time since last request: 0.209258 seconds.
  path: Assets/UI/Stone_cemetery/Angel_portraits/Outlined/Angel_01.png
  artifactKey: Guid(e5656f8207d207c4492f6dae1460ae53) Importer(815301076,1909f56bfc062723c751e8b465ee728b)
Start importing Assets/UI/Stone_cemetery/Angel_portraits/Outlined/Angel_01.png using Guid(e5656f8207d207c4492f6dae1460ae53) Importer(815301076,1909f56bfc062723c751e8b465ee728b)  -> (artifact id: '05ed7f93ee2a214a17e3976c4ad7bb89') in 0.015104 seconds
Number of updated asset objects reloaded before import = 0
Number of asset objects unloaded after import = 3
========================================================================
Received Import Request.
  Time since last request: 0.000021 seconds.
  path: Assets/UI/Stone_cemetery/Angel_portraits/Outlined/Angel_05.png
  artifactKey: Guid(ebf09b1204ed5f3418a77f42d6d70c36) Importer(815301076,1909f56bfc062723c751e8b465ee728b)
Start importing Assets/UI/Stone_cemetery/Angel_portraits/Outlined/Angel_05.png using Guid(ebf09b1204ed5f3418a77f42d6d70c36) Importer(815301076,1909f56bfc062723c751e8b465ee728b)  -> (artifact id: '83b4eb21d2d82899cc99b0d819534c66') in 0.014916 seconds
Number of updated asset objects reloaded before import = 0
Number of asset objects unloaded after import = 3
========================================================================
Received Import Request.
  Time since last request: 0.000018 seconds.
  path: Assets/UI/Stone_cemetery/Angel_portraits/Outlined/Angel_10.png
  artifactKey: Guid(7ace69f07971dd54e862e0b1b5552435) Importer(815301076,1909f56bfc062723c751e8b465ee728b)
Start importing Assets/UI/Stone_cemetery/Angel_portraits/Outlined/Angel_10.png using Guid(7ace69f07971dd54e862e0b1b5552435) Importer(815301076,1909f56bfc062723c751e8b465ee728b)  -> (artifact id: '6f7a9c5ee64efa6e8aba79651f2dd7da') in 0.016427 seconds
Number of updated asset objects reloaded before import = 0
Number of asset objects unloaded after import = 3
========================================================================
Received Import Request.
  Time since last request: 0.000027 seconds.
  path: Assets/UI/Stone_cemetery/Angel_portraits/Outlined/Angel_04.png
  artifactKey: Guid(faf41d83c33cdd848bb7ce24a24bd4d8) Importer(815301076,1909f56bfc062723c751e8b465ee728b)
Start importing Assets/UI/Stone_cemetery/Angel_portraits/Outlined/Angel_04.png using Guid(faf41d83c33cdd848bb7ce24a24bd4d8) Importer(815301076,1909f56bfc062723c751e8b465ee728b)  -> (artifact id: 'f8d0aaccb9eda2a6036575a90eab28e7') in 0.016158 seconds
Number of updated asset objects reloaded before import = 0
Number of asset objects unloaded after import = 3
========================================================================
Received Import Request.
  Time since last request: 0.000020 seconds.
  path: Assets/UI/Stone_cemetery/Angel_portraits/Outlined/Angel_08.png
  artifactKey: Guid(82b6b3d3a02568c4f913160ed0882a10) Importer(815301076,1909f56bfc062723c751e8b465ee728b)
Start importing Assets/UI/Stone_cemetery/Angel_portraits/Outlined/Angel_08.png using Guid(82b6b3d3a02568c4f913160ed0882a10) Importer(815301076,1909f56bfc062723c751e8b465ee728b)  -> (artifact id: 'ea86dd56f911f854e3e07be28509a4e1') in 0.014964 seconds
Number of updated asset objects reloaded before import = 0
Number of asset objects unloaded after import = 3
========================================================================
Received Import Request.
  Time since last request: 4.610157 seconds.
  path: Assets/UI/Stone_cemetery/Crosses_&_gravestones
  artifactKey: Guid(1a258ef5cbd899f418ebdacd8c44e3ce) Importer(815301076,1909f56bfc062723c751e8b465ee728b)
Start importing Assets/UI/Stone_cemetery/Crosses_&_gravestones using Guid(1a258ef5cbd899f418ebdacd8c44e3ce) Importer(815301076,1909f56bfc062723c751e8b465ee728b)  -> (artifact id: '4f90a0a43cd800c0d9d24233600ac577') in 0.000755 seconds
Number of updated asset objects reloaded before import = 0
Number of asset objects unloaded after import = 0
========================================================================
Received Import Request.
  Time since last request: 0.990760 seconds.
  path: Assets/UI/Stone_cemetery/Crosses_&_gravestones/Columns
  artifactKey: Guid(3e2cd79458afa1f49899de45fb11ddbb) Importer(815301076,1909f56bfc062723c751e8b465ee728b)
Start importing Assets/UI/Stone_cemetery/Crosses_&_gravestones/Columns using Guid(3e2cd79458afa1f49899de45fb11ddbb) Importer(815301076,1909f56bfc062723c751e8b465ee728b)  -> (artifact id: '5add1d2c2f1f55e557b2a67ed1ffff59') in 0.000568 seconds
Number of updated asset objects reloaded before import = 0
Number of asset objects unloaded after import = 0
========================================================================
Received Import Request.
  Time since last request: 1.060464 seconds.
  path: Assets/UI/Stone_cemetery/Crosses_&_gravestones/Columns/Column_01.png
  artifactKey: Guid(4cb1212f5f0bdc64e94d185bb5d2c6bc) Importer(815301076,1909f56bfc062723c751e8b465ee728b)
Start importing Assets/UI/Stone_cemetery/Crosses_&_gravestones/Columns/Column_01.png using Guid(4cb1212f5f0bdc64e94d185bb5d2c6bc) Importer(815301076,1909f56bfc062723c751e8b465ee728b)  -> (artifact id: 'bb68a9a56face553138c29168c6899f1') in 0.018461 seconds
Number of updated asset objects reloaded before import = 0
Number of asset objects unloaded after import = 3
========================================================================
Received Import Request.
  Time since last request: 0.000022 seconds.
  path: Assets/UI/Stone_cemetery/Crosses_&_gravestones/Columns/Column_03.png
  artifactKey: Guid(b2866cd37508da44fa1edc0d35b927ad) Importer(815301076,1909f56bfc062723c751e8b465ee728b)
Start importing Assets/UI/Stone_cemetery/Crosses_&_gravestones/Columns/Column_03.png using Guid(b2866cd37508da44fa1edc0d35b927ad) Importer(815301076,1909f56bfc062723c751e8b465ee728b)  -> (artifact id: 'd9e6269f2414baf3b6906b5a1df9eb39') in 0.013445 seconds
Number of updated asset objects reloaded before import = 0
Number of asset objects unloaded after import = 3
========================================================================
Received Import Request.
  Time since last request: 0.000017 seconds.
  path: Assets/UI/Stone_cemetery/Crosses_&_gravestones/Columns/Column_05.png
  artifactKey: Guid(017e8efa8942e974da8f0e999b639ff4) Importer(815301076,1909f56bfc062723c751e8b465ee728b)
Start importing Assets/UI/Stone_cemetery/Crosses_&_gravestones/Columns/Column_05.png using Guid(017e8efa8942e974da8f0e999b639ff4) Importer(815301076,1909f56bfc062723c751e8b465ee728b)  -> (artifact id: '5ac9f76e03c52c0ae845d20ebe101806') in 0.022833 seconds
Number of updated asset objects reloaded before import = 0
Number of asset objects unloaded after import = 3
========================================================================
Received Import Request.
  Time since last request: 0.000020 seconds.
  path: Assets/UI/Stone_cemetery/Crosses_&_gravestones/Columns/Column_08.png
  artifactKey: Guid(d7580704c73aea541b5d03c807e96234) Importer(815301076,1909f56bfc062723c751e8b465ee728b)
Start importing Assets/UI/Stone_cemetery/Crosses_&_gravestones/Columns/Column_08.png using Guid(d7580704c73aea541b5d03c807e96234) Importer(815301076,1909f56bfc062723c751e8b465ee728b)  -> (artifact id: '3b7d5e2fb26e63929cf4b1fc421f8b19') in 0.019351 seconds
Number of updated asset objects reloaded before import = 0
Number of asset objects unloaded after import = 3
========================================================================
Received Import Request.
  Time since last request: 10.963792 seconds.
  path: Assets/UI/Stone_cemetery/Crosses_&_gravestones/Flower_bouquets
  artifactKey: Guid(a6d87b4eaa46f8146a92774fb8f3d986) Importer(815301076,1909f56bfc062723c751e8b465ee728b)
Start importing Assets/UI/Stone_cemetery/Crosses_&_gravestones/Flower_bouquets using Guid(a6d87b4eaa46f8146a92774fb8f3d986) Importer(815301076,1909f56bfc062723c751e8b465ee728b)  -> (artifact id: '3c4f3907fcb19100c66a425be562eab9') in 0.000478 seconds
Number of updated asset objects reloaded before import = 0
Number of asset objects unloaded after import = 0
========================================================================
Received Import Request.
  Time since last request: 0.073769 seconds.
  path: Assets/UI/Stone_cemetery/Crosses_&_gravestones/Flower_bouquets/Bouquet_01.png
  artifactKey: Guid(913d2921a4e05d042a35c6427617b804) Importer(815301076,1909f56bfc062723c751e8b465ee728b)
Start importing Assets/UI/Stone_cemetery/Crosses_&_gravestones/Flower_bouquets/Bouquet_01.png using Guid(913d2921a4e05d042a35c6427617b804) Importer(815301076,1909f56bfc062723c751e8b465ee728b)  -> (artifact id: '8869a8144b4ab3afd0631c5499930ae8') in 0.016423 seconds
Number of updated asset objects reloaded before import = 0
Number of asset objects unloaded after import = 3
========================================================================
Received Import Request.
  Time since last request: 1.793175 seconds.
  path: Assets/UI/Stone_cemetery/Crosses_&_gravestones/Gravestones
  artifactKey: Guid(3bd8e02a10b297c48a3601647a5ef127) Importer(815301076,1909f56bfc062723c751e8b465ee728b)
Start importing Assets/UI/Stone_cemetery/Crosses_&_gravestones/Gravestones using Guid(3bd8e02a10b297c48a3601647a5ef127) Importer(815301076,1909f56bfc062723c751e8b465ee728b)  -> (artifact id: '0065e24a0ef3d802071b109804d1e137') in 0.000473 seconds
Number of updated asset objects reloaded before import = 0
Number of asset objects unloaded after import = 0
========================================================================
Received Import Request.
  Time since last request: 0.109731 seconds.
  path: Assets/UI/Stone_cemetery/Crosses_&_gravestones/Gravestones/Grave_plate_01.png
  artifactKey: Guid(73c06413ea0b65b4b95e89d37fa20bbe) Importer(815301076,1909f56bfc062723c751e8b465ee728b)
Start importing Assets/UI/Stone_cemetery/Crosses_&_gravestones/Gravestones/Grave_plate_01.png using Guid(73c06413ea0b65b4b95e89d37fa20bbe) Importer(815301076,1909f56bfc062723c751e8b465ee728b)  -> (artifact id: 'da08fa414eb51dc2e19b2a32be6d35ef') in 0.014931 seconds
Number of updated asset objects reloaded before import = 0
Number of asset objects unloaded after import = 3
========================================================================
Received Import Request.
  Time since last request: 0.000016 seconds.
  path: Assets/UI/Stone_cemetery/Crosses_&_gravestones/Gravestones/Gravestone_08.png
  artifactKey: Guid(0f985f0d62dcde04395d282ba60475a3) Importer(815301076,1909f56bfc062723c751e8b465ee728b)
Start importing Assets/UI/Stone_cemetery/Crosses_&_gravestones/Gravestones/Gravestone_08.png using Guid(0f985f0d62dcde04395d282ba60475a3) Importer(815301076,1909f56bfc062723c751e8b465ee728b)  -> (artifact id: '97fe7952a7ae52ab9d44b5f38d067260') in 0.013976 seconds
Number of updated asset objects reloaded before import = 0
Number of asset objects unloaded after import = 3
========================================================================
Received Import Request.
  Time since last request: 0.000019 seconds.
  path: Assets/UI/Stone_cemetery/Crosses_&_gravestones/Gravestones/Gravestone_09.png
  artifactKey: Guid(6ae4a6c508658374cbd95298f7e0c245) Importer(815301076,1909f56bfc062723c751e8b465ee728b)
Start importing Assets/UI/Stone_cemetery/Crosses_&_gravestones/Gravestones/Gravestone_09.png using Guid(6ae4a6c508658374cbd95298f7e0c245) Importer(815301076,1909f56bfc062723c751e8b465ee728b)  -> (artifact id: 'a63e6d9694c41649865ebb00ba413e8a') in 0.017138 seconds
Number of updated asset objects reloaded before import = 0
Number of asset objects unloaded after import = 3
========================================================================
Received Import Request.
  Time since last request: 1.574124 seconds.
  path: Assets/UI/Stone_cemetery/Crosses_&_gravestones/Platforms
  artifactKey: Guid(7c4d73db462d0634ea4c6c6ef460dba3) Importer(815301076,1909f56bfc062723c751e8b465ee728b)
Start importing Assets/UI/Stone_cemetery/Crosses_&_gravestones/Platforms using Guid(7c4d73db462d0634ea4c6c6ef460dba3) Importer(815301076,1909f56bfc062723c751e8b465ee728b)  -> (artifact id: '45776dd8a465ba399e1f45fd641cdea7') in 0.000508 seconds
Number of updated asset objects reloaded before import = 0
Number of asset objects unloaded after import = 0
========================================================================
Received Import Request.
  Time since last request: 0.070792 seconds.
  path: Assets/UI/Stone_cemetery/Crosses_&_gravestones/Platforms/Platform_01.png
  artifactKey: Guid(4a56e94fef5dc6544bd84f1455e61575) Importer(815301076,1909f56bfc062723c751e8b465ee728b)
Start importing Assets/UI/Stone_cemetery/Crosses_&_gravestones/Platforms/Platform_01.png using Guid(4a56e94fef5dc6544bd84f1455e61575) Importer(815301076,1909f56bfc062723c751e8b465ee728b)  -> (artifact id: '39e979d066257a5eabe3cf2cc6780756') in 0.014778 seconds
Number of updated asset objects reloaded before import = 0
Number of asset objects unloaded after import = 3
========================================================================
Received Import Request.
  Time since last request: 0.000031 seconds.
  path: Assets/UI/Stone_cemetery/Crosses_&_gravestones/Platforms/Platform_06.png
  artifactKey: Guid(f26707b86d42f7c478df3014af03f76a) Importer(815301076,1909f56bfc062723c751e8b465ee728b)
Start importing Assets/UI/Stone_cemetery/Crosses_&_gravestones/Platforms/Platform_06.png using Guid(f26707b86d42f7c478df3014af03f76a) Importer(815301076,1909f56bfc062723c751e8b465ee728b)  -> (artifact id: 'd79274411d64b8cead80d0b0fffc4170') in 0.017109 seconds
Number of updated asset objects reloaded before import = 0
Number of asset objects unloaded after import = 3
========================================================================
Received Import Request.
  Time since last request: 8.654268 seconds.
  path: Assets/UI/Asset 1/Cursors
  artifactKey: Guid(1a2f92a7817627044b304a3e27aa1ec4) Importer(815301076,1909f56bfc062723c751e8b465ee728b)
Start importing Assets/UI/Asset 1/Cursors using Guid(1a2f92a7817627044b304a3e27aa1ec4) Importer(815301076,1909f56bfc062723c751e8b465ee728b)  -> (artifact id: '90483b6f440ae72bb63f584678a6701e') in 0.000494 seconds
Number of updated asset objects reloaded before import = 0
Number of asset objects unloaded after import = 0
========================================================================
Received Import Request.
  Time since last request: 0.112525 seconds.
  path: Assets/UI/Asset 1/Cursors/Cursor (1).png
  artifactKey: Guid(40cf8c0394ae99840a0269fb586b3cfd) Importer(815301076,1909f56bfc062723c751e8b465ee728b)
Start importing Assets/UI/Asset 1/Cursors/Cursor (1).png using Guid(40cf8c0394ae99840a0269fb586b3cfd) Importer(815301076,1909f56bfc062723c751e8b465ee728b)  -> (artifact id: '116d56027b67d5a802224450fadd124c') in 0.026202 seconds
Number of updated asset objects reloaded before import = 0
Number of asset objects unloaded after import = 3
========================================================================
Received Import Request.
  Time since last request: 0.000022 seconds.
  path: Assets/UI/Asset 1/Cursors/Cursor (7).png
  artifactKey: Guid(f139e67c39cdba1448bc18ebb6183f7e) Importer(815301076,1909f56bfc062723c751e8b465ee728b)
Start importing Assets/UI/Asset 1/Cursors/Cursor (7).png using Guid(f139e67c39cdba1448bc18ebb6183f7e) Importer(815301076,1909f56bfc062723c751e8b465ee728b)  -> (artifact id: 'a242c4ded1c2fe3753ac2092f4bbb293') in 0.020866 seconds
Number of updated asset objects reloaded before import = 0
Number of asset objects unloaded after import = 3
========================================================================
Received Import Request.
  Time since last request: 0.000022 seconds.
  path: Assets/UI/Asset 1/Cursors/Cursor (15).png
  artifactKey: Guid(cd55764e79c2cf7469e14f6fd4eafff2) Importer(815301076,1909f56bfc062723c751e8b465ee728b)
Start importing Assets/UI/Asset 1/Cursors/Cursor (15).png using Guid(cd55764e79c2cf7469e14f6fd4eafff2) Importer(815301076,1909f56bfc062723c751e8b465ee728b)  -> (artifact id: '783947e8dd91b33f89e56ffb5af0a900') in 0.021278 seconds
Number of updated asset objects reloaded before import = 0
Number of asset objects unloaded after import = 3
========================================================================
Received Import Request.
  Time since last request: 0.000042 seconds.
  path: Assets/UI/Asset 1/Cursors/Cursor (14).png
  artifactKey: Guid(ee833891bfacace4ba266ecce180588b) Importer(815301076,1909f56bfc062723c751e8b465ee728b)
Start importing Assets/UI/Asset 1/Cursors/Cursor (14).png using Guid(ee833891bfacace4ba266ecce180588b) Importer(815301076,1909f56bfc062723c751e8b465ee728b)  -> (artifact id: 'c19a465f12b7e0b92eb9b846beade0e7') in 0.020404 seconds
Number of updated asset objects reloaded before import = 0
Number of asset objects unloaded after import = 3
========================================================================
Received Import Request.
  Time since last request: 4.096895 seconds.
  path: Assets/UI/Asset 1/Dialogue_plates
  artifactKey: Guid(36e78c070d4f86d4387a29874662dabd) Importer(815301076,1909f56bfc062723c751e8b465ee728b)
Start importing Assets/UI/Asset 1/Dialogue_plates using Guid(36e78c070d4f86d4387a29874662dabd) Importer(815301076,1909f56bfc062723c751e8b465ee728b)  -> (artifact id: '470056f07a7ed47656c35107e295936e') in 0.000554 seconds
Number of updated asset objects reloaded before import = 0
Number of asset objects unloaded after import = 0
========================================================================
Received Import Request.
  Time since last request: 0.112810 seconds.
  path: Assets/UI/Asset 1/Dialogue_plates/Plate (1).png
  artifactKey: Guid(ffa62bf99be7e9a459b0112ab6ef7da1) Importer(815301076,1909f56bfc062723c751e8b465ee728b)
Start importing Assets/UI/Asset 1/Dialogue_plates/Plate (1).png using Guid(ffa62bf99be7e9a459b0112ab6ef7da1) Importer(815301076,1909f56bfc062723c751e8b465ee728b)  -> (artifact id: '92dbbcd479e20aa006a358cfeafaaf1c') in 0.022167 seconds
Number of updated asset objects reloaded before import = 0
Number of asset objects unloaded after import = 3
========================================================================
Received Import Request.
  Time since last request: 0.000024 seconds.
  path: Assets/UI/Asset 1/Dialogue_plates/Plate (33).png
  artifactKey: Guid(be41c3621ea78c94bb5658aabcb9dfa5) Importer(815301076,1909f56bfc062723c751e8b465ee728b)
Start importing Assets/UI/Asset 1/Dialogue_plates/Plate (33).png using Guid(be41c3621ea78c94bb5658aabcb9dfa5) Importer(815301076,1909f56bfc062723c751e8b465ee728b)  -> (artifact id: 'b9e86bc33554edfc6141711b859bf66c') in 0.022100 seconds
Number of updated asset objects reloaded before import = 0
Number of asset objects unloaded after import = 3
========================================================================
Received Import Request.
  Time since last request: 0.000017 seconds.
  path: Assets/UI/Asset 1/Dialogue_plates/Plate (11).png
  artifactKey: Guid(96e15952051a98744840ea12f191eaad) Importer(815301076,1909f56bfc062723c751e8b465ee728b)
Start importing Assets/UI/Asset 1/Dialogue_plates/Plate (11).png using Guid(96e15952051a98744840ea12f191eaad) Importer(815301076,1909f56bfc062723c751e8b465ee728b)  -> (artifact id: 'af0b0fd2f1797b699fc32b36517914d2') in 0.020277 seconds
Number of updated asset objects reloaded before import = 0
Number of asset objects unloaded after import = 3
========================================================================
Received Import Request.
  Time since last request: 0.000028 seconds.
  path: Assets/UI/Asset 1/Dialogue_plates/Plate (26).png
  artifactKey: Guid(5a5174e37ccb78c41bf6f4dfbf0840a7) Importer(815301076,1909f56bfc062723c751e8b465ee728b)
Start importing Assets/UI/Asset 1/Dialogue_plates/Plate (26).png using Guid(5a5174e37ccb78c41bf6f4dfbf0840a7) Importer(815301076,1909f56bfc062723c751e8b465ee728b)  -> (artifact id: '4f8cda47a404778a09630c291fad7fd6') in 0.018213 seconds
Number of updated asset objects reloaded before import = 0
Number of asset objects unloaded after import = 3
========================================================================
Received Import Request.
  Time since last request: 0.000020 seconds.
  path: Assets/UI/Asset 1/Dialogue_plates/Plate (49).png
  artifactKey: Guid(a324b7cd1405ff140b4a67b7197a825f) Importer(815301076,1909f56bfc062723c751e8b465ee728b)
Start importing Assets/UI/Asset 1/Dialogue_plates/Plate (49).png using Guid(a324b7cd1405ff140b4a67b7197a825f) Importer(815301076,1909f56bfc062723c751e8b465ee728b)  -> (artifact id: '5f8aaf5ee0b0bd68a44aee6504b38b11') in 0.019862 seconds
Number of updated asset objects reloaded before import = 0
Number of asset objects unloaded after import = 3
========================================================================
Received Import Request.
  Time since last request: 0.000021 seconds.
  path: Assets/UI/Asset 1/Dialogue_plates/Plate (43).png
  artifactKey: Guid(2c9daca9b8c62c5408d8228b9a85bda0) Importer(815301076,1909f56bfc062723c751e8b465ee728b)
Start importing Assets/UI/Asset 1/Dialogue_plates/Plate (43).png using Guid(2c9daca9b8c62c5408d8228b9a85bda0) Importer(815301076,1909f56bfc062723c751e8b465ee728b)  -> (artifact id: 'dbfc748e28788d586420b12d6e4843af') in 0.019930 seconds
Number of updated asset objects reloaded before import = 0
Number of asset objects unloaded after import = 3
========================================================================
Received Import Request.
  Time since last request: 0.000027 seconds.
  path: Assets/UI/Asset 1/Dialogue_plates/Plate (18).png
  artifactKey: Guid(a832c1aed0811cf4381eb4dd8c0a11fd) Importer(815301076,1909f56bfc062723c751e8b465ee728b)
Start importing Assets/UI/Asset 1/Dialogue_plates/Plate (18).png using Guid(a832c1aed0811cf4381eb4dd8c0a11fd) Importer(815301076,1909f56bfc062723c751e8b465ee728b)  -> (artifact id: '48172357d9430721db57a2de7301eaa1') in 0.021532 seconds
Number of updated asset objects reloaded before import = 0
Number of asset objects unloaded after import = 3
========================================================================
Received Import Request.
  Time since last request: 0.000034 seconds.
  path: Assets/UI/Asset 1/Dialogue_plates/Plate (46).png
  artifactKey: Guid(8279bba7e8a287247a65190e933b9478) Importer(815301076,1909f56bfc062723c751e8b465ee728b)
Start importing Assets/UI/Asset 1/Dialogue_plates/Plate (46).png using Guid(8279bba7e8a287247a65190e933b9478) Importer(815301076,1909f56bfc062723c751e8b465ee728b)  -> (artifact id: '7199c01b0f6f370760b3a8b8832ff731') in 0.020987 seconds
Number of updated asset objects reloaded before import = 0
Number of asset objects unloaded after import = 3
========================================================================
Received Import Request.
  Time since last request: 0.000019 seconds.
  path: Assets/UI/Asset 1/Dialogue_plates/Plate (21).png
  artifactKey: Guid(3176d3ea66afb604390ff3189dac4d0f) Importer(815301076,1909f56bfc062723c751e8b465ee728b)
Start importing Assets/UI/Asset 1/Dialogue_plates/Plate (21).png using Guid(3176d3ea66afb604390ff3189dac4d0f) Importer(815301076,1909f56bfc062723c751e8b465ee728b)  -> (artifact id: '2e733dfd4abd97ad40962da83267e601') in 0.020049 seconds
Number of updated asset objects reloaded before import = 0
Number of asset objects unloaded after import = 3
========================================================================
Received Import Request.
  Time since last request: 0.000020 seconds.
  path: Assets/UI/Asset 1/Dialogue_plates/Plate (7).png
  artifactKey: Guid(2e2e08f935d0e1d4f953576eb4678622) Importer(815301076,1909f56bfc062723c751e8b465ee728b)
Start importing Assets/UI/Asset 1/Dialogue_plates/Plate (7).png using Guid(2e2e08f935d0e1d4f953576eb4678622) Importer(815301076,1909f56bfc062723c751e8b465ee728b)  -> (artifact id: 'c6e3652d9ac15df825dfffa8b36ff7e5') in 0.018682 seconds
Number of updated asset objects reloaded before import = 0
Number of asset objects unloaded after import = 3
========================================================================
Received Import Request.
  Time since last request: 0.000082 seconds.
  path: Assets/UI/Asset 1/Dialogue_plates/Plate (35).png
  artifactKey: Guid(3dc938c1c43905b42a5547e5ba821e1e) Importer(815301076,1909f56bfc062723c751e8b465ee728b)
Start importing Assets/UI/Asset 1/Dialogue_plates/Plate (35).png using Guid(3dc938c1c43905b42a5547e5ba821e1e) Importer(815301076,1909f56bfc062723c751e8b465ee728b)  -> (artifact id: '16172e402691ecc9aae40179e3c44a8a') in 0.019359 seconds
Number of updated asset objects reloaded before import = 0
Number of asset objects unloaded after import = 3
========================================================================
Received Import Request.
  Time since last request: 0.000044 seconds.
  path: Assets/UI/Asset 1/Dialogue_plates/Plate (10).png
  artifactKey: Guid(3d4913be6f27f0d4989bc3e34ac711ff) Importer(815301076,1909f56bfc062723c751e8b465ee728b)
Start importing Assets/UI/Asset 1/Dialogue_plates/Plate (10).png using Guid(3d4913be6f27f0d4989bc3e34ac711ff) Importer(815301076,1909f56bfc062723c751e8b465ee728b)  -> (artifact id: '44053124ed7c6531e4cc1ce8c63f14fa') in 0.023535 seconds
Number of updated asset objects reloaded before import = 0
Number of asset objects unloaded after import = 3
========================================================================
Received Import Request.
  Time since last request: 0.000036 seconds.
  path: Assets/UI/Asset 1/Dialogue_plates/Plate (13).png
  artifactKey: Guid(f45eceeb1cc633841ab02aa5d309eba5) Importer(815301076,1909f56bfc062723c751e8b465ee728b)
Start importing Assets/UI/Asset 1/Dialogue_plates/Plate (13).png using Guid(f45eceeb1cc633841ab02aa5d309eba5) Importer(815301076,1909f56bfc062723c751e8b465ee728b)  -> (artifact id: '19122e296126390179731d386711876d') in 0.018642 seconds
Number of updated asset objects reloaded before import = 0
Number of asset objects unloaded after import = 3
========================================================================
Received Import Request.
  Time since last request: 0.672893 seconds.
  path: Assets/UI/Asset 1/Dialogue_plates/Plate (52).png
  artifactKey: Guid(1ab91b832af80c3409992a656a53d27e) Importer(815301076,1909f56bfc062723c751e8b465ee728b)
Start importing Assets/UI/Asset 1/Dialogue_plates/Plate (52).png using Guid(1ab91b832af80c3409992a656a53d27e) Importer(815301076,1909f56bfc062723c751e8b465ee728b)  -> (artifact id: 'ec21f12a48186f42e5688d0c21140987') in 0.020726 seconds
Number of updated asset objects reloaded before import = 0
Number of asset objects unloaded after import = 3
========================================================================
Received Import Request.
  Time since last request: 0.000046 seconds.
  path: Assets/UI/Asset 1/Dialogue_plates/Plate (60).png
  artifactKey: Guid(4044939eed8f53441b25e0e23daf48a2) Importer(815301076,1909f56bfc062723c751e8b465ee728b)
Start importing Assets/UI/Asset 1/Dialogue_plates/Plate (60).png using Guid(4044939eed8f53441b25e0e23daf48a2) Importer(815301076,1909f56bfc062723c751e8b465ee728b)  -> (artifact id: '69f7db2f6c0b788a9c16244d1d97a83e') in 0.016425 seconds
Number of updated asset objects reloaded before import = 0
Number of asset objects unloaded after import = 3
========================================================================
Received Import Request.
  Time since last request: 0.000031 seconds.
  path: Assets/UI/Asset 1/Dialogue_plates/Plate (56).png
  artifactKey: Guid(fead96ee440b0f14386a06065eec5a19) Importer(815301076,1909f56bfc062723c751e8b465ee728b)
Start importing Assets/UI/Asset 1/Dialogue_plates/Plate (56).png using Guid(fead96ee440b0f14386a06065eec5a19) Importer(815301076,1909f56bfc062723c751e8b465ee728b)  -> (artifact id: '62e9ab6c8b1b277930181301f5b6b040') in 0.017651 seconds
Number of updated asset objects reloaded before import = 0
Number of asset objects unloaded after import = 3
========================================================================
Received Import Request.
  Time since last request: 0.438782 seconds.
  path: Assets/UI/Asset 1/Dialogue_plates/Plate (62).png
  artifactKey: Guid(fe2fbced4bf47384f90c0206ea87803f) Importer(815301076,1909f56bfc062723c751e8b465ee728b)
Start importing Assets/UI/Asset 1/Dialogue_plates/Plate (62).png using Guid(fe2fbced4bf47384f90c0206ea87803f) Importer(815301076,1909f56bfc062723c751e8b465ee728b)  -> (artifact id: '2a9e6fb44960e41696e4bd6f38896a57') in 0.023107 seconds
Number of updated asset objects reloaded before import = 0
Number of asset objects unloaded after import = 3
========================================================================
Received Import Request.
  Time since last request: 896.630054 seconds.
  path: Assets/Dialogs
  artifactKey: Guid(f2aa6d28a0e5b7a47ba3e9ef142f9dba) Importer(815301076,1909f56bfc062723c751e8b465ee728b)
Start importing Assets/Dialogs using Guid(f2aa6d28a0e5b7a47ba3e9ef142f9dba) Importer(815301076,1909f56bfc062723c751e8b465ee728b)  -> (artifact id: '5b0b0f59a128f77ac923ba59c5be4870') in 0.000838 seconds
Number of updated asset objects reloaded before import = 0
Number of asset objects unloaded after import = 0
========================================================================
Received Import Request.
  Time since last request: 14.742728 seconds.
  path: Assets/DialogueEditor/Assets
  artifactKey: Guid(09411f9dfed45894f82f1136072d6e3f) Importer(815301076,1909f56bfc062723c751e8b465ee728b)
Start importing Assets/DialogueEditor/Assets using Guid(09411f9dfed45894f82f1136072d6e3f) Importer(815301076,1909f56bfc062723c751e8b465ee728b)  -> (artifact id: 'e3d18de60a455924fb2b1e0104af06db') in 0.010969 seconds
Number of updated asset objects reloaded before import = 0
Number of asset objects unloaded after import = 0
========================================================================
Received Import Request.
  Time since last request: 1.230680 seconds.
  path: Assets/DialogueEditor/Assets/DefaultSprites
  artifactKey: Guid(fec5a618ed4b53b4f9a3b8c5ef2d82f1) Importer(815301076,1909f56bfc062723c751e8b465ee728b)
Start importing Assets/DialogueEditor/Assets/DefaultSprites using Guid(fec5a618ed4b53b4f9a3b8c5ef2d82f1) Importer(815301076,1909f56bfc062723c751e8b465ee728b)  -> (artifact id: '9dcde18c2145692a8183d2fc86a1c7d3') in 0.001157 seconds
Number of updated asset objects reloaded before import = 0
Number of asset objects unloaded after import = 0
========================================================================
Received Import Request.
  Time since last request: 0.086239 seconds.
  path: Assets/DialogueEditor/Assets/DefaultSprites/BackingImage.png
  artifactKey: Guid(bf566e80557acbc45b9a695fcaa25327) Importer(815301076,1909f56bfc062723c751e8b465ee728b)
Start importing Assets/DialogueEditor/Assets/DefaultSprites/BackingImage.png using Guid(bf566e80557acbc45b9a695fcaa25327) Importer(815301076,1909f56bfc062723c751e8b465ee728b)  -> (artifact id: '43fdbe86e736159f102d85471b36f127') in 0.015016 seconds
Number of updated asset objects reloaded before import = 0
Number of asset objects unloaded after import = 3
========================================================================
Received Import Request.
  Time since last request: 9.506613 seconds.
  path: Assets/Персонаж/IsometricElfFreeVer
  artifactKey: Guid(dc719e9a1619fa7498f5ef435845684d) Importer(815301076,1909f56bfc062723c751e8b465ee728b)
Start importing Assets/Персонаж/IsometricElfFreeVer using Guid(dc719e9a1619fa7498f5ef435845684d) Importer(815301076,1909f56bfc062723c751e8b465ee728b)  -> (artifact id: 'cf2f3a1dc18fac257ac519577c197afc') in 0.000527 seconds
Number of updated asset objects reloaded before import = 0
Number of asset objects unloaded after import = 0
========================================================================
Received Import Request.
  Time since last request: 5.903506 seconds.
  path: Assets/TextMesh Pro
  artifactKey: Guid(f54d1bd14bd3ca042bd867b519fee8cc) Importer(815301076,1909f56bfc062723c751e8b465ee728b)
Start importing Assets/TextMesh Pro using Guid(f54d1bd14bd3ca042bd867b519fee8cc) Importer(815301076,1909f56bfc062723c751e8b465ee728b)  -> (artifact id: '30796653c4dfc1f2480bca9d8b60487c') in 0.000536 seconds
Number of updated asset objects reloaded before import = 0
Number of asset objects unloaded after import = 0
========================================================================
Received Import Request.
  Time since last request: 32.771130 seconds.
  path: Assets/DialogueEditor/Assets/Prefabs
  artifactKey: Guid(94964f5e0446d0146b12ef812b01f564) Importer(815301076,1909f56bfc062723c751e8b465ee728b)
Start importing Assets/DialogueEditor/Assets/Prefabs using Guid(94964f5e0446d0146b12ef812b01f564) Importer(815301076,1909f56bfc062723c751e8b465ee728b)  -> (artifact id: '2d987a8d150bc4388152fd90e31973e8') in 0.010903 seconds
Number of updated asset objects reloaded before import = 0
Number of asset objects unloaded after import = 0
========================================================================
Received Import Request.
  Time since last request: 1.806326 seconds.
  path: Assets/DialogueEditor/Assets/Scripts
  artifactKey: Guid(4c6eb89fd7eef57428ea82a0c48a4b6c) Importer(815301076,1909f56bfc062723c751e8b465ee728b)
Start importing Assets/DialogueEditor/Assets/Scripts using Guid(4c6eb89fd7eef57428ea82a0c48a4b6c) Importer(815301076,1909f56bfc062723c751e8b465ee728b)  -> (artifact id: '7f785c4b3fa346c1c7c6587940a97fb8') in 0.010580 seconds
Number of updated asset objects reloaded before import = 0
Number of asset objects unloaded after import = 0
========================================================================
Received Import Request.
  Time since last request: 143.788736 seconds.
  path: Assets/AstarPathfindingProject/Editor/EditorAssets/LightSkin/deleteButton@1x.png
  artifactKey: Guid(3240f334343ca4dee8239c16d2de57c6) Importer(815301076,1909f56bfc062723c751e8b465ee728b)
Start importing Assets/AstarPathfindingProject/Editor/EditorAssets/LightSkin/deleteButton@1x.png using Guid(3240f334343ca4dee8239c16d2de57c6) Importer(815301076,1909f56bfc062723c751e8b465ee728b)  -> (artifact id: '3214f3d858ea105d2f840220797dce78') in 0.009983 seconds
Number of updated asset objects reloaded before import = 0
Number of asset objects unloaded after import = 2
========================================================================
Received Import Request.
  Time since last request: 0.000015 seconds.
  path: Assets/AstarPathfindingProject/Editor/EditorAssets/DarkSkin/deleteButton@2x.png
  artifactKey: Guid(c730485723dee4bcbad9d8a7593a8799) Importer(815301076,1909f56bfc062723c751e8b465ee728b)
Start importing Assets/AstarPathfindingProject/Editor/EditorAssets/DarkSkin/deleteButton@2x.png using Guid(c730485723dee4bcbad9d8a7593a8799) Importer(815301076,1909f56bfc062723c751e8b465ee728b)  -> (artifact id: '169b4e803a367df8dba489c66677c9c3') in 0.011096 seconds
Number of updated asset objects reloaded before import = 0
Number of asset objects unloaded after import = 2
========================================================================
Received Import Request.
  Time since last request: 0.000018 seconds.
  path: Assets/AstarPathfindingProject/Editor/EditorAssets/LightSkin/deleteButton_active@1x.png
  artifactKey: Guid(c051ffc737cd54d909137d2937e82930) Importer(815301076,1909f56bfc062723c751e8b465ee728b)
Start importing Assets/AstarPathfindingProject/Editor/EditorAssets/LightSkin/deleteButton_active@1x.png using Guid(c051ffc737cd54d909137d2937e82930) Importer(815301076,1909f56bfc062723c751e8b465ee728b)  -> (artifact id: '62f3e24e22e71f409e84a9b8c0723759') in 0.009653 seconds
Number of updated asset objects reloaded before import = 0
Number of asset objects unloaded after import = 2
========================================================================
Received Import Request.
  Time since last request: 0.098896 seconds.
  path: Assets/AstarPathfindingProject/Editor/EditorAssets/DarkSkin/editButton@1x.png
  artifactKey: Guid(705155b2c3fce47f0a818ac32d5abe3f) Importer(815301076,1909f56bfc062723c751e8b465ee728b)
Start importing Assets/AstarPathfindingProject/Editor/EditorAssets/DarkSkin/editButton@1x.png using Guid(705155b2c3fce47f0a818ac32d5abe3f) Importer(815301076,1909f56bfc062723c751e8b465ee728b)  -> (artifact id: '3222d36e659a471efb807a36a8ec6c6c') in 0.010954 seconds
Number of updated asset objects reloaded before import = 0
Number of asset objects unloaded after import = 2
========================================================================
Received Import Request.
  Time since last request: 0.000020 seconds.
  path: Assets/AstarPathfindingProject/Editor/EditorAssets/LightSkin/editButton@2x.png
  artifactKey: Guid(7e276a83ed42e4e3584a50b6084eef8d) Importer(815301076,1909f56bfc062723c751e8b465ee728b)
Start importing Assets/AstarPathfindingProject/Editor/EditorAssets/LightSkin/editButton@2x.png using Guid(7e276a83ed42e4e3584a50b6084eef8d) Importer(815301076,1909f56bfc062723c751e8b465ee728b)  -> (artifact id: '2ba9f36d70c83c50863e74bd50e6b6f7') in 0.010266 seconds
Number of updated asset objects reloaded before import = 0
Number of asset objects unloaded after import = 2
========================================================================
Received Import Request.
  Time since last request: 0.000018 seconds.
  path: Assets/AstarPathfindingProject/Editor/EditorAssets/LightSkin/editButton_active@1x.png
  artifactKey: Guid(3354fe2e1951d420fa49d8f4fec2954b) Importer(815301076,1909f56bfc062723c751e8b465ee728b)
Start importing Assets/AstarPathfindingProject/Editor/EditorAssets/LightSkin/editButton_active@1x.png using Guid(3354fe2e1951d420fa49d8f4fec2954b) Importer(815301076,1909f56bfc062723c751e8b465ee728b)  -> (artifact id: '4037b476827c7b2b94d9fababea80c97') in 0.009466 seconds
Number of updated asset objects reloaded before import = 0
Number of asset objects unloaded after import = 2
========================================================================
Received Import Request.
  Time since last request: 0.000016 seconds.
  path: Assets/AstarPathfindingProject/Editor/EditorAssets/DarkSkin/editButton_active@2x.png
  artifactKey: Guid(f6a4baf90a7bb4e4a92abe07f1a0a9d3) Importer(815301076,1909f56bfc062723c751e8b465ee728b)
Start importing Assets/AstarPathfindingProject/Editor/EditorAssets/DarkSkin/editButton_active@2x.png using Guid(f6a4baf90a7bb4e4a92abe07f1a0a9d3) Importer(815301076,1909f56bfc062723c751e8b465ee728b)  -> (artifact id: 'f6e768fa778df18da6ef8e38f77fad87') in 0.010151 seconds
Number of updated asset objects reloaded before import = 0
Number of asset objects unloaded after import = 2
========================================================================
Received Import Request.
  Time since last request: 0.000024 seconds.
  path: Assets/AstarPathfindingProject/Editor/EditorAssets/DarkSkin/editButton_active@1x.png
  artifactKey: Guid(e0cb3cc51f25a48bf8b0c647452b09b1) Importer(815301076,1909f56bfc062723c751e8b465ee728b)
Start importing Assets/AstarPathfindingProject/Editor/EditorAssets/DarkSkin/editButton_active@1x.png using Guid(e0cb3cc51f25a48bf8b0c647452b09b1) Importer(815301076,1909f56bfc062723c751e8b465ee728b)  -> (artifact id: 'ffea9aae77fdd9e996e9076bc5b27260') in 0.010201 seconds
Number of updated asset objects reloaded before import = 0
Number of asset objects unloaded after import = 2
========================================================================
Received Import Request.
  Time since last request: 0.000019 seconds.
  path: Assets/AstarPathfindingProject/Editor/EditorAssets/DarkSkin/gizmoButton_off@1x.png
  artifactKey: Guid(b05124c2b9dc5429a84ef0195a916fce) Importer(815301076,1909f56bfc062723c751e8b465ee728b)
Start importing Assets/AstarPathfindingProject/Editor/EditorAssets/DarkSkin/gizmoButton_off@1x.png using Guid(b05124c2b9dc5429a84ef0195a916fce) Importer(815301076,1909f56bfc062723c751e8b465ee728b)  -> (artifact id: '14aa4342d44a33895adc60cdab3de50e') in 0.013491 seconds
Number of updated asset objects reloaded before import = 0
Number of asset objects unloaded after import = 2
========================================================================
Received Import Request.
  Time since last request: 0.000014 seconds.
  path: Assets/AstarPathfindingProject/Editor/EditorAssets/LightSkin/gizmoButton_off@2x.png
  artifactKey: Guid(deb2afb942c3b42fbba8823da7f05894) Importer(815301076,1909f56bfc062723c751e8b465ee728b)
Start importing Assets/AstarPathfindingProject/Editor/EditorAssets/LightSkin/gizmoButton_off@2x.png using Guid(deb2afb942c3b42fbba8823da7f05894) Importer(815301076,1909f56bfc062723c751e8b465ee728b)  -> (artifact id: 'cb373133cc23eb167b94bf707704690c') in 0.008312 seconds
Number of updated asset objects reloaded before import = 0
Number of asset objects unloaded after import = 2
========================================================================
Received Import Request.
  Time since last request: 0.000015 seconds.
  path: Assets/AstarPathfindingProject/Editor/EditorAssets/DarkSkin/gizmoButton_off@2x.png
  artifactKey: Guid(3772050cdbd2a472789aa76d6de5b270) Importer(815301076,1909f56bfc062723c751e8b465ee728b)
Start importing Assets/AstarPathfindingProject/Editor/EditorAssets/DarkSkin/gizmoButton_off@2x.png using Guid(3772050cdbd2a472789aa76d6de5b270) Importer(815301076,1909f56bfc062723c751e8b465ee728b)  -> (artifact id: '0adcc15f8afd8a7cb90803142c95668a') in 0.009494 seconds
Number of updated asset objects reloaded before import = 0
Number of asset objects unloaded after import = 2
========================================================================
Received Import Request.
  Time since last request: 0.000014 seconds.
  path: Assets/AstarPathfindingProject/Editor/EditorAssets/LightSkin/infoButton@1x.png
  artifactKey: Guid(efb7b60811b9a4ec7b92ecfcaa9bcd0d) Importer(815301076,1909f56bfc062723c751e8b465ee728b)
Start importing Assets/AstarPathfindingProject/Editor/EditorAssets/LightSkin/infoButton@1x.png using Guid(efb7b60811b9a4ec7b92ecfcaa9bcd0d) Importer(815301076,1909f56bfc062723c751e8b465ee728b)  -> (artifact id: '3025bff74a4cf7c8480b20d06ead9736') in 0.009803 seconds
Number of updated asset objects reloaded before import = 0
Number of asset objects unloaded after import = 2
========================================================================
Received Import Request.
  Time since last request: 0.010325 seconds.
  path: Assets/AstarPathfindingProject/Editor/EditorAssets/DarkSkin/infoButton_active@1x.png
  artifactKey: Guid(d008deade2077407fbf14446df2547c9) Importer(815301076,1909f56bfc062723c751e8b465ee728b)
Start importing Assets/AstarPathfindingProject/Editor/EditorAssets/DarkSkin/infoButton_active@1x.png using Guid(d008deade2077407fbf14446df2547c9) Importer(815301076,1909f56bfc062723c751e8b465ee728b)  -> (artifact id: '2f2c9ba3060e5e453e526676d564e258') in 0.013199 seconds
Number of updated asset objects reloaded before import = 0
Number of asset objects unloaded after import = 2
========================================================================
Received Import Request.
  Time since last request: 0.000022 seconds.
  path: Assets/AstarPathfindingProject/Editor/EditorAssets/LightSkin/infoButton_active@1x.png
  artifactKey: Guid(7604699b5bc8f4343b03cc4d0b603403) Importer(815301076,1909f56bfc062723c751e8b465ee728b)
Start importing Assets/AstarPathfindingProject/Editor/EditorAssets/LightSkin/infoButton_active@1x.png using Guid(7604699b5bc8f4343b03cc4d0b603403) Importer(815301076,1909f56bfc062723c751e8b465ee728b)  -> (artifact id: '194672182dd69c9f8cb3aa7723513a50') in 0.009726 seconds
Number of updated asset objects reloaded before import = 0
Number of asset objects unloaded after import = 2
========================================================================
Received Import Request.
  Time since last request: 0.000016 seconds.
  path: Assets/AstarPathfindingProject/Editor/EditorAssets/LightSkin/infoButton@2x.png
  artifactKey: Guid(7ef0e648811f14f65b69c2df3f27de11) Importer(815301076,1909f56bfc062723c751e8b465ee728b)
Start importing Assets/AstarPathfindingProject/Editor/EditorAssets/LightSkin/infoButton@2x.png using Guid(7ef0e648811f14f65b69c2df3f27de11) Importer(815301076,1909f56bfc062723c751e8b465ee728b)  -> (artifact id: '263495eaf6443f4d342bd3874a28eae0') in 0.014722 seconds
Number of updated asset objects reloaded before import = 0
Number of asset objects unloaded after import = 2
========================================================================
Received Import Request.
  Time since last request: 1.853539 seconds.
  path: Assets/AstarPathfindingProject/Editor/EditorAssets/AstarEditorSkinDark.guiskin
  artifactKey: Guid(8fc713511eb5d4fb9937ab63de6af346) Importer(815301076,1909f56bfc062723c751e8b465ee728b)
Start importing Assets/AstarPathfindingProject/Editor/EditorAssets/AstarEditorSkinDark.guiskin using Guid(8fc713511eb5d4fb9937ab63de6af346) Importer(815301076,1909f56bfc062723c751e8b465ee728b)  -> (artifact id: '9115126cfea856401b841fa05bf5df25') in 0.006240 seconds
Number of updated asset objects reloaded before import = 0
Number of asset objects unloaded after import = 1
========================================================================
Received Import Request.
  Time since last request: 0.021776 seconds.
  path: Assets/TextMesh Pro/Resources/Style Sheets/Default Style Sheet.asset
  artifactKey: Guid(f952c082cb03451daed3ee968ac6c63e) Importer(815301076,1909f56bfc062723c751e8b465ee728b)
Start importing Assets/TextMesh Pro/Resources/Style Sheets/Default Style Sheet.asset using Guid(f952c082cb03451daed3ee968ac6c63e) Importer(815301076,1909f56bfc062723c751e8b465ee728b)  -> (artifact id: 'af00edb55e05cf3e37977090ae9927d6') in 0.001646 seconds
Number of updated asset objects reloaded before import = 0
Number of asset objects unloaded after import = 1
========================================================================
Received Import Request.
  Time since last request: 0.402974 seconds.
  path: Assets/AstarPathfindingProject/Resources/PF Props Statue.prefab
  artifactKey: Guid(e25b87a7bde5e1a46962fd08ff323b8b) Importer(815301076,1909f56bfc062723c751e8b465ee728b)
Start importing Assets/AstarPathfindingProject/Resources/PF Props Statue.prefab using Guid(e25b87a7bde5e1a46962fd08ff323b8b) Importer(815301076,1909f56bfc062723c751e8b465ee728b)  -> (artifact id: '568c78268822deb82a45ac8a2ccdf702') in 0.070045 seconds
Number of updated asset objects reloaded before import = 0
Number of asset objects unloaded after import = 26
========================================================================
Received Prepare
Begin MonoManager ReloadAssembly
- Loaded All Assemblies, in  0.596 seconds
Refreshing native plugins compatible for Editor in 4.23 ms, found 4 plugins.
Native extension for WindowsStandalone target not found
Native extension for WebGL target not found
[Package Manager] Server::EnsureServerProcessIsRunning -- launch failed, reason: Unity was launched with the -noUpm command-line argument
[Package Manager] UpmClient::Send -- Unable to send message (not connected to UPM process).
[Package Manager] Cannot connect to Unity Package Manager local server
Mono: successfully reloaded assembly
- Finished resetting the current domain, in  1.705 seconds
Domain Reload Profiling: 2297ms
	BeginReloadAssembly (201ms)
		ExecutionOrderSort (0ms)
		DisableScriptedObjects (12ms)
		BackupInstance (0ms)
		ReleaseScriptingObjects (0ms)
		CreateAndSetChildDomain (50ms)
	RebuildCommonClasses (38ms)
	RebuildNativeTypeToScriptingClass (15ms)
	initialDomainReloadingComplete (33ms)
	LoadAllAssembliesAndSetupDomain (306ms)
		LoadAssemblies (376ms)
		RebuildTransferFunctionScriptingTraits (0ms)
		AnalyzeDomain (37ms)
			TypeCache.Refresh (10ms)
				TypeCache.ScanAssembly (0ms)
			ScanForSourceGeneratedMonoScriptInfo (19ms)
			ResolveRequiredComponents (8ms)
	FinalizeReload (1705ms)
		ReleaseScriptCaches (0ms)
		RebuildScriptCaches (0ms)
		SetupLoadedEditorAssemblies (491ms)
			LogAssemblyErrors (0ms)
			InitializePlatformSupportModulesInManaged (10ms)
			SetLoadedEditorAssemblies (5ms)
			RefreshPlugins (0ms)
			BeforeProcessingInitializeOnLoad (88ms)
			ProcessInitializeOnLoadAttributes (350ms)
			ProcessInitializeOnLoadMethodAttributes (33ms)
			AfterProcessingInitializeOnLoad (6ms)
			EditorAssembliesLoaded (0ms)
		ExecutionOrderSort2 (0ms)
		AwakeInstancesAfterBackupRestoration (13ms)
Refreshing native plugins compatible for Editor in 4.99 ms, found 4 plugins.
Preloading 0 native plugins for Editor in 0.00 ms.
Unloading 4572 Unused Serialized files (Serialized files now loaded: 0)
Unloading 55 unused Assets / (46.1 KB). Loaded Objects now: 5158.
Memory consumption went from 151.8 MB to 151.8 MB.
Total: 5.629100 ms (FindLiveObjects: 0.447200 ms CreateObjectMapping: 0.205200 ms MarkObjects: 4.851700 ms  DeleteObjects: 0.123400 ms)

Prepare: number of updated asset objects reloaded= 0
AssetImportParameters requested are different than current active one (requested -> active):
  custom:container-demuxer-ogg: 62fdf1f143b41e24485cea50d1cbac27 -> 
  custom:video-decoder-ogg-theora: a1e56fd34408186e4bbccfd4996cb3dc -> 
  custom:framework-win-MediaFoundation: 216162199b28c13a410421893ffa2e32 -> 
  custom:CustomObjectIndexerAttribute: 756ad292c208cfabdd7b50bc23989ffe -> 
  custom:container-demuxer-webm: 4f35f7cbe854078d1ac9338744f61a02 -> 
  custom:container-muxer-webm: aa71ff27fc2769a1b78a27578f13a17b -> 
  custom:video-decoder-webm-vp8: 9c59270c3fd7afecdb556c50c9e8de78 -> 
  custom:SearchIndexIgnoredProperties: e643bd26f0fe6173181afceb89e7c659 -> 
  custom:AudioImporter_EditorPlatform: d09bf68614088b80899f8185d706f6e7 -> 
  custom:video-encoder-webm-vp8: eb34c28f22e8b96e1ab97ce403110664 -> 
  custom:audio-decoder-ogg-vorbis: bf7c407c2cedff20999df2af8eb42d56 -> 
  custom:audio-encoder-webm-vorbis: bf7c407c2cedff20999df2af8eb42d56 -> 
========================================================================
Received Prepare
Begin MonoManager ReloadAssembly
- Loaded All Assemblies, in  0.533 seconds
Refreshing native plugins compatible for Editor in 6.84 ms, found 4 plugins.
Native extension for WindowsStandalone target not found
Native extension for WebGL target not found
[Package Manager] Server::EnsureServerProcessIsRunning -- launch failed, reason: Unity was launched with the -noUpm command-line argument
[Package Manager] UpmClient::Send -- Unable to send message (not connected to UPM process).
[Package Manager] Cannot connect to Unity Package Manager local server
Mono: successfully reloaded assembly
- Finished resetting the current domain, in  1.054 seconds
Domain Reload Profiling: 1586ms
	BeginReloadAssembly (179ms)
		ExecutionOrderSort (0ms)
		DisableScriptedObjects (11ms)
		BackupInstance (0ms)
		ReleaseScriptingObjects (0ms)
		CreateAndSetChildDomain (39ms)
	RebuildCommonClasses (36ms)
	RebuildNativeTypeToScriptingClass (11ms)
	initialDomainReloadingComplete (30ms)
	LoadAllAssembliesAndSetupDomain (275ms)
		LoadAssemblies (353ms)
		RebuildTransferFunctionScriptingTraits (0ms)
		AnalyzeDomain (20ms)
			TypeCache.Refresh (10ms)
				TypeCache.ScanAssembly (0ms)
			ScanForSourceGeneratedMonoScriptInfo (0ms)
			ResolveRequiredComponents (7ms)
	FinalizeReload (1055ms)
		ReleaseScriptCaches (0ms)
		RebuildScriptCaches (0ms)
		SetupLoadedEditorAssemblies (466ms)
			LogAssemblyErrors (0ms)
			InitializePlatformSupportModulesInManaged (6ms)
			SetLoadedEditorAssemblies (5ms)
			RefreshPlugins (0ms)
			BeforeProcessingInitializeOnLoad (79ms)
			ProcessInitializeOnLoadAttributes (335ms)
			ProcessInitializeOnLoadMethodAttributes (33ms)
			AfterProcessingInitializeOnLoad (8ms)
			EditorAssembliesLoaded (0ms)
		ExecutionOrderSort2 (0ms)
		AwakeInstancesAfterBackupRestoration (19ms)
Refreshing native plugins compatible for Editor in 7.16 ms, found 4 plugins.
Preloading 0 native plugins for Editor in 0.00 ms.
Unloading 4573 Unused Serialized files (Serialized files now loaded: 0)
Unloading 37 unused Assets / (35.9 KB). Loaded Objects now: 5162.
Memory consumption went from 152.1 MB to 152.0 MB.
Total: 7.291000 ms (FindLiveObjects: 0.490900 ms CreateObjectMapping: 0.157800 ms MarkObjects: 6.527600 ms  DeleteObjects: 0.112700 ms)

Prepare: number of updated asset objects reloaded= 0
AssetImportParameters requested are different than current active one (requested -> active):
  custom:container-demuxer-ogg: 62fdf1f143b41e24485cea50d1cbac27 -> 
  custom:video-decoder-ogg-theora: a1e56fd34408186e4bbccfd4996cb3dc -> 
  custom:framework-win-MediaFoundation: 216162199b28c13a410421893ffa2e32 -> 
  custom:CustomObjectIndexerAttribute: 756ad292c208cfabdd7b50bc23989ffe -> 
  custom:container-demuxer-webm: 4f35f7cbe854078d1ac9338744f61a02 -> 
  custom:container-muxer-webm: aa71ff27fc2769a1b78a27578f13a17b -> 
  custom:video-decoder-webm-vp8: 9c59270c3fd7afecdb556c50c9e8de78 -> 
  custom:SearchIndexIgnoredProperties: e643bd26f0fe6173181afceb89e7c659 -> 
  custom:AudioImporter_EditorPlatform: d09bf68614088b80899f8185d706f6e7 -> 
  custom:video-encoder-webm-vp8: eb34c28f22e8b96e1ab97ce403110664 -> 
  custom:audio-decoder-ogg-vorbis: bf7c407c2cedff20999df2af8eb42d56 -> 
  custom:audio-encoder-webm-vorbis: bf7c407c2cedff20999df2af8eb42d56 -> 
========================================================================
Received Import Request.
  Time since last request: 70.108509 seconds.
  path: Assets/Scripts/Dialogue
  artifactKey: Guid(4db509897fd496547bb39809af3d087e) Importer(815301076,1909f56bfc062723c751e8b465ee728b)
Start importing Assets/Scripts/Dialogue using Guid(4db509897fd496547bb39809af3d087e) Importer(815301076,1909f56bfc062723c751e8b465ee728b)  -> (artifact id: '0534a65a603efcfa8efd97c1e156d192') in 0.003597 seconds
Number of updated asset objects reloaded before import = 0
Number of asset objects unloaded after import = 0
========================================================================
Received Import Request.
  Time since last request: 11.253766 seconds.
  path: Assets/Scripts/DialogueEd
  artifactKey: Guid(4db509897fd496547bb39809af3d087e) Importer(815301076,1909f56bfc062723c751e8b465ee728b)
Start importing Assets/Scripts/DialogueEd using Guid(4db509897fd496547bb39809af3d087e) Importer(815301076,1909f56bfc062723c751e8b465ee728b)  -> (artifact id: '444068bf22fd0ac0ff771c60dc4d8986') in 0.000490 seconds
Number of updated asset objects reloaded before import = 0
Number of asset objects unloaded after import = 0
========================================================================
Received Prepare
Begin MonoManager ReloadAssembly
- Loaded All Assemblies, in  0.498 seconds
Refreshing native plugins compatible for Editor in 4.92 ms, found 4 plugins.
Native extension for WindowsStandalone target not found
Native extension for WebGL target not found
[Package Manager] Server::EnsureServerProcessIsRunning -- launch failed, reason: Unity was launched with the -noUpm command-line argument
[Package Manager] UpmClient::Send -- Unable to send message (not connected to UPM process).
[Package Manager] Cannot connect to Unity Package Manager local server
Mono: successfully reloaded assembly
- Finished resetting the current domain, in  1.566 seconds
Domain Reload Profiling: 2061ms
	BeginReloadAssembly (167ms)
		ExecutionOrderSort (0ms)
		DisableScriptedObjects (10ms)
		BackupInstance (0ms)
		ReleaseScriptingObjects (0ms)
		CreateAndSetChildDomain (40ms)
	RebuildCommonClasses (31ms)
	RebuildNativeTypeToScriptingClass (9ms)
	initialDomainReloadingComplete (33ms)
	LoadAllAssembliesAndSetupDomain (256ms)
		LoadAssemblies (313ms)
		RebuildTransferFunctionScriptingTraits (0ms)
		AnalyzeDomain (29ms)
			TypeCache.Refresh (9ms)
				TypeCache.ScanAssembly (0ms)
			ScanForSourceGeneratedMonoScriptInfo (14ms)
			ResolveRequiredComponents (5ms)
	FinalizeReload (1566ms)
		ReleaseScriptCaches (0ms)
		RebuildScriptCaches (0ms)
		SetupLoadedEditorAssemblies (415ms)
			LogAssemblyErrors (0ms)
			InitializePlatformSupportModulesInManaged (6ms)
			SetLoadedEditorAssemblies (5ms)
			RefreshPlugins (0ms)
			BeforeProcessingInitializeOnLoad (75ms)
			ProcessInitializeOnLoadAttributes (288ms)
			ProcessInitializeOnLoadMethodAttributes (34ms)
			AfterProcessingInitializeOnLoad (6ms)
			EditorAssembliesLoaded (0ms)
		ExecutionOrderSort2 (0ms)
		AwakeInstancesAfterBackupRestoration (13ms)
Refreshing native plugins compatible for Editor in 4.73 ms, found 4 plugins.
Preloading 0 native plugins for Editor in 0.00 ms.
Unloading 4574 Unused Serialized files (Serialized files now loaded: 0)
Unloading 37 unused Assets / (37.0 KB). Loaded Objects now: 5168.
Memory consumption went from 151.9 MB to 151.8 MB.
Total: 3.499600 ms (FindLiveObjects: 0.414300 ms CreateObjectMapping: 0.146000 ms MarkObjects: 2.869000 ms  DeleteObjects: 0.069300 ms)

Prepare: number of updated asset objects reloaded= 0
AssetImportParameters requested are different than current active one (requested -> active):
  custom:container-demuxer-ogg: 62fdf1f143b41e24485cea50d1cbac27 -> 
  custom:video-decoder-ogg-theora: a1e56fd34408186e4bbccfd4996cb3dc -> 
  custom:framework-win-MediaFoundation: 216162199b28c13a410421893ffa2e32 -> 
  custom:CustomObjectIndexerAttribute: 756ad292c208cfabdd7b50bc23989ffe -> 
  custom:container-demuxer-webm: 4f35f7cbe854078d1ac9338744f61a02 -> 
  custom:container-muxer-webm: aa71ff27fc2769a1b78a27578f13a17b -> 
  custom:video-decoder-webm-vp8: 9c59270c3fd7afecdb556c50c9e8de78 -> 
  custom:SearchIndexIgnoredProperties: e643bd26f0fe6173181afceb89e7c659 -> 
  custom:AudioImporter_EditorPlatform: d09bf68614088b80899f8185d706f6e7 -> 
  custom:video-encoder-webm-vp8: eb34c28f22e8b96e1ab97ce403110664 -> 
  custom:audio-decoder-ogg-vorbis: bf7c407c2cedff20999df2af8eb42d56 -> 
  custom:audio-encoder-webm-vorbis: bf7c407c2cedff20999df2af8eb42d56 -> 
========================================================================
Received Import Request.
  Time since last request: 404.930727 seconds.
  path: Assets/Scripts/DialogueEd/InstantiateDialogue.cs
  artifactKey: Guid(e719f55395348da4cb0e06d41fe03d7f) Importer(815301076,1909f56bfc062723c751e8b465ee728b)
Start importing Assets/Scripts/DialogueEd/InstantiateDialogue.cs using Guid(e719f55395348da4cb0e06d41fe03d7f) Importer(815301076,1909f56bfc062723c751e8b465ee728b)  -> (artifact id: '9e7c2164e641b72621df46d5a95e8516') in 0.003367 seconds
Number of updated asset objects reloaded before import = 0
Number of asset objects unloaded after import = 0
========================================================================
Received Import Request.
  Time since last request: 5.853305 seconds.
  path: Assets/Scripts/DialogueEd/Dialogue.cs
  artifactKey: Guid(20059660cce04a649802dbc04ceddc31) Importer(815301076,1909f56bfc062723c751e8b465ee728b)
Start importing Assets/Scripts/DialogueEd/Dialogue.cs using Guid(20059660cce04a649802dbc04ceddc31) Importer(815301076,1909f56bfc062723c751e8b465ee728b)  -> (artifact id: '4d8a559359510f37b01b9cccd73136ce') in 0.000713 seconds
Number of updated asset objects reloaded before import = 0
Number of asset objects unloaded after import = 0
========================================================================
Received Import Request.
  Time since last request: 500.903023 seconds.
  path: Assets/Scripts/DialogueEd/Dialogue.cs
  artifactKey: Guid(20059660cce04a649802dbc04ceddc31) Importer(815301076,1909f56bfc062723c751e8b465ee728b)
Start importing Assets/Scripts/DialogueEd/Dialogue.cs using Guid(20059660cce04a649802dbc04ceddc31) Importer(815301076,1909f56bfc062723c751e8b465ee728b)  -> (artifact id: '1531fedc585ad5210e4565073b7edf5f') in 0.000598 seconds
Number of updated asset objects reloaded before import = 0
Number of asset objects unloaded after import = 0
========================================================================
Received Prepare
Begin MonoManager ReloadAssembly
- Loaded All Assemblies, in  0.613 seconds
Refreshing native plugins compatible for Editor in 4.80 ms, found 4 plugins.
Native extension for WindowsStandalone target not found
Native extension for WebGL target not found
[Package Manager] Server::EnsureServerProcessIsRunning -- launch failed, reason: Unity was launched with the -noUpm command-line argument
[Package Manager] UpmClient::Send -- Unable to send message (not connected to UPM process).
[Package Manager] Cannot connect to Unity Package Manager local server
Mono: successfully reloaded assembly
- Finished resetting the current domain, in  1.803 seconds
Domain Reload Profiling: 2413ms
	BeginReloadAssembly (177ms)
		ExecutionOrderSort (0ms)
		DisableScriptedObjects (12ms)
		BackupInstance (0ms)
		ReleaseScriptingObjects (0ms)
		CreateAndSetChildDomain (43ms)
	RebuildCommonClasses (32ms)
	RebuildNativeTypeToScriptingClass (9ms)
	initialDomainReloadingComplete (31ms)
	LoadAllAssembliesAndSetupDomain (360ms)
		LoadAssemblies (408ms)
		RebuildTransferFunctionScriptingTraits (0ms)
		AnalyzeDomain (39ms)
			TypeCache.Refresh (10ms)
				TypeCache.ScanAssembly (0ms)
			ScanForSourceGeneratedMonoScriptInfo (20ms)
			ResolveRequiredComponents (8ms)
	FinalizeReload (1803ms)
		ReleaseScriptCaches (0ms)
		RebuildScriptCaches (0ms)
		SetupLoadedEditorAssemblies (457ms)
			LogAssemblyErrors (0ms)
			InitializePlatformSupportModulesInManaged (8ms)
			SetLoadedEditorAssemblies (6ms)
			RefreshPlugins (0ms)
			BeforeProcessingInitializeOnLoad (92ms)
			ProcessInitializeOnLoadAttributes (305ms)
			ProcessInitializeOnLoadMethodAttributes (36ms)
			AfterProcessingInitializeOnLoad (9ms)
			EditorAssembliesLoaded (0ms)
		ExecutionOrderSort2 (0ms)
		AwakeInstancesAfterBackupRestoration (16ms)
Refreshing native plugins compatible for Editor in 4.75 ms, found 4 plugins.
Preloading 0 native plugins for Editor in 0.00 ms.
Unloading 4574 Unused Serialized files (Serialized files now loaded: 0)
Unloading 37 unused Assets / (36.0 KB). Loaded Objects now: 5172.
Memory consumption went from 151.9 MB to 151.8 MB.
Total: 4.468100 ms (FindLiveObjects: 0.474300 ms CreateObjectMapping: 0.143200 ms MarkObjects: 3.784700 ms  DeleteObjects: 0.064400 ms)

Prepare: number of updated asset objects reloaded= 0
AssetImportParameters requested are different than current active one (requested -> active):
  custom:container-demuxer-ogg: 62fdf1f143b41e24485cea50d1cbac27 -> 
  custom:video-decoder-ogg-theora: a1e56fd34408186e4bbccfd4996cb3dc -> 
  custom:framework-win-MediaFoundation: 216162199b28c13a410421893ffa2e32 -> 
  custom:CustomObjectIndexerAttribute: 756ad292c208cfabdd7b50bc23989ffe -> 
  custom:container-demuxer-webm: 4f35f7cbe854078d1ac9338744f61a02 -> 
  custom:container-muxer-webm: aa71ff27fc2769a1b78a27578f13a17b -> 
  custom:video-decoder-webm-vp8: 9c59270c3fd7afecdb556c50c9e8de78 -> 
  custom:SearchIndexIgnoredProperties: e643bd26f0fe6173181afceb89e7c659 -> 
  custom:AudioImporter_EditorPlatform: d09bf68614088b80899f8185d706f6e7 -> 
  custom:video-encoder-webm-vp8: eb34c28f22e8b96e1ab97ce403110664 -> 
  custom:audio-decoder-ogg-vorbis: bf7c407c2cedff20999df2af8eb42d56 -> 
  custom:audio-encoder-webm-vorbis: bf7c407c2cedff20999df2af8eb42d56 -> 
========================================================================
Received Prepare
Begin MonoManager ReloadAssembly
- Loaded All Assemblies, in  0.552 seconds
Refreshing native plugins compatible for Editor in 6.48 ms, found 4 plugins.
Native extension for WindowsStandalone target not found
Native extension for WebGL target not found
[Package Manager] Server::EnsureServerProcessIsRunning -- launch failed, reason: Unity was launched with the -noUpm command-line argument
[Package Manager] UpmClient::Send -- Unable to send message (not connected to UPM process).
[Package Manager] Cannot connect to Unity Package Manager local server
Mono: successfully reloaded assembly
- Finished resetting the current domain, in  1.027 seconds
Domain Reload Profiling: 1576ms
	BeginReloadAssembly (175ms)
		ExecutionOrderSort (0ms)
		DisableScriptedObjects (11ms)
		BackupInstance (0ms)
		ReleaseScriptingObjects (0ms)
		CreateAndSetChildDomain (41ms)
	RebuildCommonClasses (38ms)
	RebuildNativeTypeToScriptingClass (10ms)
	initialDomainReloadingComplete (31ms)
	LoadAllAssembliesAndSetupDomain (295ms)
		LoadAssemblies (346ms)
		RebuildTransferFunctionScriptingTraits (0ms)
		AnalyzeDomain (39ms)
			TypeCache.Refresh (9ms)
				TypeCache.ScanAssembly (0ms)
			ScanForSourceGeneratedMonoScriptInfo (19ms)
			ResolveRequiredComponents (8ms)
	FinalizeReload (1027ms)
		ReleaseScriptCaches (0ms)
		RebuildScriptCaches (0ms)
		SetupLoadedEditorAssemblies (482ms)
			LogAssemblyErrors (0ms)
			InitializePlatformSupportModulesInManaged (10ms)
			SetLoadedEditorAssemblies (4ms)
			RefreshPlugins (0ms)
			BeforeProcessingInitializeOnLoad (88ms)
			ProcessInitializeOnLoadAttributes (340ms)
			ProcessInitializeOnLoadMethodAttributes (33ms)
			AfterProcessingInitializeOnLoad (8ms)
			EditorAssembliesLoaded (0ms)
		ExecutionOrderSort2 (0ms)
		AwakeInstancesAfterBackupRestoration (17ms)
Refreshing native plugins compatible for Editor in 4.29 ms, found 4 plugins.
Preloading 0 native plugins for Editor in 0.00 ms.
Unloading 4575 Unused Serialized files (Serialized files now loaded: 0)
Unloading 37 unused Assets / (36.9 KB). Loaded Objects now: 5176.
Memory consumption went from 152.1 MB to 152.1 MB.
Total: 3.483700 ms (FindLiveObjects: 0.355700 ms CreateObjectMapping: 0.137600 ms MarkObjects: 2.925800 ms  DeleteObjects: 0.063800 ms)

Prepare: number of updated asset objects reloaded= 0
AssetImportParameters requested are different than current active one (requested -> active):
  custom:container-demuxer-ogg: 62fdf1f143b41e24485cea50d1cbac27 -> 
  custom:video-decoder-ogg-theora: a1e56fd34408186e4bbccfd4996cb3dc -> 
  custom:framework-win-MediaFoundation: 216162199b28c13a410421893ffa2e32 -> 
  custom:CustomObjectIndexerAttribute: 756ad292c208cfabdd7b50bc23989ffe -> 
  custom:container-demuxer-webm: 4f35f7cbe854078d1ac9338744f61a02 -> 
  custom:container-muxer-webm: aa71ff27fc2769a1b78a27578f13a17b -> 
  custom:video-decoder-webm-vp8: 9c59270c3fd7afecdb556c50c9e8de78 -> 
  custom:SearchIndexIgnoredProperties: e643bd26f0fe6173181afceb89e7c659 -> 
  custom:AudioImporter_EditorPlatform: d09bf68614088b80899f8185d706f6e7 -> 
  custom:video-encoder-webm-vp8: eb34c28f22e8b96e1ab97ce403110664 -> 
  custom:audio-decoder-ogg-vorbis: bf7c407c2cedff20999df2af8eb42d56 -> 
  custom:audio-encoder-webm-vorbis: bf7c407c2cedff20999df2af8eb42d56 -> 
========================================================================
Received Prepare
Begin MonoManager ReloadAssembly
- Loaded All Assemblies, in  0.573 seconds
Refreshing native plugins compatible for Editor in 4.39 ms, found 4 plugins.
Native extension for WindowsStandalone target not found
Native extension for WebGL target not found
[Package Manager] Server::EnsureServerProcessIsRunning -- launch failed, reason: Unity was launched with the -noUpm command-line argument
[Package Manager] UpmClient::Send -- Unable to send message (not connected to UPM process).
[Package Manager] Cannot connect to Unity Package Manager local server
Mono: successfully reloaded assembly
- Finished resetting the current domain, in  0.931 seconds
Domain Reload Profiling: 1500ms
	BeginReloadAssembly (190ms)
		ExecutionOrderSort (0ms)
		DisableScriptedObjects (14ms)
		BackupInstance (0ms)
		ReleaseScriptingObjects (0ms)
		CreateAndSetChildDomain (44ms)
	RebuildCommonClasses (36ms)
	RebuildNativeTypeToScriptingClass (10ms)
	initialDomainReloadingComplete (32ms)
	LoadAllAssembliesAndSetupDomain (301ms)
		LoadAssemblies (387ms)
		RebuildTransferFunctionScriptingTraits (0ms)
		AnalyzeDomain (12ms)
			TypeCache.Refresh (6ms)
				TypeCache.ScanAssembly (0ms)
			ScanForSourceGeneratedMonoScriptInfo (0ms)
			ResolveRequiredComponents (5ms)
	FinalizeReload (932ms)
		ReleaseScriptCaches (0ms)
		RebuildScriptCaches (0ms)
		SetupLoadedEditorAssemblies (423ms)
			LogAssemblyErrors (0ms)
			InitializePlatformSupportModulesInManaged (7ms)
			SetLoadedEditorAssemblies (5ms)
			RefreshPlugins (0ms)
			BeforeProcessingInitializeOnLoad (75ms)
			ProcessInitializeOnLoadAttributes (303ms)
			ProcessInitializeOnLoadMethodAttributes (27ms)
			AfterProcessingInitializeOnLoad (5ms)
			EditorAssembliesLoaded (0ms)
		ExecutionOrderSort2 (0ms)
		AwakeInstancesAfterBackupRestoration (11ms)
Refreshing native plugins compatible for Editor in 5.87 ms, found 4 plugins.
Preloading 0 native plugins for Editor in 0.00 ms.
Unloading 4575 Unused Serialized files (Serialized files now loaded: 0)
Unloading 37 unused Assets / (35.8 KB). Loaded Objects now: 5180.
Memory consumption went from 152.1 MB to 152.1 MB.
Total: 6.127200 ms (FindLiveObjects: 0.417800 ms CreateObjectMapping: 0.162400 ms MarkObjects: 5.464000 ms  DeleteObjects: 0.081600 ms)

Prepare: number of updated asset objects reloaded= 0
AssetImportParameters requested are different than current active one (requested -> active):
  custom:container-demuxer-ogg: 62fdf1f143b41e24485cea50d1cbac27 -> 
  custom:video-decoder-ogg-theora: a1e56fd34408186e4bbccfd4996cb3dc -> 
  custom:framework-win-MediaFoundation: 216162199b28c13a410421893ffa2e32 -> 
  custom:CustomObjectIndexerAttribute: 756ad292c208cfabdd7b50bc23989ffe -> 
  custom:container-demuxer-webm: 4f35f7cbe854078d1ac9338744f61a02 -> 
  custom:container-muxer-webm: aa71ff27fc2769a1b78a27578f13a17b -> 
  custom:video-decoder-webm-vp8: 9c59270c3fd7afecdb556c50c9e8de78 -> 
  custom:SearchIndexIgnoredProperties: e643bd26f0fe6173181afceb89e7c659 -> 
  custom:AudioImporter_EditorPlatform: d09bf68614088b80899f8185d706f6e7 -> 
  custom:video-encoder-webm-vp8: eb34c28f22e8b96e1ab97ce403110664 -> 
  custom:audio-decoder-ogg-vorbis: bf7c407c2cedff20999df2af8eb42d56 -> 
  custom:audio-encoder-webm-vorbis: bf7c407c2cedff20999df2af8eb42d56 -> 
========================================================================
Received Prepare
Begin MonoManager ReloadAssembly
- Loaded All Assemblies, in  0.442 seconds
Refreshing native plugins compatible for Editor in 4.61 ms, found 4 plugins.
Native extension for WindowsStandalone target not found
Native extension for WebGL target not found
[Package Manager] Server::EnsureServerProcessIsRunning -- launch failed, reason: Unity was launched with the -noUpm command-line argument
[Package Manager] UpmClient::Send -- Unable to send message (not connected to UPM process).
[Package Manager] Cannot connect to Unity Package Manager local server
Mono: successfully reloaded assembly
- Finished resetting the current domain, in  0.915 seconds
Domain Reload Profiling: 1354ms
	BeginReloadAssembly (144ms)
		ExecutionOrderSort (0ms)
		DisableScriptedObjects (10ms)
		BackupInstance (0ms)
		ReleaseScriptingObjects (0ms)
		CreateAndSetChildDomain (34ms)
	RebuildCommonClasses (27ms)
	RebuildNativeTypeToScriptingClass (9ms)
	initialDomainReloadingComplete (25ms)
	LoadAllAssembliesAndSetupDomain (233ms)
		LoadAssemblies (293ms)
		RebuildTransferFunctionScriptingTraits (0ms)
		AnalyzeDomain (12ms)
			TypeCache.Refresh (6ms)
				TypeCache.ScanAssembly (0ms)
			ScanForSourceGeneratedMonoScriptInfo (0ms)
			ResolveRequiredComponents (5ms)
	FinalizeReload (916ms)
		ReleaseScriptCaches (0ms)
		RebuildScriptCaches (0ms)
		SetupLoadedEditorAssemblies (410ms)
			LogAssemblyErrors (0ms)
			InitializePlatformSupportModulesInManaged (7ms)
			SetLoadedEditorAssemblies (5ms)
			RefreshPlugins (0ms)
			BeforeProcessingInitializeOnLoad (72ms)
			ProcessInitializeOnLoadAttributes (293ms)
			ProcessInitializeOnLoadMethodAttributes (28ms)
			AfterProcessingInitializeOnLoad (5ms)
			EditorAssembliesLoaded (0ms)
		ExecutionOrderSort2 (0ms)
		AwakeInstancesAfterBackupRestoration (12ms)
Refreshing native plugins compatible for Editor in 5.71 ms, found 4 plugins.
Preloading 0 native plugins for Editor in 0.00 ms.
Unloading 4575 Unused Serialized files (Serialized files now loaded: 0)
Unloading 37 unused Assets / (35.8 KB). Loaded Objects now: 5184.
Memory consumption went from 152.1 MB to 152.1 MB.
Total: 4.946600 ms (FindLiveObjects: 0.394400 ms CreateObjectMapping: 0.356800 ms MarkObjects: 4.093600 ms  DeleteObjects: 0.100300 ms)

Prepare: number of updated asset objects reloaded= 0
AssetImportParameters requested are different than current active one (requested -> active):
  custom:container-demuxer-ogg: 62fdf1f143b41e24485cea50d1cbac27 -> 
  custom:video-decoder-ogg-theora: a1e56fd34408186e4bbccfd4996cb3dc -> 
  custom:framework-win-MediaFoundation: 216162199b28c13a410421893ffa2e32 -> 
  custom:CustomObjectIndexerAttribute: 756ad292c208cfabdd7b50bc23989ffe -> 
  custom:container-demuxer-webm: 4f35f7cbe854078d1ac9338744f61a02 -> 
  custom:container-muxer-webm: aa71ff27fc2769a1b78a27578f13a17b -> 
  custom:video-decoder-webm-vp8: 9c59270c3fd7afecdb556c50c9e8de78 -> 
  custom:SearchIndexIgnoredProperties: e643bd26f0fe6173181afceb89e7c659 -> 
  custom:AudioImporter_EditorPlatform: d09bf68614088b80899f8185d706f6e7 -> 
  custom:video-encoder-webm-vp8: eb34c28f22e8b96e1ab97ce403110664 -> 
  custom:audio-decoder-ogg-vorbis: bf7c407c2cedff20999df2af8eb42d56 -> 
  custom:audio-encoder-webm-vorbis: bf7c407c2cedff20999df2af8eb42d56 -> 
========================================================================
Received Import Request.
  Time since last request: 984.935724 seconds.
  path: Assets/Scripts/DialogueEd/InstantiateDialogue.cs
  artifactKey: Guid(e719f55395348da4cb0e06d41fe03d7f) Importer(815301076,1909f56bfc062723c751e8b465ee728b)
Start importing Assets/Scripts/DialogueEd/InstantiateDialogue.cs using Guid(e719f55395348da4cb0e06d41fe03d7f) Importer(815301076,1909f56bfc062723c751e8b465ee728b)  -> (artifact id: '97eded92180ff08c5594ec46a05733fe') in 0.003879 seconds
Number of updated asset objects reloaded before import = 0
Number of asset objects unloaded after import = 0
========================================================================
Received Import Request.
  Time since last request: 423.370500 seconds.
  path: Assets/AstarPathfindingProject/Editor/EditorAssets/LightSkin/colorInterpolationBox.png
  artifactKey: Guid(9bf4f8f9d8795455bb87213dd56ed793) Importer(815301076,1909f56bfc062723c751e8b465ee728b)
Start importing Assets/AstarPathfindingProject/Editor/EditorAssets/LightSkin/colorInterpolationBox.png using Guid(9bf4f8f9d8795455bb87213dd56ed793) Importer(815301076,1909f56bfc062723c751e8b465ee728b)  -> (artifact id: '59e597e262703cf904ce4e688279778a') in 0.053200 seconds
Number of updated asset objects reloaded before import = 0
Number of asset objects unloaded after import = 2
========================================================================
Received Prepare
Begin MonoManager ReloadAssembly
- Loaded All Assemblies, in  0.490 seconds
Refreshing native plugins compatible for Editor in 4.04 ms, found 4 plugins.
Native extension for WindowsStandalone target not found
Native extension for WebGL target not found
[Package Manager] Server::EnsureServerProcessIsRunning -- launch failed, reason: Unity was launched with the -noUpm command-line argument
[Package Manager] UpmClient::Send -- Unable to send message (not connected to UPM process).
[Package Manager] Cannot connect to Unity Package Manager local server
Mono: successfully reloaded assembly
- Finished resetting the current domain, in  1.917 seconds
Domain Reload Profiling: 2404ms
	BeginReloadAssembly (152ms)
		ExecutionOrderSort (0ms)
		DisableScriptedObjects (13ms)
		BackupInstance (0ms)
		ReleaseScriptingObjects (0ms)
		CreateAndSetChildDomain (38ms)
	RebuildCommonClasses (27ms)
	RebuildNativeTypeToScriptingClass (9ms)
	initialDomainReloadingComplete (26ms)
	LoadAllAssembliesAndSetupDomain (272ms)
		LoadAssemblies (331ms)
		RebuildTransferFunctionScriptingTraits (0ms)
		AnalyzeDomain (12ms)
			TypeCache.Refresh (5ms)
				TypeCache.ScanAssembly (0ms)
			ScanForSourceGeneratedMonoScriptInfo (0ms)
			ResolveRequiredComponents (5ms)
	FinalizeReload (1917ms)
		ReleaseScriptCaches (0ms)
		RebuildScriptCaches (0ms)
		SetupLoadedEditorAssemblies (512ms)
			LogAssemblyErrors (0ms)
			InitializePlatformSupportModulesInManaged (8ms)
			SetLoadedEditorAssemblies (6ms)
			RefreshPlugins (0ms)
			BeforeProcessingInitializeOnLoad (91ms)
			ProcessInitializeOnLoadAttributes (368ms)
			ProcessInitializeOnLoadMethodAttributes (33ms)
			AfterProcessingInitializeOnLoad (6ms)
			EditorAssembliesLoaded (0ms)
		ExecutionOrderSort2 (0ms)
		AwakeInstancesAfterBackupRestoration (17ms)
Refreshing native plugins compatible for Editor in 5.46 ms, found 4 plugins.
Preloading 0 native plugins for Editor in 0.00 ms.
Unloading 4574 Unused Serialized files (Serialized files now loaded: 0)
Unloading 37 unused Assets / (35.9 KB). Loaded Objects now: 5189.
Memory consumption went from 151.9 MB to 151.9 MB.
Total: 4.852500 ms (FindLiveObjects: 0.445900 ms CreateObjectMapping: 0.364700 ms MarkObjects: 3.954000 ms  DeleteObjects: 0.086700 ms)

Prepare: number of updated asset objects reloaded= 0
AssetImportParameters requested are different than current active one (requested -> active):
  custom:container-demuxer-ogg: 62fdf1f143b41e24485cea50d1cbac27 -> 
  custom:video-decoder-ogg-theora: a1e56fd34408186e4bbccfd4996cb3dc -> 
  custom:framework-win-MediaFoundation: 216162199b28c13a410421893ffa2e32 -> 
  custom:CustomObjectIndexerAttribute: 756ad292c208cfabdd7b50bc23989ffe -> 
  custom:container-demuxer-webm: 4f35f7cbe854078d1ac9338744f61a02 -> 
  custom:container-muxer-webm: aa71ff27fc2769a1b78a27578f13a17b -> 
  custom:video-decoder-webm-vp8: 9c59270c3fd7afecdb556c50c9e8de78 -> 
  custom:SearchIndexIgnoredProperties: e643bd26f0fe6173181afceb89e7c659 -> 
  custom:AudioImporter_EditorPlatform: d09bf68614088b80899f8185d706f6e7 -> 
  custom:video-encoder-webm-vp8: eb34c28f22e8b96e1ab97ce403110664 -> 
  custom:audio-decoder-ogg-vorbis: bf7c407c2cedff20999df2af8eb42d56 -> 
  custom:audio-encoder-webm-vorbis: bf7c407c2cedff20999df2af8eb42d56 -> 
========================================================================
Received Prepare
Begin MonoManager ReloadAssembly
- Loaded All Assemblies, in  0.494 seconds
Refreshing native plugins compatible for Editor in 5.44 ms, found 4 plugins.
Native extension for WindowsStandalone target not found
Native extension for WebGL target not found
[Package Manager] Server::EnsureServerProcessIsRunning -- launch failed, reason: Unity was launched with the -noUpm command-line argument
[Package Manager] UpmClient::Send -- Unable to send message (not connected to UPM process).
[Package Manager] Cannot connect to Unity Package Manager local server
Mono: successfully reloaded assembly
- Finished resetting the current domain, in  0.981 seconds
Domain Reload Profiling: 1473ms
	BeginReloadAssembly (174ms)
		ExecutionOrderSort (0ms)
		DisableScriptedObjects (12ms)
		BackupInstance (0ms)
		ReleaseScriptingObjects (0ms)
		CreateAndSetChildDomain (42ms)
	RebuildCommonClasses (34ms)
	RebuildNativeTypeToScriptingClass (11ms)
	initialDomainReloadingComplete (30ms)
	LoadAllAssembliesAndSetupDomain (244ms)
		LoadAssemblies (312ms)
		RebuildTransferFunctionScriptingTraits (0ms)
		AnalyzeDomain (16ms)
			TypeCache.Refresh (7ms)
				TypeCache.ScanAssembly (0ms)
			ScanForSourceGeneratedMonoScriptInfo (0ms)
			ResolveRequiredComponents (8ms)
	FinalizeReload (982ms)
		ReleaseScriptCaches (0ms)
		RebuildScriptCaches (0ms)
		SetupLoadedEditorAssemblies (448ms)
			LogAssemblyErrors (0ms)
			InitializePlatformSupportModulesInManaged (6ms)
			SetLoadedEditorAssemblies (5ms)
			RefreshPlugins (0ms)
			BeforeProcessingInitializeOnLoad (81ms)
			ProcessInitializeOnLoadAttributes (322ms)
			ProcessInitializeOnLoadMethodAttributes (30ms)
			AfterProcessingInitializeOnLoad (5ms)
			EditorAssembliesLoaded (0ms)
		ExecutionOrderSort2 (0ms)
		AwakeInstancesAfterBackupRestoration (11ms)
Refreshing native plugins compatible for Editor in 4.46 ms, found 4 plugins.
Preloading 0 native plugins for Editor in 0.00 ms.
Unloading 4575 Unused Serialized files (Serialized files now loaded: 0)
Unloading 37 unused Assets / (35.8 KB). Loaded Objects now: 5193.
Memory consumption went from 152.2 MB to 152.1 MB.
Total: 3.736000 ms (FindLiveObjects: 0.338100 ms CreateObjectMapping: 0.119800 ms MarkObjects: 3.151700 ms  DeleteObjects: 0.124800 ms)

Prepare: number of updated asset objects reloaded= 0
AssetImportParameters requested are different than current active one (requested -> active):
  custom:container-demuxer-ogg: 62fdf1f143b41e24485cea50d1cbac27 -> 
  custom:video-decoder-ogg-theora: a1e56fd34408186e4bbccfd4996cb3dc -> 
  custom:framework-win-MediaFoundation: 216162199b28c13a410421893ffa2e32 -> 
  custom:CustomObjectIndexerAttribute: 756ad292c208cfabdd7b50bc23989ffe -> 
  custom:container-demuxer-webm: 4f35f7cbe854078d1ac9338744f61a02 -> 
  custom:container-muxer-webm: aa71ff27fc2769a1b78a27578f13a17b -> 
  custom:video-decoder-webm-vp8: 9c59270c3fd7afecdb556c50c9e8de78 -> 
  custom:SearchIndexIgnoredProperties: e643bd26f0fe6173181afceb89e7c659 -> 
  custom:AudioImporter_EditorPlatform: d09bf68614088b80899f8185d706f6e7 -> 
  custom:video-encoder-webm-vp8: eb34c28f22e8b96e1ab97ce403110664 -> 
  custom:audio-decoder-ogg-vorbis: bf7c407c2cedff20999df2af8eb42d56 -> 
  custom:audio-encoder-webm-vorbis: bf7c407c2cedff20999df2af8eb42d56 -> 
