Using pre-set license
Built from '2022.3/staging' branch; Version is '2022.3.4f1 (35713cd46cd7) revision 3502396'; Using compiler version '192829333'; Build Type 'Release'
OS: 'Windows 10  (10.0.19045) 64bit CoreSingleLanguage' Language: 'ru' Physical Memory: 16140 MB
BatchMode: 1, IsHumanControllingUs: 0, StartBugReporterOnCrash: 0, Is64bit: 1, IsPro: 1

COMMAND LINE ARGUMENTS:
C:\Program Files\Unity\Hub\Editor\2022.3.4f1\Editor\Unity.exe
-adb2
-batchMode
-noUpm
-name
AssetImportWorker1
-projectPath
C:/Users/HP/Desktop/проект наташи/Middle-Earth-Fantasy--
-logFile
Logs/AssetImportWorker1.log
-srvPort
62433
Successfully changed project path to: C:/Users/HP/Desktop/проект наташи/Middle-Earth-Fantasy--
C:/Users/HP/Desktop/проект наташи/Middle-Earth-Fantasy--
[UnityMemory] Configuration Parameters - Can be set up in boot.config
    "memorysetup-bucket-allocator-granularity=16"
    "memorysetup-bucket-allocator-bucket-count=8"
    "memorysetup-bucket-allocator-block-size=33554432"
    "memorysetup-bucket-allocator-block-count=8"
    "memorysetup-main-allocator-block-size=16777216"
    "memorysetup-thread-allocator-block-size=16777216"
    "memorysetup-gfx-main-allocator-block-size=16777216"
    "memorysetup-gfx-thread-allocator-block-size=16777216"
    "memorysetup-cache-allocator-block-size=4194304"
    "memorysetup-typetree-allocator-block-size=2097152"
    "memorysetup-profiler-bucket-allocator-granularity=16"
    "memorysetup-profiler-bucket-allocator-bucket-count=8"
    "memorysetup-profiler-bucket-allocator-block-size=33554432"
    "memorysetup-profiler-bucket-allocator-block-count=8"
    "memorysetup-profiler-allocator-block-size=16777216"
    "memorysetup-profiler-editor-allocator-block-size=1048576"
    "memorysetup-temp-allocator-size-main=16777216"
    "memorysetup-job-temp-allocator-block-size=2097152"
    "memorysetup-job-temp-allocator-block-size-background=1048576"
    "memorysetup-job-temp-allocator-reduction-small-platforms=262144"
    "memorysetup-allocator-temp-initial-block-size-main=262144"
    "memorysetup-allocator-temp-initial-block-size-worker=262144"
    "memorysetup-temp-allocator-size-background-worker=32768"
    "memorysetup-temp-allocator-size-job-worker=262144"
    "memorysetup-temp-allocator-size-preload-manager=33554432"
    "memorysetup-temp-allocator-size-nav-mesh-worker=65536"
    "memorysetup-temp-allocator-size-audio-worker=65536"
    "memorysetup-temp-allocator-size-cloud-worker=32768"
    "memorysetup-temp-allocator-size-gi-baking-worker=262144"
    "memorysetup-temp-allocator-size-gfx=262144"
Player connection [2256] Host "[IP] 192.168.56.1 [Port] 0 [Flags] 2 [Guid] 2997152372 [EditorId] 2997152372 [Version] 1048832 [Id] WindowsEditor(7,LAPTOP-UIU8MEDP) [Debug] 1 [PackageName] WindowsEditor [ProjectName] Editor" joined multi-casting on [225.0.0.222:54997]...

Player connection [2256] Host "[IP] 192.168.56.1 [Port] 0 [Flags] 2 [Guid] 2997152372 [EditorId] 2997152372 [Version] 1048832 [Id] WindowsEditor(7,LAPTOP-UIU8MEDP) [Debug] 1 [PackageName] WindowsEditor [ProjectName] Editor" joined alternative multi-casting on [225.0.0.222:34997]...

Refreshing native plugins compatible for Editor in 26.57 ms, found 4 plugins.
Preloading 0 native plugins for Editor in 0.00 ms.
Initialize engine version: 2022.3.4f1 (35713cd46cd7)
[Subsystems] Discovering subsystems at path C:/Program Files/Unity/Hub/Editor/2022.3.4f1/Editor/Data/Resources/UnitySubsystems
[Subsystems] Discovering subsystems at path C:/Users/HP/Desktop/проект наташи/Middle-Earth-Fantasy--/Assets
GfxDevice: creating device client; threaded=0; jobified=0
Direct3D:
    Version:  Direct3D 11.0 [level 11.1]
    Renderer: NVIDIA GeForce MX350 (ID=0x1c94)
    Vendor:   NVIDIA
    VRAM:     1978 MB
    Driver:   31.0.15.4626
Initialize mono
Mono path[0] = 'C:/Program Files/Unity/Hub/Editor/2022.3.4f1/Editor/Data/Managed'
Mono path[1] = 'C:/Program Files/Unity/Hub/Editor/2022.3.4f1/Editor/Data/MonoBleedingEdge/lib/mono/unityjit-win32'
Mono config path = 'C:/Program Files/Unity/Hub/Editor/2022.3.4f1/Editor/Data/MonoBleedingEdge/etc'
Using monoOptions --debugger-agent=transport=dt_socket,embedding=1,server=y,suspend=n,address=127.0.0.1:56884
Begin MonoManager ReloadAssembly
Registering precompiled unity dll's ...
Register platform support module: C:/Program Files/Unity/Hub/Editor/2022.3.4f1/Editor/Data/PlaybackEngines/WindowsStandaloneSupport/UnityEditor.WindowsStandalone.Extensions.dll
Registered in 0.016780 seconds.
- Loaded All Assemblies, in  0.607 seconds
Native extension for WindowsStandalone target not found
Mono: successfully reloaded assembly
- Finished resetting the current domain, in  0.514 seconds
Domain Reload Profiling: 1117ms
	BeginReloadAssembly (155ms)
		ExecutionOrderSort (0ms)
		DisableScriptedObjects (0ms)
		BackupInstance (0ms)
		ReleaseScriptingObjects (0ms)
		CreateAndSetChildDomain (1ms)
	RebuildCommonClasses (64ms)
	RebuildNativeTypeToScriptingClass (27ms)
	initialDomainReloadingComplete (110ms)
	LoadAllAssembliesAndSetupDomain (245ms)
		LoadAssemblies (151ms)
		RebuildTransferFunctionScriptingTraits (0ms)
		AnalyzeDomain (234ms)
			TypeCache.Refresh (232ms)
				TypeCache.ScanAssembly (209ms)
			ScanForSourceGeneratedMonoScriptInfo (1ms)
			ResolveRequiredComponents (1ms)
	FinalizeReload (515ms)
		ReleaseScriptCaches (0ms)
		RebuildScriptCaches (0ms)
		SetupLoadedEditorAssemblies (395ms)
			LogAssemblyErrors (0ms)
			InitializePlatformSupportModulesInManaged (15ms)
			SetLoadedEditorAssemblies (13ms)
			RefreshPlugins (0ms)
			BeforeProcessingInitializeOnLoad (3ms)
			ProcessInitializeOnLoadAttributes (271ms)
			ProcessInitializeOnLoadMethodAttributes (92ms)
			AfterProcessingInitializeOnLoad (0ms)
			EditorAssembliesLoaded (0ms)
		ExecutionOrderSort2 (0ms)
		AwakeInstancesAfterBackupRestoration (0ms)
========================================================================
Worker process is ready to serve import requests
Begin MonoManager ReloadAssembly
- Loaded All Assemblies, in  1.538 seconds
Refreshing native plugins compatible for Editor in 11.08 ms, found 4 plugins.
Native extension for WindowsStandalone target not found
Package Manager log level set to [2]
[Package Manager] Server::EnsureServerProcessIsRunning -- launch failed, reason: Unity was launched with the -noUpm command-line argument
[Package Manager] UpmClient::Send -- Unable to send message (not connected to UPM process).
[Package Manager] Cannot connect to Unity Package Manager local server
Mono: successfully reloaded assembly
- Finished resetting the current domain, in  1.327 seconds
Domain Reload Profiling: 2855ms
	BeginReloadAssembly (250ms)
		ExecutionOrderSort (0ms)
		DisableScriptedObjects (7ms)
		BackupInstance (0ms)
		ReleaseScriptingObjects (0ms)
		CreateAndSetChildDomain (36ms)
	RebuildCommonClasses (66ms)
	RebuildNativeTypeToScriptingClass (19ms)
	initialDomainReloadingComplete (90ms)
	LoadAllAssembliesAndSetupDomain (1104ms)
		LoadAssemblies (631ms)
		RebuildTransferFunctionScriptingTraits (0ms)
		AnalyzeDomain (583ms)
			TypeCache.Refresh (528ms)
				TypeCache.ScanAssembly (505ms)
			ScanForSourceGeneratedMonoScriptInfo (43ms)
			ResolveRequiredComponents (11ms)
	FinalizeReload (1327ms)
		ReleaseScriptCaches (0ms)
		RebuildScriptCaches (0ms)
		SetupLoadedEditorAssemblies (1008ms)
			LogAssemblyErrors (0ms)
			InitializePlatformSupportModulesInManaged (15ms)
			SetLoadedEditorAssemblies (9ms)
			RefreshPlugins (0ms)
			BeforeProcessingInitializeOnLoad (153ms)
			ProcessInitializeOnLoadAttributes (745ms)
			ProcessInitializeOnLoadMethodAttributes (69ms)
			AfterProcessingInitializeOnLoad (17ms)
			EditorAssembliesLoaded (0ms)
		ExecutionOrderSort2 (0ms)
		AwakeInstancesAfterBackupRestoration (10ms)
Launched and connected shader compiler UnityShaderCompiler.exe after 0.08 seconds
Refreshing native plugins compatible for Editor in 23.26 ms, found 4 plugins.
Preloading 0 native plugins for Editor in 0.00 ms.
Unloading 4606 Unused Serialized files (Serialized files now loaded: 0)
Unloading 70 unused Assets / (35.2 KB). Loaded Objects now: 5076.
Memory consumption went from 157.6 MB to 157.6 MB.
Total: 8.931600 ms (FindLiveObjects: 0.580900 ms CreateObjectMapping: 0.458300 ms MarkObjects: 7.669000 ms  DeleteObjects: 0.221700 ms)

AssetImportParameters requested are different than current active one (requested -> active):
  custom:container-demuxer-ogg: 62fdf1f143b41e24485cea50d1cbac27 -> 
  custom:video-decoder-ogg-theora: a1e56fd34408186e4bbccfd4996cb3dc -> 
  custom:framework-win-MediaFoundation: 216162199b28c13a410421893ffa2e32 -> 
  custom:container-demuxer-webm: 4f35f7cbe854078d1ac9338744f61a02 -> 
  custom:container-muxer-webm: aa71ff27fc2769a1b78a27578f13a17b -> 
  custom:video-decoder-webm-vp8: 9c59270c3fd7afecdb556c50c9e8de78 -> 
  custom:AudioImporter_EditorPlatform: d09bf68614088b80899f8185d706f6e7 -> 
  custom:video-encoder-webm-vp8: eb34c28f22e8b96e1ab97ce403110664 -> 
  custom:audio-decoder-ogg-vorbis: bf7c407c2cedff20999df2af8eb42d56 -> 
  custom:audio-encoder-webm-vorbis: bf7c407c2cedff20999df2af8eb42d56 -> 
========================================================================
Received Import Request.
  Time since last request: 13347.787704 seconds.
  path: Assets/light.prefab
  artifactKey: Guid(b646c8d923de12a41a5e08c1aea1ccd7) Importer(815301076,1909f56bfc062723c751e8b465ee728b)
Start importing Assets/light.prefab using Guid(b646c8d923de12a41a5e08c1aea1ccd7) Importer(815301076,1909f56bfc062723c751e8b465ee728b)  -> (artifact id: '1d744fbe47b7571b883ee919e7fad71d') in 0.057322 seconds
Number of updated asset objects reloaded before import = 0
Number of asset objects unloaded after import = 6
========================================================================
Received Import Request.
  Time since last request: 0.000045 seconds.
  path: Assets/icon.png
  artifactKey: Guid(c8f6cf896bab2c141a7b9580acbb3cd3) Importer(815301076,1909f56bfc062723c751e8b465ee728b)
Start importing Assets/icon.png using Guid(c8f6cf896bab2c141a7b9580acbb3cd3) Importer(815301076,1909f56bfc062723c751e8b465ee728b)  -> (artifact id: '7f86fd1bbe7a5ee63f6ac1d5e2ce9028') in 0.144839 seconds
Number of updated asset objects reloaded before import = 0
Number of asset objects unloaded after import = 3
========================================================================
Received Prepare
Refreshing native plugins compatible for Editor in 14.09 ms, found 4 plugins.
Preloading 0 native plugins for Editor in 0.00 ms.
Unloading 0 Unused Serialized files (Serialized files now loaded: 0)
Unloading 1 unused Assets / (0.8 KB). Loaded Objects now: 5083.
Memory consumption went from 83.8 MB to 83.8 MB.
Total: 9.819900 ms (FindLiveObjects: 0.626700 ms CreateObjectMapping: 0.539600 ms MarkObjects: 8.601500 ms  DeleteObjects: 0.049900 ms)

Prepare: number of updated asset objects reloaded= 0
AssetImportParameters requested are different than current active one (requested -> active):
  custom:container-demuxer-ogg: 62fdf1f143b41e24485cea50d1cbac27 -> 
  custom:video-decoder-ogg-theora: a1e56fd34408186e4bbccfd4996cb3dc -> 
  custom:framework-win-MediaFoundation: 216162199b28c13a410421893ffa2e32 -> 
  custom:CustomObjectIndexerAttribute: 756ad292c208cfabdd7b50bc23989ffe -> 
  custom:container-demuxer-webm: 4f35f7cbe854078d1ac9338744f61a02 -> 
  custom:container-muxer-webm: aa71ff27fc2769a1b78a27578f13a17b -> 
  custom:video-decoder-webm-vp8: 9c59270c3fd7afecdb556c50c9e8de78 -> 
  custom:AudioImporter_EditorPlatform: d09bf68614088b80899f8185d706f6e7 -> 
  custom:video-encoder-webm-vp8: eb34c28f22e8b96e1ab97ce403110664 -> 
  custom:audio-decoder-ogg-vorbis: bf7c407c2cedff20999df2af8eb42d56 -> 
  custom:audio-encoder-webm-vorbis: bf7c407c2cedff20999df2af8eb42d56 -> 
========================================================================
Received Prepare
Begin MonoManager ReloadAssembly
- Loaded All Assemblies, in  1.407 seconds
Refreshing native plugins compatible for Editor in 9.46 ms, found 4 plugins.
Native extension for WindowsStandalone target not found
[Package Manager] Server::EnsureServerProcessIsRunning -- launch failed, reason: Unity was launched with the -noUpm command-line argument
[Package Manager] UpmClient::Send -- Unable to send message (not connected to UPM process).
[Package Manager] Cannot connect to Unity Package Manager local server
Mono: successfully reloaded assembly
- Finished resetting the current domain, in  1.853 seconds
Domain Reload Profiling: 3248ms
	BeginReloadAssembly (288ms)
		ExecutionOrderSort (0ms)
		DisableScriptedObjects (22ms)
		BackupInstance (0ms)
		ReleaseScriptingObjects (0ms)
		CreateAndSetChildDomain (76ms)
	RebuildCommonClasses (66ms)
	RebuildNativeTypeToScriptingClass (27ms)
	initialDomainReloadingComplete (68ms)
	LoadAllAssembliesAndSetupDomain (946ms)
		LoadAssemblies (553ms)
		RebuildTransferFunctionScriptingTraits (0ms)
		AnalyzeDomain (509ms)
			TypeCache.Refresh (490ms)
				TypeCache.ScanAssembly (467ms)
			ScanForSourceGeneratedMonoScriptInfo (9ms)
			ResolveRequiredComponents (11ms)
	FinalizeReload (1854ms)
		ReleaseScriptCaches (0ms)
		RebuildScriptCaches (0ms)
		SetupLoadedEditorAssemblies (788ms)
			LogAssemblyErrors (0ms)
			InitializePlatformSupportModulesInManaged (13ms)
			SetLoadedEditorAssemblies (8ms)
			RefreshPlugins (0ms)
			BeforeProcessingInitializeOnLoad (164ms)
			ProcessInitializeOnLoadAttributes (532ms)
			ProcessInitializeOnLoadMethodAttributes (54ms)
			AfterProcessingInitializeOnLoad (16ms)
			EditorAssembliesLoaded (0ms)
		ExecutionOrderSort2 (0ms)
		AwakeInstancesAfterBackupRestoration (23ms)
Refreshing native plugins compatible for Editor in 19.71 ms, found 4 plugins.
Preloading 0 native plugins for Editor in 0.00 ms.
Unloading 4574 Unused Serialized files (Serialized files now loaded: 0)
Unloading 37 unused Assets / (35.8 KB). Loaded Objects now: 5087.
Memory consumption went from 154.3 MB to 154.2 MB.
Total: 10.042800 ms (FindLiveObjects: 0.846800 ms CreateObjectMapping: 0.695400 ms MarkObjects: 8.364800 ms  DeleteObjects: 0.133600 ms)

Prepare: number of updated asset objects reloaded= 0
AssetImportParameters requested are different than current active one (requested -> active):
  custom:container-demuxer-ogg: 62fdf1f143b41e24485cea50d1cbac27 -> 
  custom:video-decoder-ogg-theora: a1e56fd34408186e4bbccfd4996cb3dc -> 
  custom:framework-win-MediaFoundation: 216162199b28c13a410421893ffa2e32 -> 
  custom:CustomObjectIndexerAttribute: 756ad292c208cfabdd7b50bc23989ffe -> 
  custom:container-demuxer-webm: 4f35f7cbe854078d1ac9338744f61a02 -> 
  custom:container-muxer-webm: aa71ff27fc2769a1b78a27578f13a17b -> 
  custom:video-decoder-webm-vp8: 9c59270c3fd7afecdb556c50c9e8de78 -> 
  custom:AudioImporter_EditorPlatform: d09bf68614088b80899f8185d706f6e7 -> 
  custom:video-encoder-webm-vp8: eb34c28f22e8b96e1ab97ce403110664 -> 
  custom:audio-decoder-ogg-vorbis: bf7c407c2cedff20999df2af8eb42d56 -> 
  custom:audio-encoder-webm-vorbis: bf7c407c2cedff20999df2af8eb42d56 -> 
========================================================================
Received Prepare
Begin MonoManager ReloadAssembly
- Loaded All Assemblies, in  1.521 seconds
Refreshing native plugins compatible for Editor in 18.33 ms, found 4 plugins.
Native extension for WindowsStandalone target not found
[Package Manager] Server::EnsureServerProcessIsRunning -- launch failed, reason: Unity was launched with the -noUpm command-line argument
[Package Manager] UpmClient::Send -- Unable to send message (not connected to UPM process).
[Package Manager] Cannot connect to Unity Package Manager local server
Mono: successfully reloaded assembly
- Finished resetting the current domain, in  2.405 seconds
Domain Reload Profiling: 3913ms
	BeginReloadAssembly (324ms)
		ExecutionOrderSort (0ms)
		DisableScriptedObjects (21ms)
		BackupInstance (0ms)
		ReleaseScriptingObjects (0ms)
		CreateAndSetChildDomain (84ms)
	RebuildCommonClasses (89ms)
	RebuildNativeTypeToScriptingClass (24ms)
	initialDomainReloadingComplete (69ms)
	LoadAllAssembliesAndSetupDomain (1002ms)
		LoadAssemblies (614ms)
		RebuildTransferFunctionScriptingTraits (0ms)
		AnalyzeDomain (535ms)
			TypeCache.Refresh (520ms)
				TypeCache.ScanAssembly (501ms)
			ScanForSourceGeneratedMonoScriptInfo (7ms)
			ResolveRequiredComponents (8ms)
	FinalizeReload (2405ms)
		ReleaseScriptCaches (0ms)
		RebuildScriptCaches (0ms)
		SetupLoadedEditorAssemblies (971ms)
			LogAssemblyErrors (0ms)
			InitializePlatformSupportModulesInManaged (16ms)
			SetLoadedEditorAssemblies (9ms)
			RefreshPlugins (0ms)
			BeforeProcessingInitializeOnLoad (176ms)
			ProcessInitializeOnLoadAttributes (606ms)
			ProcessInitializeOnLoadMethodAttributes (141ms)
			AfterProcessingInitializeOnLoad (21ms)
			EditorAssembliesLoaded (0ms)
		ExecutionOrderSort2 (0ms)
		AwakeInstancesAfterBackupRestoration (29ms)
Refreshing native plugins compatible for Editor in 13.45 ms, found 4 plugins.
Preloading 0 native plugins for Editor in 0.00 ms.
Unloading 4574 Unused Serialized files (Serialized files now loaded: 0)
Unloading 37 unused Assets / (36.0 KB). Loaded Objects now: 5091.
Memory consumption went from 154.3 MB to 154.2 MB.
Total: 4.561200 ms (FindLiveObjects: 0.394500 ms CreateObjectMapping: 0.256700 ms MarkObjects: 3.823700 ms  DeleteObjects: 0.084300 ms)

Prepare: number of updated asset objects reloaded= 0
AssetImportParameters requested are different than current active one (requested -> active):
  custom:container-demuxer-ogg: 62fdf1f143b41e24485cea50d1cbac27 -> 
  custom:video-decoder-ogg-theora: a1e56fd34408186e4bbccfd4996cb3dc -> 
  custom:framework-win-MediaFoundation: 216162199b28c13a410421893ffa2e32 -> 
  custom:CustomObjectIndexerAttribute: 756ad292c208cfabdd7b50bc23989ffe -> 
  custom:container-demuxer-webm: 4f35f7cbe854078d1ac9338744f61a02 -> 
  custom:container-muxer-webm: aa71ff27fc2769a1b78a27578f13a17b -> 
  custom:video-decoder-webm-vp8: 9c59270c3fd7afecdb556c50c9e8de78 -> 
  custom:AudioImporter_EditorPlatform: d09bf68614088b80899f8185d706f6e7 -> 
  custom:video-encoder-webm-vp8: eb34c28f22e8b96e1ab97ce403110664 -> 
  custom:audio-decoder-ogg-vorbis: bf7c407c2cedff20999df2af8eb42d56 -> 
  custom:audio-encoder-webm-vorbis: bf7c407c2cedff20999df2af8eb42d56 -> 
========================================================================
Received Prepare
Begin MonoManager ReloadAssembly
- Loaded All Assemblies, in  1.429 seconds
Refreshing native plugins compatible for Editor in 16.09 ms, found 4 plugins.
Native extension for WindowsStandalone target not found
[Package Manager] Server::EnsureServerProcessIsRunning -- launch failed, reason: Unity was launched with the -noUpm command-line argument
[Package Manager] UpmClient::Send -- Unable to send message (not connected to UPM process).
[Package Manager] Cannot connect to Unity Package Manager local server
Mono: successfully reloaded assembly
- Finished resetting the current domain, in  2.996 seconds
Domain Reload Profiling: 4417ms
	BeginReloadAssembly (257ms)
		ExecutionOrderSort (0ms)
		DisableScriptedObjects (19ms)
		BackupInstance (0ms)
		ReleaseScriptingObjects (0ms)
		CreateAndSetChildDomain (66ms)
	RebuildCommonClasses (66ms)
	RebuildNativeTypeToScriptingClass (26ms)
	initialDomainReloadingComplete (68ms)
	LoadAllAssembliesAndSetupDomain (1001ms)
		LoadAssemblies (566ms)
		RebuildTransferFunctionScriptingTraits (0ms)
		AnalyzeDomain (539ms)
			TypeCache.Refresh (519ms)
				TypeCache.ScanAssembly (500ms)
			ScanForSourceGeneratedMonoScriptInfo (8ms)
			ResolveRequiredComponents (11ms)
	FinalizeReload (2998ms)
		ReleaseScriptCaches (0ms)
		RebuildScriptCaches (0ms)
		SetupLoadedEditorAssemblies (1447ms)
			LogAssemblyErrors (0ms)
			InitializePlatformSupportModulesInManaged (18ms)
			SetLoadedEditorAssemblies (9ms)
			RefreshPlugins (0ms)
			BeforeProcessingInitializeOnLoad (255ms)
			ProcessInitializeOnLoadAttributes (982ms)
			ProcessInitializeOnLoadMethodAttributes (129ms)
			AfterProcessingInitializeOnLoad (51ms)
			EditorAssembliesLoaded (2ms)
		ExecutionOrderSort2 (0ms)
		AwakeInstancesAfterBackupRestoration (46ms)
Refreshing native plugins compatible for Editor in 19.16 ms, found 4 plugins.
Preloading 0 native plugins for Editor in 0.00 ms.
Unloading 4574 Unused Serialized files (Serialized files now loaded: 0)
Unloading 37 unused Assets / (37.1 KB). Loaded Objects now: 5095.
Memory consumption went from 154.3 MB to 154.2 MB.
Total: 6.579900 ms (FindLiveObjects: 0.468500 ms CreateObjectMapping: 0.258300 ms MarkObjects: 5.743300 ms  DeleteObjects: 0.107800 ms)

Prepare: number of updated asset objects reloaded= 0
AssetImportParameters requested are different than current active one (requested -> active):
  custom:container-demuxer-ogg: 62fdf1f143b41e24485cea50d1cbac27 -> 
  custom:video-decoder-ogg-theora: a1e56fd34408186e4bbccfd4996cb3dc -> 
  custom:framework-win-MediaFoundation: 216162199b28c13a410421893ffa2e32 -> 
  custom:CustomObjectIndexerAttribute: 756ad292c208cfabdd7b50bc23989ffe -> 
  custom:container-demuxer-webm: 4f35f7cbe854078d1ac9338744f61a02 -> 
  custom:container-muxer-webm: aa71ff27fc2769a1b78a27578f13a17b -> 
  custom:video-decoder-webm-vp8: 9c59270c3fd7afecdb556c50c9e8de78 -> 
  custom:AudioImporter_EditorPlatform: d09bf68614088b80899f8185d706f6e7 -> 
  custom:video-encoder-webm-vp8: eb34c28f22e8b96e1ab97ce403110664 -> 
  custom:audio-decoder-ogg-vorbis: bf7c407c2cedff20999df2af8eb42d56 -> 
  custom:audio-encoder-webm-vorbis: bf7c407c2cedff20999df2af8eb42d56 -> 
========================================================================
Received Prepare
Begin MonoManager ReloadAssembly
- Loaded All Assemblies, in  1.617 seconds
Refreshing native plugins compatible for Editor in 9.07 ms, found 4 plugins.
Native extension for WindowsStandalone target not found
[Package Manager] Server::EnsureServerProcessIsRunning -- launch failed, reason: Unity was launched with the -noUpm command-line argument
[Package Manager] UpmClient::Send -- Unable to send message (not connected to UPM process).
[Package Manager] Cannot connect to Unity Package Manager local server
Mono: successfully reloaded assembly
- Finished resetting the current domain, in  1.959 seconds
Domain Reload Profiling: 3565ms
	BeginReloadAssembly (285ms)
		ExecutionOrderSort (0ms)
		DisableScriptedObjects (22ms)
		BackupInstance (0ms)
		ReleaseScriptingObjects (0ms)
		CreateAndSetChildDomain (68ms)
	RebuildCommonClasses (70ms)
	RebuildNativeTypeToScriptingClass (28ms)
	initialDomainReloadingComplete (75ms)
	LoadAllAssembliesAndSetupDomain (1149ms)
		LoadAssemblies (622ms)
		RebuildTransferFunctionScriptingTraits (0ms)
		AnalyzeDomain (652ms)
			TypeCache.Refresh (636ms)
				TypeCache.ScanAssembly (610ms)
			ScanForSourceGeneratedMonoScriptInfo (7ms)
			ResolveRequiredComponents (9ms)
	FinalizeReload (1959ms)
		ReleaseScriptCaches (0ms)
		RebuildScriptCaches (0ms)
		SetupLoadedEditorAssemblies (863ms)
			LogAssemblyErrors (0ms)
			InitializePlatformSupportModulesInManaged (13ms)
			SetLoadedEditorAssemblies (6ms)
			RefreshPlugins (0ms)
			BeforeProcessingInitializeOnLoad (154ms)
			ProcessInitializeOnLoadAttributes (622ms)
			ProcessInitializeOnLoadMethodAttributes (50ms)
			AfterProcessingInitializeOnLoad (17ms)
			EditorAssembliesLoaded (0ms)
		ExecutionOrderSort2 (0ms)
		AwakeInstancesAfterBackupRestoration (26ms)
Refreshing native plugins compatible for Editor in 13.78 ms, found 4 plugins.
Preloading 0 native plugins for Editor in 0.00 ms.
Unloading 4572 Unused Serialized files (Serialized files now loaded: 0)
Unloading 39 unused Assets / (37.1 KB). Loaded Objects now: 5097.
Memory consumption went from 154.2 MB to 154.2 MB.
Total: 4.189300 ms (FindLiveObjects: 0.367000 ms CreateObjectMapping: 0.273600 ms MarkObjects: 3.471700 ms  DeleteObjects: 0.075600 ms)

Prepare: number of updated asset objects reloaded= 0
AssetImportParameters requested are different than current active one (requested -> active):
  custom:container-demuxer-ogg: 62fdf1f143b41e24485cea50d1cbac27 -> 
  custom:video-decoder-ogg-theora: a1e56fd34408186e4bbccfd4996cb3dc -> 
  custom:framework-win-MediaFoundation: 216162199b28c13a410421893ffa2e32 -> 
  custom:CustomObjectIndexerAttribute: 756ad292c208cfabdd7b50bc23989ffe -> 
  custom:container-demuxer-webm: 4f35f7cbe854078d1ac9338744f61a02 -> 
  custom:container-muxer-webm: aa71ff27fc2769a1b78a27578f13a17b -> 
  custom:video-decoder-webm-vp8: 9c59270c3fd7afecdb556c50c9e8de78 -> 
  custom:AudioImporter_EditorPlatform: d09bf68614088b80899f8185d706f6e7 -> 
  custom:video-encoder-webm-vp8: eb34c28f22e8b96e1ab97ce403110664 -> 
  custom:audio-decoder-ogg-vorbis: bf7c407c2cedff20999df2af8eb42d56 -> 
  custom:audio-encoder-webm-vorbis: bf7c407c2cedff20999df2af8eb42d56 -> 
========================================================================
Received Import Request.
  Time since last request: 137.448956 seconds.
  path: Assets/RF Castle/decorative.png
  artifactKey: Guid(029030ab7555c8c4e95178103a2328f6) Importer(815301076,1909f56bfc062723c751e8b465ee728b)
Start importing Assets/RF Castle/decorative.png using Guid(029030ab7555c8c4e95178103a2328f6) Importer(815301076,1909f56bfc062723c751e8b465ee728b)  -> (artifact id: '7635eed113ae27f63a2680eb9bc0615d') in 0.205178 seconds
Number of updated asset objects reloaded before import = 0
Number of asset objects unloaded after import = 3
========================================================================
Received Import Request.
  Time since last request: 0.000031 seconds.
  path: Assets/RF Castle/decorative_32.asset
  artifactKey: Guid(10884613ec923454093ffddd19e4b72c) Importer(815301076,1909f56bfc062723c751e8b465ee728b)
Start importing Assets/RF Castle/decorative_32.asset using Guid(10884613ec923454093ffddd19e4b72c) Importer(815301076,1909f56bfc062723c751e8b465ee728b)  -> (artifact id: '336b0f73127281443a5179f244e82f05') in 0.050785 seconds
Number of updated asset objects reloaded before import = 0
Number of asset objects unloaded after import = 3
========================================================================
Received Import Request.
  Time since last request: 0.000041 seconds.
  path: Assets/RF Castle/decorative_22.asset
  artifactKey: Guid(a41b867b6a2a4da48a9be320f9d48b36) Importer(815301076,1909f56bfc062723c751e8b465ee728b)
Start importing Assets/RF Castle/decorative_22.asset using Guid(a41b867b6a2a4da48a9be320f9d48b36) Importer(815301076,1909f56bfc062723c751e8b465ee728b)  -> (artifact id: 'f83d2eb6f1483b218088c1b91b79b57e') in 0.064562 seconds
Number of updated asset objects reloaded before import = 0
Number of asset objects unloaded after import = 3
========================================================================
Received Import Request.
  Time since last request: 0.000028 seconds.
  path: Assets/RF Castle/decorative_45.asset
  artifactKey: Guid(96be1fea8ba4e3945b8df02e7b1f5d67) Importer(815301076,1909f56bfc062723c751e8b465ee728b)
Start importing Assets/RF Castle/decorative_45.asset using Guid(96be1fea8ba4e3945b8df02e7b1f5d67) Importer(815301076,1909f56bfc062723c751e8b465ee728b)  -> (artifact id: 'c37297b8dfc7bf01333a727695a2a98f') in 0.057369 seconds
Number of updated asset objects reloaded before import = 0
Number of asset objects unloaded after import = 3
========================================================================
Received Import Request.
  Time since last request: 0.000028 seconds.
  path: Assets/RF Castle/decorative_8.asset
  artifactKey: Guid(0d91a10f0aebc6b4f8d98797b04c2367) Importer(815301076,1909f56bfc062723c751e8b465ee728b)
Start importing Assets/RF Castle/decorative_8.asset using Guid(0d91a10f0aebc6b4f8d98797b04c2367) Importer(815301076,1909f56bfc062723c751e8b465ee728b)  -> (artifact id: '4bf23b7dd3e175e122ac4776eb635c40') in 0.049069 seconds
Number of updated asset objects reloaded before import = 0
Number of asset objects unloaded after import = 3
========================================================================
Received Import Request.
  Time since last request: 0.000024 seconds.
  path: Assets/RF Castle/decorative_11.asset
  artifactKey: Guid(ddff242feb77f1041887373b71f1c4c9) Importer(815301076,1909f56bfc062723c751e8b465ee728b)
Start importing Assets/RF Castle/decorative_11.asset using Guid(ddff242feb77f1041887373b71f1c4c9) Importer(815301076,1909f56bfc062723c751e8b465ee728b)  -> (artifact id: '9bd3f4be28002301c97c711f3da71fb5') in 0.026033 seconds
Number of updated asset objects reloaded before import = 0
Number of asset objects unloaded after import = 3
========================================================================
Received Import Request.
  Time since last request: 0.000025 seconds.
  path: Assets/RF Castle/decorative_21.asset
  artifactKey: Guid(db7eb745cedbef748876768ea2046fd3) Importer(815301076,1909f56bfc062723c751e8b465ee728b)
Start importing Assets/RF Castle/decorative_21.asset using Guid(db7eb745cedbef748876768ea2046fd3) Importer(815301076,1909f56bfc062723c751e8b465ee728b)  -> (artifact id: '0d7ee007368a10a061e8fd51ff4d41b3') in 0.030313 seconds
Number of updated asset objects reloaded before import = 0
Number of asset objects unloaded after import = 3
========================================================================
Received Import Request.
  Time since last request: 0.000031 seconds.
  path: Assets/RF Castle/decorative_31.asset
  artifactKey: Guid(37ac01c5c8f1b73449c54a198f8951b3) Importer(815301076,1909f56bfc062723c751e8b465ee728b)
Start importing Assets/RF Castle/decorative_31.asset using Guid(37ac01c5c8f1b73449c54a198f8951b3) Importer(815301076,1909f56bfc062723c751e8b465ee728b)  -> (artifact id: 'a14ce400f6aec82f29d2d979c2340ec4') in 0.026137 seconds
Number of updated asset objects reloaded before import = 0
Number of asset objects unloaded after import = 3
========================================================================
Received Import Request.
  Time since last request: 0.000044 seconds.
  path: Assets/RF Castle/decorative_40.asset
  artifactKey: Guid(4c1e22e68e73e2c4aa980883f70f23ce) Importer(815301076,1909f56bfc062723c751e8b465ee728b)
Start importing Assets/RF Castle/decorative_40.asset using Guid(4c1e22e68e73e2c4aa980883f70f23ce) Importer(815301076,1909f56bfc062723c751e8b465ee728b)  -> (artifact id: '309341dc39304b9e4fe1ee1105f6b741') in 0.032909 seconds
Number of updated asset objects reloaded before import = 0
Number of asset objects unloaded after import = 3
========================================================================
Received Import Request.
  Time since last request: 0.000026 seconds.
  path: Assets/RF Castle/decorative_14.asset
  artifactKey: Guid(20f17218243787b4481875169bcf3faa) Importer(815301076,1909f56bfc062723c751e8b465ee728b)
Start importing Assets/RF Castle/decorative_14.asset using Guid(20f17218243787b4481875169bcf3faa) Importer(815301076,1909f56bfc062723c751e8b465ee728b)  -> (artifact id: 'bdf7185bf7015b5aee96d949f9c08499') in 0.037395 seconds
Number of updated asset objects reloaded before import = 0
Number of asset objects unloaded after import = 3
========================================================================
Received Import Request.
  Time since last request: 0.002097 seconds.
  path: Assets/RF Castle/decorative_12.asset
  artifactKey: Guid(73a2bf020b6b12440b1827950943665d) Importer(815301076,1909f56bfc062723c751e8b465ee728b)
Start importing Assets/RF Castle/decorative_12.asset using Guid(73a2bf020b6b12440b1827950943665d) Importer(815301076,1909f56bfc062723c751e8b465ee728b)  -> (artifact id: 'ed6ee0a5ee18da942413a08d0ab22116') in 0.040662 seconds
Number of updated asset objects reloaded before import = 0
Number of asset objects unloaded after import = 3
========================================================================
Received Import Request.
  Time since last request: 0.000032 seconds.
  path: Assets/RF Castle/decorative_2.asset
  artifactKey: Guid(c3e2e9972cf97e44eb48a2b9701e2d1e) Importer(815301076,1909f56bfc062723c751e8b465ee728b)
Start importing Assets/RF Castle/decorative_2.asset using Guid(c3e2e9972cf97e44eb48a2b9701e2d1e) Importer(815301076,1909f56bfc062723c751e8b465ee728b)  -> (artifact id: '829a8bd90fb8695fd3d0fb659328a50c') in 0.072325 seconds
Number of updated asset objects reloaded before import = 0
Number of asset objects unloaded after import = 3
========================================================================
Received Import Request.
  Time since last request: 0.000263 seconds.
  path: Assets/RF Castle/decorative_16.asset
  artifactKey: Guid(3ccd404ab070cf44abd4f9bbed4fe9d4) Importer(815301076,1909f56bfc062723c751e8b465ee728b)
Start importing Assets/RF Castle/decorative_16.asset using Guid(3ccd404ab070cf44abd4f9bbed4fe9d4) Importer(815301076,1909f56bfc062723c751e8b465ee728b)  -> (artifact id: '77063bf482673671c7e1830d8da4aa9f') in 0.053125 seconds
Number of updated asset objects reloaded before import = 0
Number of asset objects unloaded after import = 3
========================================================================
Received Import Request.
  Time since last request: 0.000029 seconds.
  path: Assets/RF Castle/decorative_41.asset
  artifactKey: Guid(98017f228d315f945a482cac608a3656) Importer(815301076,1909f56bfc062723c751e8b465ee728b)
Start importing Assets/RF Castle/decorative_41.asset using Guid(98017f228d315f945a482cac608a3656) Importer(815301076,1909f56bfc062723c751e8b465ee728b)  -> (artifact id: 'd41d393b9eb7a532d626e6f78a06dff1') in 0.012880 seconds
Number of updated asset objects reloaded before import = 0
Number of asset objects unloaded after import = 3
========================================================================
Received Import Request.
  Time since last request: 0.000039 seconds.
  path: Assets/RF Castle/decorative_27.asset
  artifactKey: Guid(bcb251acafec284419eb1295f5069902) Importer(815301076,1909f56bfc062723c751e8b465ee728b)
Start importing Assets/RF Castle/decorative_27.asset using Guid(bcb251acafec284419eb1295f5069902) Importer(815301076,1909f56bfc062723c751e8b465ee728b)  -> (artifact id: 'c0eee5e4f35b41150d538f6cdb357722') in 0.059883 seconds
Number of updated asset objects reloaded before import = 0
Number of asset objects unloaded after import = 3
========================================================================
Received Import Request.
  Time since last request: 0.000030 seconds.
  path: Assets/RF Castle/decorative_23.asset
  artifactKey: Guid(25444244a97ad3d40a8adda00b86794e) Importer(815301076,1909f56bfc062723c751e8b465ee728b)
Start importing Assets/RF Castle/decorative_23.asset using Guid(25444244a97ad3d40a8adda00b86794e) Importer(815301076,1909f56bfc062723c751e8b465ee728b)  -> (artifact id: '46291975676935988175ff31bf6a3eac') in 0.047458 seconds
Number of updated asset objects reloaded before import = 0
Number of asset objects unloaded after import = 3
========================================================================
Received Import Request.
  Time since last request: 0.000029 seconds.
  path: Assets/RF Castle/decorative_39.asset
  artifactKey: Guid(eb56c0327e9b4564a9d27fc2b7c75f44) Importer(815301076,1909f56bfc062723c751e8b465ee728b)
Start importing Assets/RF Castle/decorative_39.asset using Guid(eb56c0327e9b4564a9d27fc2b7c75f44) Importer(815301076,1909f56bfc062723c751e8b465ee728b)  -> (artifact id: '7028aca29863dabc73439d46ba7fd98b') in 0.024477 seconds
Number of updated asset objects reloaded before import = 0
Number of asset objects unloaded after import = 3
========================================================================
Received Import Request.
  Time since last request: 0.000032 seconds.
  path: Assets/RF Castle/decorative_25.asset
  artifactKey: Guid(5cc00f3a2d172434597cee1d2d7a5508) Importer(815301076,1909f56bfc062723c751e8b465ee728b)
Start importing Assets/RF Castle/decorative_25.asset using Guid(5cc00f3a2d172434597cee1d2d7a5508) Importer(815301076,1909f56bfc062723c751e8b465ee728b)  -> (artifact id: 'ce1406deb2452121bdfe5be8aee7d9f1') in 0.034343 seconds
Number of updated asset objects reloaded before import = 0
Number of asset objects unloaded after import = 3
========================================================================
Received Import Request.
  Time since last request: 0.000372 seconds.
  path: Assets/RF Castle/decorative_17.asset
  artifactKey: Guid(9abf7bf0c039ac14e8bba9527be1ce43) Importer(815301076,1909f56bfc062723c751e8b465ee728b)
Start importing Assets/RF Castle/decorative_17.asset using Guid(9abf7bf0c039ac14e8bba9527be1ce43) Importer(815301076,1909f56bfc062723c751e8b465ee728b)  -> (artifact id: '4cf541d9ebe625d9211890d05f25eee6') in 0.011072 seconds
Number of updated asset objects reloaded before import = 0
Number of asset objects unloaded after import = 3
========================================================================
Received Import Request.
  Time since last request: 0.000023 seconds.
  path: Assets/RF Castle/decorative_4.asset
  artifactKey: Guid(9e049676f96e4024bb73e9c1fef1136b) Importer(815301076,1909f56bfc062723c751e8b465ee728b)
Start importing Assets/RF Castle/decorative_4.asset using Guid(9e049676f96e4024bb73e9c1fef1136b) Importer(815301076,1909f56bfc062723c751e8b465ee728b)  -> (artifact id: '042c60f8e180f898bce6d59bd71eca2b') in 0.010993 seconds
Number of updated asset objects reloaded before import = 0
Number of asset objects unloaded after import = 3
========================================================================
Received Import Request.
  Time since last request: 0.000147 seconds.
  path: Assets/RF Castle/decorative_30.asset
  artifactKey: Guid(7d3723a10b3e6da4683a2a4d74d994a6) Importer(815301076,1909f56bfc062723c751e8b465ee728b)
Start importing Assets/RF Castle/decorative_30.asset using Guid(7d3723a10b3e6da4683a2a4d74d994a6) Importer(815301076,1909f56bfc062723c751e8b465ee728b)  -> (artifact id: '15232eff47b896166b3bb49cfc0c0a31') in 0.130074 seconds
Number of updated asset objects reloaded before import = 0
Number of asset objects unloaded after import = 3
========================================================================
Received Import Request.
  Time since last request: 0.000026 seconds.
  path: Assets/RF Castle/decorative_36.asset
  artifactKey: Guid(5232c0224a2e6774595439a504e73908) Importer(815301076,1909f56bfc062723c751e8b465ee728b)
Start importing Assets/RF Castle/decorative_36.asset using Guid(5232c0224a2e6774595439a504e73908) Importer(815301076,1909f56bfc062723c751e8b465ee728b)  -> (artifact id: '7010749df0482b855a9a06611d352a7c') in 0.059009 seconds
Number of updated asset objects reloaded before import = 0
Number of asset objects unloaded after import = 3
========================================================================
Received Import Request.
  Time since last request: 0.000092 seconds.
  path: Assets/RF Castle/decorative_19.asset
  artifactKey: Guid(11f3813c6cbfbc04ba40026a0697d02f) Importer(815301076,1909f56bfc062723c751e8b465ee728b)
Start importing Assets/RF Castle/decorative_19.asset using Guid(11f3813c6cbfbc04ba40026a0697d02f) Importer(815301076,1909f56bfc062723c751e8b465ee728b)  -> (artifact id: '30a8b0ab3489f96e1ae9fe3e79584e35') in 0.026005 seconds
Number of updated asset objects reloaded before import = 0
Number of asset objects unloaded after import = 3
========================================================================
Received Import Request.
  Time since last request: 0.000030 seconds.
  path: Assets/RF Castle/decorative_46.asset
  artifactKey: Guid(bf0bc565150d9114a8d08e8e7b12eddb) Importer(815301076,1909f56bfc062723c751e8b465ee728b)
Start importing Assets/RF Castle/decorative_46.asset using Guid(bf0bc565150d9114a8d08e8e7b12eddb) Importer(815301076,1909f56bfc062723c751e8b465ee728b)  -> (artifact id: '099ed01c8f43c4ed50949ffe5d744764') in 0.042105 seconds
Number of updated asset objects reloaded before import = 0
Number of asset objects unloaded after import = 3
========================================================================
Received Import Request.
  Time since last request: 0.000033 seconds.
  path: Assets/RF Castle/decorative_0.asset
  artifactKey: Guid(599bc0962b7cdda4e8b6a77d55d3e962) Importer(815301076,1909f56bfc062723c751e8b465ee728b)
Start importing Assets/RF Castle/decorative_0.asset using Guid(599bc0962b7cdda4e8b6a77d55d3e962) Importer(815301076,1909f56bfc062723c751e8b465ee728b)  -> (artifact id: '8e7a8aee1f39b8a14b3248d4d58d2fa9') in 0.062489 seconds
Number of updated asset objects reloaded before import = 0
Number of asset objects unloaded after import = 3
========================================================================
Received Import Request.
  Time since last request: 0.152153 seconds.
  path: Assets/RF Castle/decorative_49.asset
  artifactKey: Guid(e3095a881b3f7a344b6148817dc06a9d) Importer(815301076,1909f56bfc062723c751e8b465ee728b)
Start importing Assets/RF Castle/decorative_49.asset using Guid(e3095a881b3f7a344b6148817dc06a9d) Importer(815301076,1909f56bfc062723c751e8b465ee728b)  -> (artifact id: '9427245b59f50fee70878e6fa23267fe') in 0.081158 seconds
Number of updated asset objects reloaded before import = 0
Number of asset objects unloaded after import = 3
========================================================================
Received Import Request.
  Time since last request: 0.000034 seconds.
  path: Assets/RF Castle/decorative_59.asset
  artifactKey: Guid(a76e3f56a617cb647b85569e7c80ebdb) Importer(815301076,1909f56bfc062723c751e8b465ee728b)
Start importing Assets/RF Castle/decorative_59.asset using Guid(a76e3f56a617cb647b85569e7c80ebdb) Importer(815301076,1909f56bfc062723c751e8b465ee728b)  -> (artifact id: 'd045df7de7819a4e59109c7751da2134') in 0.094215 seconds
Number of updated asset objects reloaded before import = 0
Number of asset objects unloaded after import = 3
========================================================================
Received Import Request.
  Time since last request: 0.000040 seconds.
  path: Assets/RF Castle/decorative_60.asset
  artifactKey: Guid(40cb8ff54470b894d8bd3bee3cbe5c93) Importer(815301076,1909f56bfc062723c751e8b465ee728b)
Start importing Assets/RF Castle/decorative_60.asset using Guid(40cb8ff54470b894d8bd3bee3cbe5c93) Importer(815301076,1909f56bfc062723c751e8b465ee728b)  -> (artifact id: 'b7a8d3ab2f2394e2bbc2191ac332c0af') in 0.121180 seconds
Number of updated asset objects reloaded before import = 0
Number of asset objects unloaded after import = 3
========================================================================
Received Import Request.
  Time since last request: 0.000496 seconds.
  path: Assets/RF Castle/decorative_58.asset
  artifactKey: Guid(f8df5288451aedc418551443a46d0bc5) Importer(815301076,1909f56bfc062723c751e8b465ee728b)
Start importing Assets/RF Castle/decorative_58.asset using Guid(f8df5288451aedc418551443a46d0bc5) Importer(815301076,1909f56bfc062723c751e8b465ee728b)  -> (artifact id: '29e32ff9028ddb87580b09972f5fa4f6') in 0.054152 seconds
Number of updated asset objects reloaded before import = 0
Number of asset objects unloaded after import = 3
========================================================================
Received Import Request.
  Time since last request: 0.000028 seconds.
  path: Assets/RF Castle/decorative_57.asset
  artifactKey: Guid(a10bc592e47528643a6ba9ec9387a0c6) Importer(815301076,1909f56bfc062723c751e8b465ee728b)
Start importing Assets/RF Castle/decorative_57.asset using Guid(a10bc592e47528643a6ba9ec9387a0c6) Importer(815301076,1909f56bfc062723c751e8b465ee728b)  -> (artifact id: '1070950d9417d3445f9b6dcc6983b052') in 0.110520 seconds
Number of updated asset objects reloaded before import = 0
Number of asset objects unloaded after import = 3
========================================================================
Received Import Request.
  Time since last request: 0.000046 seconds.
  path: Assets/RF Castle/decorative_62.asset
  artifactKey: Guid(a0b5f22b60459664396c1a0b019171fa) Importer(815301076,1909f56bfc062723c751e8b465ee728b)
Start importing Assets/RF Castle/decorative_62.asset using Guid(a0b5f22b60459664396c1a0b019171fa) Importer(815301076,1909f56bfc062723c751e8b465ee728b)  -> (artifact id: 'a0db032faeed9b6947e7b974bc8adb4c') in 0.062468 seconds
Number of updated asset objects reloaded before import = 0
Number of asset objects unloaded after import = 3
========================================================================
Received Import Request.
  Time since last request: 0.000093 seconds.
  path: Assets/RF Castle/decorative_72.asset
  artifactKey: Guid(ea5594a3e11ae2f4d99c37caa4158c9f) Importer(815301076,1909f56bfc062723c751e8b465ee728b)
Start importing Assets/RF Castle/decorative_72.asset using Guid(ea5594a3e11ae2f4d99c37caa4158c9f) Importer(815301076,1909f56bfc062723c751e8b465ee728b)  -> (artifact id: 'e53f6e644cab4523f7cfed7225f93025') in 0.071243 seconds
Number of updated asset objects reloaded before import = 0
Number of asset objects unloaded after import = 3
========================================================================
Received Import Request.
  Time since last request: 0.000357 seconds.
  path: Assets/RF Castle/decorative_65.asset
  artifactKey: Guid(5ebab838e19237d46b982b20477d9ad2) Importer(815301076,1909f56bfc062723c751e8b465ee728b)
Start importing Assets/RF Castle/decorative_65.asset using Guid(5ebab838e19237d46b982b20477d9ad2) Importer(815301076,1909f56bfc062723c751e8b465ee728b)  -> (artifact id: 'c353a5b0d18ec3cafb744e8ddfed7289') in 0.045468 seconds
Number of updated asset objects reloaded before import = 0
Number of asset objects unloaded after import = 3
========================================================================
Received Import Request.
  Time since last request: 0.000998 seconds.
  path: Assets/RF Castle/decorative_81.asset
  artifactKey: Guid(84e0fbb8fa3a6644fb9dc4234629da4a) Importer(815301076,1909f56bfc062723c751e8b465ee728b)
Start importing Assets/RF Castle/decorative_81.asset using Guid(84e0fbb8fa3a6644fb9dc4234629da4a) Importer(815301076,1909f56bfc062723c751e8b465ee728b)  -> (artifact id: '98831fa0a2c099c45fe352e1809d401f') in 0.040982 seconds
Number of updated asset objects reloaded before import = 0
Number of asset objects unloaded after import = 3
========================================================================
Received Import Request.
  Time since last request: 0.000039 seconds.
  path: Assets/RF Castle/decorative_78.asset
  artifactKey: Guid(7a69e9ff1be09e448b0b4d785335871f) Importer(815301076,1909f56bfc062723c751e8b465ee728b)
Start importing Assets/RF Castle/decorative_78.asset using Guid(7a69e9ff1be09e448b0b4d785335871f) Importer(815301076,1909f56bfc062723c751e8b465ee728b)  -> (artifact id: '402eee76bebd5993d14ccd58dacb2cac') in 0.045665 seconds
Number of updated asset objects reloaded before import = 0
Number of asset objects unloaded after import = 3
========================================================================
Received Import Request.
  Time since last request: 0.000030 seconds.
  path: Assets/RF Castle/decorative_64.asset
  artifactKey: Guid(3c166ab58f907ea44aa54bc03b1e67f0) Importer(815301076,1909f56bfc062723c751e8b465ee728b)
Start importing Assets/RF Castle/decorative_64.asset using Guid(3c166ab58f907ea44aa54bc03b1e67f0) Importer(815301076,1909f56bfc062723c751e8b465ee728b)  -> (artifact id: 'c1afe7d1e9ae7b31d7c702e75ca3476b') in 0.069536 seconds
Number of updated asset objects reloaded before import = 0
Number of asset objects unloaded after import = 3
========================================================================
Received Import Request.
  Time since last request: 0.000039 seconds.
  path: Assets/RF Castle/decorative_84.asset
  artifactKey: Guid(9968a5d886020784d9088ad448441141) Importer(815301076,1909f56bfc062723c751e8b465ee728b)
Start importing Assets/RF Castle/decorative_84.asset using Guid(9968a5d886020784d9088ad448441141) Importer(815301076,1909f56bfc062723c751e8b465ee728b)  -> (artifact id: '700da16c41a0b1b3aad29fcb36d264be') in 0.051428 seconds
Number of updated asset objects reloaded before import = 0
Number of asset objects unloaded after import = 3
========================================================================
Received Import Request.
  Time since last request: 0.000058 seconds.
  path: Assets/RF Castle/decorative_82.asset
  artifactKey: Guid(5114d0f830d92ba46a3ef05a9cc1ca39) Importer(815301076,1909f56bfc062723c751e8b465ee728b)
Start importing Assets/RF Castle/decorative_82.asset using Guid(5114d0f830d92ba46a3ef05a9cc1ca39) Importer(815301076,1909f56bfc062723c751e8b465ee728b)  -> (artifact id: '35540e9c9a5258bd7da1ab8dfbddb036') in 0.066505 seconds
Number of updated asset objects reloaded before import = 0
Number of asset objects unloaded after import = 3
========================================================================
Received Import Request.
  Time since last request: 0.000034 seconds.
  path: Assets/RF Castle/decorative_54.asset
  artifactKey: Guid(2de7755744c85d547b653e5a62920396) Importer(815301076,1909f56bfc062723c751e8b465ee728b)
Start importing Assets/RF Castle/decorative_54.asset using Guid(2de7755744c85d547b653e5a62920396) Importer(815301076,1909f56bfc062723c751e8b465ee728b)  -> (artifact id: '15a9f29c98f3775ff881545ab50d401c') in 0.062482 seconds
Number of updated asset objects reloaded before import = 0
Number of asset objects unloaded after import = 3
========================================================================
Received Import Request.
  Time since last request: 0.000042 seconds.
  path: Assets/RF Castle/decorative_61.asset
  artifactKey: Guid(0f83e79fddbd6014a947a6c120135828) Importer(815301076,1909f56bfc062723c751e8b465ee728b)
Start importing Assets/RF Castle/decorative_61.asset using Guid(0f83e79fddbd6014a947a6c120135828) Importer(815301076,1909f56bfc062723c751e8b465ee728b)  -> (artifact id: '0dacdfeef35936989667d0ac7ada65ad') in 0.043125 seconds
Number of updated asset objects reloaded before import = 0
Number of asset objects unloaded after import = 3
========================================================================
Received Import Request.
  Time since last request: 0.000039 seconds.
  path: Assets/RF Castle/decorative_52.asset
  artifactKey: Guid(7b0110c6410ae9e4a8d7d5d5f86613af) Importer(815301076,1909f56bfc062723c751e8b465ee728b)
Start importing Assets/RF Castle/decorative_52.asset using Guid(7b0110c6410ae9e4a8d7d5d5f86613af) Importer(815301076,1909f56bfc062723c751e8b465ee728b)  -> (artifact id: 'ab0fb2ea2f97b31e7ad6a10ef794e734') in 0.036925 seconds
Number of updated asset objects reloaded before import = 0
Number of asset objects unloaded after import = 3
========================================================================
Received Import Request.
  Time since last request: 0.000038 seconds.
  path: Assets/RF Castle/decorative_83.asset
  artifactKey: Guid(f2f455e60e0221648a38732d3f3b0fb6) Importer(815301076,1909f56bfc062723c751e8b465ee728b)
Start importing Assets/RF Castle/decorative_83.asset using Guid(f2f455e60e0221648a38732d3f3b0fb6) Importer(815301076,1909f56bfc062723c751e8b465ee728b)  -> (artifact id: '321ba81d003350948e26736d32516435') in 0.051842 seconds
Number of updated asset objects reloaded before import = 0
Number of asset objects unloaded after import = 3
========================================================================
Received Import Request.
  Time since last request: 0.000073 seconds.
  path: Assets/RF Castle/decorative_66.asset
  artifactKey: Guid(c09d9ca50d9d5f4438c7a4364f033b76) Importer(815301076,1909f56bfc062723c751e8b465ee728b)
Start importing Assets/RF Castle/decorative_66.asset using Guid(c09d9ca50d9d5f4438c7a4364f033b76) Importer(815301076,1909f56bfc062723c751e8b465ee728b)  -> (artifact id: 'de5caf0e1fda0c86681cb61014bcf5e9') in 0.049292 seconds
Number of updated asset objects reloaded before import = 0
Number of asset objects unloaded after import = 3
========================================================================
Received Import Request.
  Time since last request: 0.000167 seconds.
  path: Assets/RF Castle/decorative_76.asset
  artifactKey: Guid(de36a3c08af384149b7f6ac977e2d0a4) Importer(815301076,1909f56bfc062723c751e8b465ee728b)
Start importing Assets/RF Castle/decorative_76.asset using Guid(de36a3c08af384149b7f6ac977e2d0a4) Importer(815301076,1909f56bfc062723c751e8b465ee728b)  -> (artifact id: '99f8aa717e3be1c5eac23b66114c4d97') in 0.039215 seconds
Number of updated asset objects reloaded before import = 0
Number of asset objects unloaded after import = 3
========================================================================
Received Import Request.
  Time since last request: 0.000039 seconds.
  path: Assets/RF Castle/decorative_87.asset
  artifactKey: Guid(73a2a0160495643419eb2ca6f9d05369) Importer(815301076,1909f56bfc062723c751e8b465ee728b)
Start importing Assets/RF Castle/decorative_87.asset using Guid(73a2a0160495643419eb2ca6f9d05369) Importer(815301076,1909f56bfc062723c751e8b465ee728b)  -> (artifact id: 'a3c51bdec864c35beb8cf3be9bd149af') in 0.038663 seconds
Number of updated asset objects reloaded before import = 0
Number of asset objects unloaded after import = 3
========================================================================
Received Import Request.
  Time since last request: 0.000032 seconds.
  path: Assets/RF Castle/decorative_95.asset
  artifactKey: Guid(510615ff59ec13346a9d36cae3a85fe2) Importer(815301076,1909f56bfc062723c751e8b465ee728b)
Start importing Assets/RF Castle/decorative_95.asset using Guid(510615ff59ec13346a9d36cae3a85fe2) Importer(815301076,1909f56bfc062723c751e8b465ee728b)  -> (artifact id: '0e8b38bcc2e8327582be788d354db01a') in 0.047105 seconds
Number of updated asset objects reloaded before import = 0
Number of asset objects unloaded after import = 3
========================================================================
Received Import Request.
  Time since last request: 0.000033 seconds.
  path: Assets/RF Castle/decorative_99.asset
  artifactKey: Guid(143bcde1cf3fd9942b511b33d1ce7f25) Importer(815301076,1909f56bfc062723c751e8b465ee728b)
Start importing Assets/RF Castle/decorative_99.asset using Guid(143bcde1cf3fd9942b511b33d1ce7f25) Importer(815301076,1909f56bfc062723c751e8b465ee728b)  -> (artifact id: '18f11c673c3abb896d3d2183864b4d7d') in 0.055933 seconds
Number of updated asset objects reloaded before import = 0
Number of asset objects unloaded after import = 3
========================================================================
Received Import Request.
  Time since last request: 0.000034 seconds.
  path: Assets/RF Castle/decorative_96.asset
  artifactKey: Guid(1081a29621e908245bab8343f1fac772) Importer(815301076,1909f56bfc062723c751e8b465ee728b)
Start importing Assets/RF Castle/decorative_96.asset using Guid(1081a29621e908245bab8343f1fac772) Importer(815301076,1909f56bfc062723c751e8b465ee728b)  -> (artifact id: '768852a7dd69f9703df588e1a49c9b76') in 0.044382 seconds
Number of updated asset objects reloaded before import = 0
Number of asset objects unloaded after import = 3
========================================================================
Received Import Request.
  Time since last request: 0.000085 seconds.
  path: Assets/RF Castle/decorative_92.asset
  artifactKey: Guid(438fdbb59a2b2684db2163b4c907ccfd) Importer(815301076,1909f56bfc062723c751e8b465ee728b)
Start importing Assets/RF Castle/decorative_92.asset using Guid(438fdbb59a2b2684db2163b4c907ccfd) Importer(815301076,1909f56bfc062723c751e8b465ee728b)  -> (artifact id: '8c7dec4159224dda022d38e23f8b5745') in 0.034078 seconds
Number of updated asset objects reloaded before import = 0
Number of asset objects unloaded after import = 3
========================================================================
Received Import Request.
  Time since last request: 0.000033 seconds.
  path: Assets/RF Castle/decorative_91.asset
  artifactKey: Guid(dbb573209d2872b4c8cec2e3db91a19f) Importer(815301076,1909f56bfc062723c751e8b465ee728b)
Start importing Assets/RF Castle/decorative_91.asset using Guid(dbb573209d2872b4c8cec2e3db91a19f) Importer(815301076,1909f56bfc062723c751e8b465ee728b)  -> (artifact id: '26853047edc2a53507e4b1e72958403d') in 0.058624 seconds
Number of updated asset objects reloaded before import = 0
Number of asset objects unloaded after import = 3
========================================================================
Received Import Request.
  Time since last request: 0.000036 seconds.
  path: Assets/RF Castle/decorative_75.asset
  artifactKey: Guid(b6e6b0f71e24e9546bbf21e35d43c7b0) Importer(815301076,1909f56bfc062723c751e8b465ee728b)
Start importing Assets/RF Castle/decorative_75.asset using Guid(b6e6b0f71e24e9546bbf21e35d43c7b0) Importer(815301076,1909f56bfc062723c751e8b465ee728b)  -> (artifact id: '23570cb1f4993d08be8dc1af56baa45a') in 0.101166 seconds
Number of updated asset objects reloaded before import = 0
Number of asset objects unloaded after import = 3
========================================================================
Received Import Request.
  Time since last request: 0.000034 seconds.
  path: Assets/RF Castle/decorative_80.asset
  artifactKey: Guid(afc66cb097c7a6345bdbbf3cf7269b29) Importer(815301076,1909f56bfc062723c751e8b465ee728b)
Start importing Assets/RF Castle/decorative_80.asset using Guid(afc66cb097c7a6345bdbbf3cf7269b29) Importer(815301076,1909f56bfc062723c751e8b465ee728b)  -> (artifact id: '517fd0b8d4ef3caaaa22b4fe74f37de1') in 0.052573 seconds
Number of updated asset objects reloaded before import = 0
Number of asset objects unloaded after import = 3
========================================================================
Received Import Request.
  Time since last request: 0.000038 seconds.
  path: Assets/RF Castle/decorative_77.asset
  artifactKey: Guid(2d98a04ea9b0dc541bfc923d0244b3ec) Importer(815301076,1909f56bfc062723c751e8b465ee728b)
Start importing Assets/RF Castle/decorative_77.asset using Guid(2d98a04ea9b0dc541bfc923d0244b3ec) Importer(815301076,1909f56bfc062723c751e8b465ee728b)  -> (artifact id: '6913b506ee0fd16f36564623e90a9944') in 0.075692 seconds
Number of updated asset objects reloaded before import = 0
Number of asset objects unloaded after import = 3
========================================================================
Received Import Request.
  Time since last request: 0.018041 seconds.
  path: Assets/RF Castle/decorative_101.asset
  artifactKey: Guid(4adcbc1a1b19004449c25bc77f76e35b) Importer(815301076,1909f56bfc062723c751e8b465ee728b)
Start importing Assets/RF Castle/decorative_101.asset using Guid(4adcbc1a1b19004449c25bc77f76e35b) Importer(815301076,1909f56bfc062723c751e8b465ee728b)  -> (artifact id: 'f181ec49397474d4cfd9cca4abea59ac') in 0.052678 seconds
Number of updated asset objects reloaded before import = 0
Number of asset objects unloaded after import = 3
========================================================================
Received Import Request.
  Time since last request: 0.000037 seconds.
  path: Assets/RF Castle/decorative_111.asset
  artifactKey: Guid(b4555564d171b414e80e1beef3d2369a) Importer(815301076,1909f56bfc062723c751e8b465ee728b)
Start importing Assets/RF Castle/decorative_111.asset using Guid(b4555564d171b414e80e1beef3d2369a) Importer(815301076,1909f56bfc062723c751e8b465ee728b)  -> (artifact id: 'c5b7b2d4bb32ff0c9b6804cd3a1e427e') in 0.043784 seconds
Number of updated asset objects reloaded before import = 0
Number of asset objects unloaded after import = 3
========================================================================
Received Import Request.
  Time since last request: 0.000273 seconds.
  path: Assets/RF Castle/decorative_107.asset
  artifactKey: Guid(75c2eb6951bbb85428929721dd48fec4) Importer(815301076,1909f56bfc062723c751e8b465ee728b)
Start importing Assets/RF Castle/decorative_107.asset using Guid(75c2eb6951bbb85428929721dd48fec4) Importer(815301076,1909f56bfc062723c751e8b465ee728b)  -> (artifact id: 'a6f3078f3d571782305b60420a3e46fa') in 0.052304 seconds
Number of updated asset objects reloaded before import = 0
Number of asset objects unloaded after import = 3
========================================================================
Received Import Request.
  Time since last request: 0.000038 seconds.
  path: Assets/RF Castle/decorative_102.asset
  artifactKey: Guid(a3894289a4969374dbb51e50b8991340) Importer(815301076,1909f56bfc062723c751e8b465ee728b)
Start importing Assets/RF Castle/decorative_102.asset using Guid(a3894289a4969374dbb51e50b8991340) Importer(815301076,1909f56bfc062723c751e8b465ee728b)  -> (artifact id: '20e6afa3d32e296f87883f93ff325087') in 0.039931 seconds
Number of updated asset objects reloaded before import = 0
Number of asset objects unloaded after import = 3
========================================================================
Received Import Request.
  Time since last request: 0.000043 seconds.
  path: Assets/RF Castle/decorative_104.asset
  artifactKey: Guid(c5d1d40518b2b6d43b019394bb9ab6a6) Importer(815301076,1909f56bfc062723c751e8b465ee728b)
Start importing Assets/RF Castle/decorative_104.asset using Guid(c5d1d40518b2b6d43b019394bb9ab6a6) Importer(815301076,1909f56bfc062723c751e8b465ee728b)  -> (artifact id: 'a4bb0fc75f167f4b2629b8e1929afa89') in 0.058562 seconds
Number of updated asset objects reloaded before import = 0
Number of asset objects unloaded after import = 3
========================================================================
Received Import Request.
  Time since last request: 0.000058 seconds.
  path: Assets/RF Castle/decorative_103.asset
  artifactKey: Guid(adb89fdf278d5cd4d8db18f1ac870e37) Importer(815301076,1909f56bfc062723c751e8b465ee728b)
Start importing Assets/RF Castle/decorative_103.asset using Guid(adb89fdf278d5cd4d8db18f1ac870e37) Importer(815301076,1909f56bfc062723c751e8b465ee728b)  -> (artifact id: '100648204992fa4ca571fe357a1f1cb0') in 0.047586 seconds
Number of updated asset objects reloaded before import = 0
Number of asset objects unloaded after import = 3
========================================================================
Received Import Request.
  Time since last request: 0.256393 seconds.
  path: Assets/RF Castle/decorative_114.asset
  artifactKey: Guid(9c0127d6c5641fe438d7b4b5d723ae75) Importer(815301076,1909f56bfc062723c751e8b465ee728b)
Start importing Assets/RF Castle/decorative_114.asset using Guid(9c0127d6c5641fe438d7b4b5d723ae75) Importer(815301076,1909f56bfc062723c751e8b465ee728b)  -> (artifact id: '649039161e3405b059615499783f29a3') in 0.054345 seconds
Number of updated asset objects reloaded before import = 0
Number of asset objects unloaded after import = 3
========================================================================
Received Import Request.
  Time since last request: 0.000031 seconds.
  path: Assets/RF Castle/decorative_115.asset
  artifactKey: Guid(fdfe3a6e5199abc4bb5ae3604b991f62) Importer(815301076,1909f56bfc062723c751e8b465ee728b)
Start importing Assets/RF Castle/decorative_115.asset using Guid(fdfe3a6e5199abc4bb5ae3604b991f62) Importer(815301076,1909f56bfc062723c751e8b465ee728b)  -> (artifact id: '148c1735cf4c8ad921342d13dd0e6208') in 0.583471 seconds
Number of updated asset objects reloaded before import = 0
Number of asset objects unloaded after import = 3
========================================================================
Received Import Request.
  Time since last request: 0.010967 seconds.
  path: Assets/RF Castle/decorative_144.asset
  artifactKey: Guid(5ea1ab30f3372944a92878d5fe0ddfc1) Importer(815301076,1909f56bfc062723c751e8b465ee728b)
Start importing Assets/RF Castle/decorative_144.asset using Guid(5ea1ab30f3372944a92878d5fe0ddfc1) Importer(815301076,1909f56bfc062723c751e8b465ee728b)  -> (artifact id: 'b84e37c5deb1076bffab67a5ad4bab21') in 0.356123 seconds
Number of updated asset objects reloaded before import = 0
Number of asset objects unloaded after import = 3
========================================================================
Received Import Request.
  Time since last request: 0.000044 seconds.
  path: Assets/RF Castle/decorative_132.asset
  artifactKey: Guid(c0e33b4164185884e8a327c5fb73ff88) Importer(815301076,1909f56bfc062723c751e8b465ee728b)
Start importing Assets/RF Castle/decorative_132.asset using Guid(c0e33b4164185884e8a327c5fb73ff88) Importer(815301076,1909f56bfc062723c751e8b465ee728b)  -> (artifact id: '68ec01427e8a15289223d0884dd9b221') in 0.238230 seconds
Number of updated asset objects reloaded before import = 0
Number of asset objects unloaded after import = 3
========================================================================
Received Import Request.
  Time since last request: 0.000132 seconds.
  path: Assets/RF Castle/decorative_157.asset
  artifactKey: Guid(1c31c1d50a11f96458c309a5a7517b86) Importer(815301076,1909f56bfc062723c751e8b465ee728b)
Start importing Assets/RF Castle/decorative_157.asset using Guid(1c31c1d50a11f96458c309a5a7517b86) Importer(815301076,1909f56bfc062723c751e8b465ee728b)  -> (artifact id: '67a249af21de89acf5791bb9623ac9ca') in 0.098272 seconds
Number of updated asset objects reloaded before import = 0
Number of asset objects unloaded after import = 3
========================================================================
Received Import Request.
  Time since last request: 0.000248 seconds.
  path: Assets/RF Castle/decorative_163.asset
  artifactKey: Guid(8647cdfb0f9b256409dd03411bbbf697) Importer(815301076,1909f56bfc062723c751e8b465ee728b)
Start importing Assets/RF Castle/decorative_163.asset using Guid(8647cdfb0f9b256409dd03411bbbf697) Importer(815301076,1909f56bfc062723c751e8b465ee728b)  -> (artifact id: '0490c0d4aed9e7de9e27eb85b2da875e') in 0.113872 seconds
Number of updated asset objects reloaded before import = 0
Number of asset objects unloaded after import = 3
========================================================================
Received Import Request.
  Time since last request: 0.002221 seconds.
  path: Assets/RF Castle/decorative_151.asset
  artifactKey: Guid(7b370c46bd126684fadbcc3cef601d1c) Importer(815301076,1909f56bfc062723c751e8b465ee728b)
Start importing Assets/RF Castle/decorative_151.asset using Guid(7b370c46bd126684fadbcc3cef601d1c) Importer(815301076,1909f56bfc062723c751e8b465ee728b)  -> (artifact id: 'a1df9576909ccfeddf378f456df7e4e5') in 0.095374 seconds
Number of updated asset objects reloaded before import = 0
Number of asset objects unloaded after import = 3
========================================================================
Received Import Request.
  Time since last request: 0.000039 seconds.
  path: Assets/RF Castle/decorative_125.asset
  artifactKey: Guid(b360a2c7bb1438b43b38c89ba8c5bc9f) Importer(815301076,1909f56bfc062723c751e8b465ee728b)
Start importing Assets/RF Castle/decorative_125.asset using Guid(b360a2c7bb1438b43b38c89ba8c5bc9f) Importer(815301076,1909f56bfc062723c751e8b465ee728b)  -> (artifact id: 'c454dab80408b461b97343f9d29c769a') in 0.070328 seconds
Number of updated asset objects reloaded before import = 0
Number of asset objects unloaded after import = 3
========================================================================
Received Import Request.
  Time since last request: 0.000025 seconds.
  path: Assets/RF Castle/decorative_149.asset
  artifactKey: Guid(a464d175f7ea18e42a73d4722adf89e1) Importer(815301076,1909f56bfc062723c751e8b465ee728b)
Start importing Assets/RF Castle/decorative_149.asset using Guid(a464d175f7ea18e42a73d4722adf89e1) Importer(815301076,1909f56bfc062723c751e8b465ee728b)  -> (artifact id: '44c042502b1179a7c0839b5137f8687d') in 0.081312 seconds
Number of updated asset objects reloaded before import = 0
Number of asset objects unloaded after import = 3
========================================================================
Received Import Request.
  Time since last request: 0.000041 seconds.
  path: Assets/RF Castle/decorative_118.asset
  artifactKey: Guid(c72a66feecb0ce04fb272865e18b7e56) Importer(815301076,1909f56bfc062723c751e8b465ee728b)
Start importing Assets/RF Castle/decorative_118.asset using Guid(c72a66feecb0ce04fb272865e18b7e56) Importer(815301076,1909f56bfc062723c751e8b465ee728b)  -> (artifact id: '1899a41415a2aa1ba0d643c2f943ab1a') in 0.047212 seconds
Number of updated asset objects reloaded before import = 0
Number of asset objects unloaded after import = 3
========================================================================
Received Import Request.
  Time since last request: 0.000046 seconds.
  path: Assets/RF Castle/decorative_156.asset
  artifactKey: Guid(fe200345957f55243af0c932274e5070) Importer(815301076,1909f56bfc062723c751e8b465ee728b)
Start importing Assets/RF Castle/decorative_156.asset using Guid(fe200345957f55243af0c932274e5070) Importer(815301076,1909f56bfc062723c751e8b465ee728b)  -> (artifact id: '75d06b59bef4a00a8737144c9c77af83') in 0.041457 seconds
Number of updated asset objects reloaded before import = 0
Number of asset objects unloaded after import = 3
========================================================================
Received Import Request.
  Time since last request: 0.000044 seconds.
  path: Assets/RF Castle/decorative_164.asset
  artifactKey: Guid(b78ab829058fdb1469d3ea22ff657cd2) Importer(815301076,1909f56bfc062723c751e8b465ee728b)
Start importing Assets/RF Castle/decorative_164.asset using Guid(b78ab829058fdb1469d3ea22ff657cd2) Importer(815301076,1909f56bfc062723c751e8b465ee728b)  -> (artifact id: '0275ccbcb56440061a802671d66e72be') in 0.025070 seconds
Number of updated asset objects reloaded before import = 0
Number of asset objects unloaded after import = 3
========================================================================
Received Import Request.
  Time since last request: 0.000031 seconds.
  path: Assets/RF Castle/decorative_140.asset
  artifactKey: Guid(24e317de0159e934ab82229759a1a007) Importer(815301076,1909f56bfc062723c751e8b465ee728b)
Start importing Assets/RF Castle/decorative_140.asset using Guid(24e317de0159e934ab82229759a1a007) Importer(815301076,1909f56bfc062723c751e8b465ee728b)  -> (artifact id: 'b0bdfbfbee7d5aa79d8500a06e543f6a') in 0.056142 seconds
Number of updated asset objects reloaded before import = 0
Number of asset objects unloaded after import = 3
========================================================================
Received Import Request.
  Time since last request: 0.009751 seconds.
  path: Assets/RF Castle/decorative_141.asset
  artifactKey: Guid(ba0264b27acceb646a3000935e4a9122) Importer(815301076,1909f56bfc062723c751e8b465ee728b)
Start importing Assets/RF Castle/decorative_141.asset using Guid(ba0264b27acceb646a3000935e4a9122) Importer(815301076,1909f56bfc062723c751e8b465ee728b)  -> (artifact id: 'a3b3b183ea736ae5a0e68fe6298f1d71') in 0.054512 seconds
Number of updated asset objects reloaded before import = 0
Number of asset objects unloaded after import = 3
========================================================================
Received Import Request.
  Time since last request: 0.000031 seconds.
  path: Assets/RF Castle/decorative_116.asset
  artifactKey: Guid(0820243bce1a2da4cbbf770dad8b7315) Importer(815301076,1909f56bfc062723c751e8b465ee728b)
Start importing Assets/RF Castle/decorative_116.asset using Guid(0820243bce1a2da4cbbf770dad8b7315) Importer(815301076,1909f56bfc062723c751e8b465ee728b)  -> (artifact id: 'a4892096c591fda021f5b240f5c9354f') in 0.042804 seconds
Number of updated asset objects reloaded before import = 0
Number of asset objects unloaded after import = 3
========================================================================
Received Import Request.
  Time since last request: 0.000038 seconds.
  path: Assets/RF Castle/decorative_124.asset
  artifactKey: Guid(2dbcb1c8084826245867ce964286a6a6) Importer(815301076,1909f56bfc062723c751e8b465ee728b)
Start importing Assets/RF Castle/decorative_124.asset using Guid(2dbcb1c8084826245867ce964286a6a6) Importer(815301076,1909f56bfc062723c751e8b465ee728b)  -> (artifact id: '56ec443de3f46426394aa48be121729d') in 0.046010 seconds
Number of updated asset objects reloaded before import = 0
Number of asset objects unloaded after import = 3
========================================================================
Received Import Request.
  Time since last request: 0.000045 seconds.
  path: Assets/RF Castle/decorative_136.asset
  artifactKey: Guid(11a347ce35a10c94e8cb492d1e416445) Importer(815301076,1909f56bfc062723c751e8b465ee728b)
Start importing Assets/RF Castle/decorative_136.asset using Guid(11a347ce35a10c94e8cb492d1e416445) Importer(815301076,1909f56bfc062723c751e8b465ee728b)  -> (artifact id: '35086aa0646a046d98fd2b2344f31d30') in 0.045278 seconds
Number of updated asset objects reloaded before import = 0
Number of asset objects unloaded after import = 3
========================================================================
Received Import Request.
  Time since last request: 0.000034 seconds.
  path: Assets/RF Castle/decorative_160.asset
  artifactKey: Guid(f883c70739e4ac742ac3588b04db4df8) Importer(815301076,1909f56bfc062723c751e8b465ee728b)
Start importing Assets/RF Castle/decorative_160.asset using Guid(f883c70739e4ac742ac3588b04db4df8) Importer(815301076,1909f56bfc062723c751e8b465ee728b)  -> (artifact id: 'e35bad7e9376cdb8b0cf7c18fe65527c') in 0.036972 seconds
Number of updated asset objects reloaded before import = 0
Number of asset objects unloaded after import = 3
========================================================================
Received Import Request.
  Time since last request: 0.001156 seconds.
  path: Assets/RF Castle/decorative_123.asset
  artifactKey: Guid(4aaf91742fd0b26429bcec528b249998) Importer(815301076,1909f56bfc062723c751e8b465ee728b)
Start importing Assets/RF Castle/decorative_123.asset using Guid(4aaf91742fd0b26429bcec528b249998) Importer(815301076,1909f56bfc062723c751e8b465ee728b)  -> (artifact id: 'c4476117c4c6fa6567cbda031c36f3e2') in 0.037852 seconds
Number of updated asset objects reloaded before import = 0
Number of asset objects unloaded after import = 3
========================================================================
Received Import Request.
  Time since last request: 0.000031 seconds.
  path: Assets/RF Castle/decorative_137.asset
  artifactKey: Guid(6cc0fc0a5323c47488f710d452a2a713) Importer(815301076,1909f56bfc062723c751e8b465ee728b)
Start importing Assets/RF Castle/decorative_137.asset using Guid(6cc0fc0a5323c47488f710d452a2a713) Importer(815301076,1909f56bfc062723c751e8b465ee728b)  -> (artifact id: 'b4d380bfb55b04c6bba05169e63f7b53') in 0.052522 seconds
Number of updated asset objects reloaded before import = 0
Number of asset objects unloaded after import = 3
========================================================================
Received Import Request.
  Time since last request: 0.000039 seconds.
  path: Assets/RF Castle/decorative_152.asset
  artifactKey: Guid(b647c92e8130616438a008635b8fa70f) Importer(815301076,1909f56bfc062723c751e8b465ee728b)
Start importing Assets/RF Castle/decorative_152.asset using Guid(b647c92e8130616438a008635b8fa70f) Importer(815301076,1909f56bfc062723c751e8b465ee728b)  -> (artifact id: '9ec4cce114ac9c4e5ddafcde9972d1bc') in 0.053189 seconds
Number of updated asset objects reloaded before import = 0
Number of asset objects unloaded after import = 3
========================================================================
Received Import Request.
  Time since last request: 0.000041 seconds.
  path: Assets/RF Castle/decorative_122.asset
  artifactKey: Guid(65d402d287a808442b67b5f4543b5e1f) Importer(815301076,1909f56bfc062723c751e8b465ee728b)
Start importing Assets/RF Castle/decorative_122.asset using Guid(65d402d287a808442b67b5f4543b5e1f) Importer(815301076,1909f56bfc062723c751e8b465ee728b)  -> (artifact id: '37c28f038e3cc703fb365e32ad98012e') in 0.041593 seconds
Number of updated asset objects reloaded before import = 0
Number of asset objects unloaded after import = 3
========================================================================
Received Import Request.
  Time since last request: 0.000062 seconds.
  path: Assets/RF Castle/decorative_117.asset
  artifactKey: Guid(7eabddc7a2bfa05489c8b1d195488a5c) Importer(815301076,1909f56bfc062723c751e8b465ee728b)
Start importing Assets/RF Castle/decorative_117.asset using Guid(7eabddc7a2bfa05489c8b1d195488a5c) Importer(815301076,1909f56bfc062723c751e8b465ee728b)  -> (artifact id: '2668153a4a9efddb0087bb2b86534783') in 0.053484 seconds
Number of updated asset objects reloaded before import = 0
Number of asset objects unloaded after import = 3
Editor requested this worker to shutdown with reason: Scaling down because of idle timeout
TcpMessagingSession - receive error
AssetImportWorkerClient::OnTransportError - code=2 error=End of file
AssetImportWorker is now disconnected from the server
Process exiting
Exiting without the bug reporter. Application will terminate with return code 0